
--------------------------------------------------------------------------------
[log] Date: 2023-04-23
[log] Sample: 46_chr6
[log] Input file(s): extracted_files/46_chr6.extracted.fq.gz
[log] Reference: c5acf7a4342869351b2382b1cc1d1b5763e7e04e
--------------------------------------------------------------------------------
[alignment] Analyzing read length
[alignment] Pseudoaligning with Kallisto: 

	kallisto pseudo -i /Users/emilyhuntsman/Desktop/MS-S23/CompGen/Project/arcasHLA/scripts/../dat/ref/hla.idx -t 8 -o /tmp/arcas_c6ec5b76-443f-4610-8413-a6dfa030d310/ --single -l 200 -s 20 extracted_files/46_chr6.extracted.fq.gz

	
	[quant] fragment length distribution is truncated gaussian with mean = 200, sd = 20
	[index] k-mer length: 31
	[index] number of targets: 2,049
	[index] number of k-mers: 107,446
	[index] number of equivalence classes: 6,261
	[quant] running in single-end mode
	[quant] will process file 1: extracted_files/46_chr6.extracted.fq.gz
	[quant] finding pseudoalignments for the reads ... done
	[quant] processed 2,021,104 reads, 683,320 reads pseudoaligned
	
	
[alignment] Processing pseudoalignment
[alignment] Processed 2021104 reads, 56448 pseudoaligned to HLA reference
[alignment] 44112 reads mapped to a single HLA gene
[alignment] Observed HLA genes:
		gene          abundance    read count    classes
		HLA-A            15.57%          7602        286
		HLA-B            18.46%          8940        208
		HLA-C            13.03%          6382        256
		HLA-DMA           4.43%          1548          3
		HLA-DMB           2.31%           814          4
		HLA-DOA           0.10%            34          6
		HLA-DOB           0.10%            38          5
		HLA-DQA1          1.91%           654         44
		HLA-DQB1          1.95%           680         48
		HLA-DRA          13.03%          4434          6
		HLA-DRB1          6.38%          2272         54
		HLA-DRB3          0.58%           206          6
		HLA-DRB5          0.01%             2          1
		HLA-DRB7          0.01%             4          1
		HLA-E             8.23%          3968         12
		HLA-F            13.05%          6040          4
		HLA-G             0.00%             2          1
		HLA-H             0.05%            22          6
		HLA-J             0.00%             2          1
		HLA-K             0.06%            28          7
		HLA-L             0.56%           272          2
		HLA-P             0.17%           162          1
		HLA-Y             0.02%             6          1
--------------------------------------------------------------------------------
[genotype] Genotyping parameters:
		population: prior
		minimum count: 75
		max iterations: 1000
		tolerance: 1e-06
		drop iterations: 4
		drop threshold: 0.1
		zygosity threshold: 0.15
--------------------------------------------------------------------------------
[genotype] Genotyping HLA-A
[genotype] 7602 reads aligned to HLA-A in 286 classes
[genotype] Top 10 alleles by undivided read count:
		allele                  read count	
		A*68:01:02                    6148	
		A*68:71                       6118	
		A*68:01:01                    6106	
		A*68:139                      6100	
		A*68:07                       5980	
		A*68:105                      5978	
		A*68:17                       5978	
		A*68:03:01                    5974	
		A*68:05                       5974	
		A*68:08:01                    5942	

[genotype] Quantifying allele transcript abundance
[genotype] EM converged after 11 iterations

[genotype] Top alleles by abundance:
		allele                  abundance
		A*68:01:02                 60.67%
		A*02:01:01                 39.33%

[genotype] Pairs by % explained reads:
		allele pair                     explained	
		A*02:01:01, A*68:01:02              97.90%	

[genotype] Checking zygosity
[genotype] Likely heterozygous: minor/major nonshared count 0.65

[genotype] Most likely genotype explaining 7442 reads:
		A*02:01:01
		A*68:01:02
--------------------------------------------------------------------------------
[genotype] Genotyping HLA-B
[genotype] 8940 reads aligned to HLA-B in 208 classes
[genotype] Top 10 alleles by undivided read count:
		allele                  read count	
		B*44:02:01                    8690	
		B*44:08                       8690	
		B*44:19N                      8662	
		B*44:225                      8654	
		B*44:02:38                    8626	
		B*44:218                      8626	
		B*44:02:37                    8624	
		B*44:02:40                    8600	
		B*44:49                       8598	
		B*44:229                      8586	

[genotype] Quantifying allele transcript abundance
[genotype] EM converged after 10 iterations

[genotype] Top alleles by abundance:
		allele                  abundance
		B*44:02:01                100.00%

[genotype] Most likely genotype explaining 8690 reads:
		B*44:02:01
		B*44:02:01
--------------------------------------------------------------------------------
[genotype] Genotyping HLA-C
[genotype] 6382 reads aligned to HLA-C in 256 classes
[genotype] Top 10 alleles by undivided read count:
		allele                  read count	
		C*05:01:01                    3448	
		C*05:113N                     3400	
		C*05:98                       3366	
		C*05:92N                      3322	
		C*05:25                       3312	
		C*05:117                      3308	
		C*05:88                       3304	
		C*05:109                      3300	
		C*05:110                      3300	
		C*08:02:01                    3282	

[genotype] Quantifying allele transcript abundance
[genotype] EM converged after 8 iterations

[genotype] Top alleles by abundance:
		allele                  abundance
		C*05:01:01                 54.73%
		C*07:04:01                 45.27%

[genotype] Pairs by % explained reads:
		allele pair                     explained	
		C*07:04:01, C*05:01:01              98.12%	

[genotype] Checking zygosity
[genotype] Likely heterozygous: minor/major nonshared count 0.83

[genotype] Most likely genotype explaining 6262 reads:
		C*07:04:01
		C*05:01:01
--------------------------------------------------------------------------------
[genotype] Genotyping HLA-DPB1
[genotype] Not enough reads aligned to HLA-DPB1 to genotype.
--------------------------------------------------------------------------------
[genotype] Genotyping HLA-DQA1
[genotype] 654 reads aligned to HLA-DQA1 in 44 classes
[genotype] Top 10 alleles by undivided read count:
		allele                  read count	
		DQA1*01:01:01                  418	
		DQA1*01:05:01                  414	
		DQA1*01:05:02                  412	
		DQA1*01:01:02                  348	
		DQA1*01:01:03                  316	
		DQA1*05:05:01                  308	
		DQA1*05:09                     300	
		DQA1*05:08                     292	
		DQA1*01:04:01                  268	
		DQA1*01:07Q                    264	

[genotype] Quantifying allele transcript abundance
[genotype] EM converged after 12 iterations

[genotype] Top alleles by abundance:
		allele                  abundance
		DQA1*01:01:01              44.71%
		DQA1*05:05:01              40.38%
		DQA1*01:05:01              14.90%

[genotype] Pairs by % explained reads:
		allele pair                     explained	
		DQA1*01:01:01, DQA1*05:05:01        99.39%	
		DQA1*01:05:01, DQA1*05:05:01        98.78%	
		DQA1*01:05:01, DQA1*01:01:01        64.22%	

[genotype] Checking zygosity
[genotype] Likely heterozygous: minor/major nonshared count 0.68

[genotype] Most likely genotype explaining 650 reads:
		DQA1*01:01:01
		DQA1*05:05:01
--------------------------------------------------------------------------------
[genotype] Genotyping HLA-DQB1
[genotype] 680 reads aligned to HLA-DQB1 in 48 classes
[genotype] Top 10 alleles by undivided read count:
		allele                  read count	
		DQB1*05:01:01                  394	
		DQB1*05:45                     344	
		DQB1*05:02:01                  328	
		DQB1*05:102                    328	
		DQB1*05:02:08                  322	
		DQB1*05:46                     312	
		DQB1*05:56                     306	
		DQB1*05:57                     292	
		DQB1*03:01:01                  292	
		DQB1*05:02:07                  286	

[genotype] Quantifying allele transcript abundance
[genotype] EM converged after 7 iterations

[genotype] Top alleles by abundance:
		allele                  abundance
		DQB1*05:01:01              57.57%
		DQB1*03:01:01              42.43%

[genotype] Pairs by % explained reads:
		allele pair                     explained	
		DQB1*05:01:01, DQB1*03:01:01       100.00%	

[genotype] Checking zygosity
[genotype] Likely heterozygous: minor/major nonshared count 0.74

[genotype] Most likely genotype explaining 680 reads:
		DQB1*05:01:01
		DQB1*03:01:01
--------------------------------------------------------------------------------
[genotype] Genotyping HLA-DRB1
[genotype] 2272 reads aligned to HLA-DRB1 in 54 classes
[genotype] Top 10 alleles by undivided read count:
		allele                  read count	
		DRB1*11:01:01                 1240	
		DRB1*11:05                    1230	
		DRB1*11:19:01                 1210	
		DRB1*13:14:02                 1210	
		DRB1*14:02:01                 1206	
		DRB1*11:11:01                 1202	
		DRB1*11:14:01                 1202	
		DRB1*14:46                    1202	
		DRB1*11:09                    1200	
		DRB1*11:15                    1200	

[genotype] Quantifying allele transcript abundance
[genotype] EM converged after 7 iterations

[genotype] Top alleles by abundance:
		allele                  abundance
		DRB1*11:01:01              54.86%
		DRB1*01:01:01              45.14%

[genotype] Pairs by % explained reads:
		allele pair                     explained	
		DRB1*01:01:01, DRB1*11:01:01        99.12%	

[genotype] Checking zygosity
[genotype] Likely heterozygous: minor/major nonshared count 0.82

[genotype] Most likely genotype explaining 2252 reads:
		DRB1*01:01:01
		DRB1*11:01:01
--------------------------------------------------------------------------------

