
--------------------------------------------------------------------------------
[log] Date: 2023-04-23
[log] Sample: 103_chr6
[log] Input file(s): extracted_files/103_chr6.extracted.fq.gz
[log] Reference: c5acf7a4342869351b2382b1cc1d1b5763e7e04e
--------------------------------------------------------------------------------
[alignment] Analyzing read length
[alignment] Pseudoaligning with Kallisto: 

	kallisto pseudo -i /Users/emilyhuntsman/Desktop/MS-S23/CompGen/Project/arcasHLA/scripts/../dat/ref/hla.idx -t 8 -o /tmp/arcas_53dfea18-0b2d-496b-a24b-d27ec1257167/ --single -l 200 -s 20 extracted_files/103_chr6.extracted.fq.gz

	
	[quant] fragment length distribution is truncated gaussian with mean = 200, sd = 20
	[index] k-mer length: 31
	[index] number of targets: 2,049
	[index] number of k-mers: 107,446
	[index] number of equivalence classes: 6,261
	[quant] running in single-end mode
	[quant] will process file 1: extracted_files/103_chr6.extracted.fq.gz
	[quant] finding pseudoalignments for the reads ... done
	[quant] processed 1,523,094 reads, 485,410 reads pseudoaligned
	
	
[alignment] Processing pseudoalignment
[alignment] Processed 1523094 reads, 21774 pseudoaligned to HLA reference
[alignment] 19858 reads mapped to a single HLA gene
[alignment] Observed HLA genes:
		gene          abundance    read count    classes
		HLA-A             8.58%          1958         80
		HLA-B            14.52%          3288        184
		HLA-C             4.55%          1042         77
		HLA-DMA          14.51%          2372          2
		HLA-DMB           5.36%           882          3
		HLA-DOA           0.09%            14          3
		HLA-DOB           0.40%            68          5
		HLA-DPA1          0.01%             2          1
		HLA-DQA1          3.03%           484         18
		HLA-DQB1          0.80%           130         16
		HLA-DRA           5.73%           912          7
		HLA-DRB1         10.49%          1748         26
		HLA-DRB2          0.04%             4          1
		HLA-DRB3          0.28%            46          3
		HLA-DRB5          0.01%             2          1
		HLA-DRB7          0.02%             4          1
		HLA-E             5.23%          1178         14
		HLA-F            25.82%          5590          5
		HLA-H             0.07%            16          6
		HLA-K             0.23%            52          6
		HLA-L             0.17%            38          2
		HLA-P             0.06%            28          1
--------------------------------------------------------------------------------
[genotype] Genotyping parameters:
		population: prior
		minimum count: 75
		max iterations: 1000
		tolerance: 1e-06
		drop iterations: 4
		drop threshold: 0.1
		zygosity threshold: 0.15
--------------------------------------------------------------------------------
[genotype] Genotyping HLA-A
[genotype] 1958 reads aligned to HLA-A in 80 classes
[genotype] Top 10 alleles by undivided read count:
		allele                  read count	
		A*29:03                       1268	
		A*29:02:01                    1264	
		A*29:02:03                    1254	
		A*29:01:01                    1252	
		A*29:02:17                    1244	
		A*29:84                       1244	
		A*29:40                       1240	
		A*29:39                       1240	
		A*29:01:01                    1236	
		A*74:02:01                    1136	

[genotype] Quantifying allele transcript abundance
[genotype] EM converged after 15 iterations

[genotype] Top alleles by abundance:
		allele                  abundance
		A*29:02:01                 46.43%
		A*23:01:01                 35.22%
		A*29:03                    18.35%

[genotype] Pairs by % explained reads:
		allele pair                     explained	
		A*23:01:01, A*29:02:01              99.18%	
		A*23:01:01, A*29:03                 97.85%	
		A*29:02:01, A*29:03                 66.09%	

[genotype] Checking zygosity
[genotype] Likely heterozygous: minor/major nonshared count 0.56

[genotype] Most likely genotype explaining 1942 reads:
		A*23:01:01
		A*29:02:01
--------------------------------------------------------------------------------
[genotype] Genotyping HLA-B
[genotype] 3288 reads aligned to HLA-B in 184 classes
[genotype] Top 10 alleles by undivided read count:
		allele                  read count	
		B*42:01:01                    2382	
		B*42:02:01                    2370	
		B*08:132                      2354	
		B*08:146                      2290	
		B*08:26:03                    2286	
		B*08:01:01                    2284	
		B*08:128                      2284	
		B*08:56:02                    2284	
		B*08:145                      2282	
		B*08:01:29                    2278	

[genotype] Quantifying allele transcript abundance
[genotype] EM converged after 17 iterations

[genotype] Top alleles by abundance:
		allele                  abundance
		B*42:01:01                 62.93%
		B*58:01:01                 37.07%

[genotype] Pairs by % explained reads:
		allele pair                     explained	
		B*42:01:01, B*58:01:01              97.81%	

[genotype] Checking zygosity
[genotype] Likely heterozygous: minor/major nonshared count 0.59

[genotype] Most likely genotype explaining 3216 reads:
		B*42:01:01
		B*58:01:01
--------------------------------------------------------------------------------
[genotype] Genotyping HLA-C
[genotype] 1042 reads aligned to HLA-C in 77 classes
[genotype] Top 10 alleles by undivided read count:
		allele                  read count	
		C*17:01:01                     534	
		C*17:03                        526	
		C*17:05                        526	
		C*17:30                        512	
		C*07:18                        500	
		C*17:17                        498	
		C*07:19                        478	
		C*07:06                        468	
		C*07:01:01                     426	
		C*07:01:50                     422	

[genotype] Quantifying allele transcript abundance
[genotype] EM converged after 9 iterations

[genotype] Top alleles by abundance:
		allele                  abundance
		C*17:01:01                 51.24%
		C*07:18                    48.76%

[genotype] Pairs by % explained reads:
		allele pair                     explained	
		C*07:18, C*17:01:01                 99.04%	

[genotype] Checking zygosity
[genotype] Likely heterozygous: minor/major nonshared count 0.94

[genotype] Most likely genotype explaining 1032 reads:
		C*07:18
		C*17:01:01
--------------------------------------------------------------------------------
[genotype] Genotyping HLA-DPB1
[genotype] Not enough reads aligned to HLA-DPB1 to genotype.
--------------------------------------------------------------------------------
[genotype] Genotyping HLA-DQA1
[genotype] 484 reads aligned to HLA-DQA1 in 18 classes
[genotype] Top 10 alleles by undivided read count:
		allele                  read count	
		DQA1*04:01:01                  484	
		DQA1*04:01:02                  478	
		DQA1*06:01:01                  476	
		DQA1*04:02                     416	
		DQA1*05:01:01                  306	
		DQA1*05:03                     306	
		DQA1*05:06                     306	
		DQA1*05:05:01                  188	
		DQA1*05:09                     188	
		DQA1*05:11                     184	

[genotype] Quantifying allele transcript abundance
[genotype] EM converged after 9 iterations

[genotype] Top alleles by abundance:
		allele                  abundance
		DQA1*04:01:01             100.00%

[genotype] Most likely genotype explaining 484 reads:
		DQA1*04:01:01
		DQA1*04:01:01
--------------------------------------------------------------------------------
[genotype] Genotyping HLA-DQB1
[genotype] 130 reads aligned to HLA-DQB1 in 16 classes
[genotype] Top 10 alleles by undivided read count:
		allele                  read count	
		DQB1*04:02:01                  130	
		DQB1*04:02:05                  130	
		DQB1*03:05:01                  126	
		DQB1*03:100                    126	
		DQB1*04:01:01                  126	
		DQB1*03:02:01                  124	
		DQB1*03:02:11                  124	
		DQB1*03:03:02                  124	
		DQB1*03:03:08                  124	
		DQB1*03:95N                    124	

[genotype] Quantifying allele transcript abundance
[genotype] EM converged after 7 iterations

[genotype] Top alleles by abundance:
		allele                  abundance
		DQB1*04:02:01              50.00%
		DQB1*04:02:05              50.00%

[genotype] Pairs by % explained reads:
		allele pair                     explained	
		DQB1*04:02:01, DQB1*04:02:05       100.00%	

[genotype] Checking zygosity
[genotype] Unable to distinguish between minor and major alleles

[genotype] Most likely genotype explaining 130 reads:
		DQB1*04:02:01
		DQB1*04:02:05
--------------------------------------------------------------------------------
[genotype] Genotyping HLA-DRB1
[genotype] 1748 reads aligned to HLA-DRB1 in 26 classes
[genotype] Top 10 alleles by undivided read count:
		allele                  read count	
		DRB1*14:02:01                 1698	
		DRB1*14:06:01                 1690	
		DRB1*14:46                    1688	
		DRB1*14:24                    1686	
		DRB1*03:06                    1658	
		DRB1*13:26:01                 1658	
		DRB1*13:36                    1648	
		DRB1*11:01:01                 1624	
		DRB1*11:05                    1624	
		DRB1*11:09                    1624	

[genotype] Quantifying allele transcript abundance
[genotype] EM converged after 13 iterations

[genotype] Top alleles by abundance:
		allele                  abundance
		DRB1*14:02:01              70.00%
		DRB1*03:06                 30.00%

[genotype] Pairs by % explained reads:
		allele pair                     explained	
		DRB1*03:06, DRB1*14:02:01           98.86%	

[genotype] Checking zygosity
[genotype] Likely heterozygous: minor/major nonshared count 0.43

[genotype] Most likely genotype explaining 1728 reads:
		DRB1*03:06
		DRB1*14:02:01
--------------------------------------------------------------------------------

