
--------------------------------------------------------------------------------
[log] Date: 2023-04-23
[log] Sample: 108_chr6
[log] Input file(s): extracted_files/108_chr6.extracted.fq.gz
[log] Reference: c5acf7a4342869351b2382b1cc1d1b5763e7e04e
--------------------------------------------------------------------------------
[alignment] Analyzing read length
[alignment] Pseudoaligning with Kallisto: 

	kallisto pseudo -i /Users/emilyhuntsman/Desktop/MS-S23/CompGen/Project/arcasHLA/scripts/../dat/ref/hla.idx -t 8 -o /tmp/arcas_c03970ab-c6f5-4625-98ed-7ccd083ea5d8/ --single -l 200 -s 20 extracted_files/108_chr6.extracted.fq.gz

	
	[quant] fragment length distribution is truncated gaussian with mean = 200, sd = 20
	[index] k-mer length: 31
	[index] number of targets: 2,049
	[index] number of k-mers: 107,446
	[index] number of equivalence classes: 6,261
	[quant] running in single-end mode
	[quant] will process file 1: extracted_files/108_chr6.extracted.fq.gz
	[quant] finding pseudoalignments for the reads ... done
	[quant] processed 1,144,882 reads, 352,060 reads pseudoaligned
	
	
[alignment] Processing pseudoalignment
[alignment] Processed 1144882 reads, 12614 pseudoaligned to HLA reference
[alignment] 11748 reads mapped to a single HLA gene
[alignment] Observed HLA genes:
		gene          abundance    read count    classes
		HLA-A             8.45%          1124         81
		HLA-B            18.07%          2382        161
		HLA-C             4.31%           574         62
		HLA-DMA           9.08%           864          2
		HLA-DMB           8.45%           810          3
		HLA-DOA           0.02%             2          1
		HLA-DOB           0.66%            66          5
		HLA-DQA1          1.83%           170         12
		HLA-DQB1          0.95%            90         14
		HLA-DRA           5.81%           538          6
		HLA-DRB1          8.29%           804         26
		HLA-DRB2          0.03%             2          1
		HLA-DRB3          0.37%            36          4
		HLA-DRB7          0.02%             2          1
		HLA-E             5.61%           736         12
		HLA-F            27.50%          3466          4
		HLA-H             0.02%             2          1
		HLA-K             0.03%             4          1
		HLA-L             0.45%            60          2
		HLA-P             0.06%            16          1
--------------------------------------------------------------------------------
[genotype] Genotyping parameters:
		population: prior
		minimum count: 75
		max iterations: 1000
		tolerance: 1e-06
		drop iterations: 4
		drop threshold: 0.1
		zygosity threshold: 0.15
--------------------------------------------------------------------------------
[genotype] Genotyping HLA-A
[genotype] 1124 reads aligned to HLA-A in 81 classes
[genotype] Top 10 alleles by undivided read count:
		allele                  read count	
		A*23:01:01                     608	
		A*23:19N                       598	
		A*23:26                        588	
		A*23:06                        586	
		A*23:09                        584	
		A*23:38N                       582	
		A*29:03                        576	
		A*29:02:01                     568	
		A*23:17                        566	
		A*29:02:03                     566	

[genotype] Quantifying allele transcript abundance
[genotype] EM converged after 9 iterations

[genotype] Top alleles by abundance:
		allele                  abundance
		A*23:01:01                 51.89%
		A*29:02:01                 48.11%

[genotype] Pairs by % explained reads:
		allele pair                     explained	
		A*23:01:01, A*29:02:01              99.29%	

[genotype] Checking zygosity
[genotype] Likely heterozygous: minor/major nonshared count 0.93

[genotype] Most likely genotype explaining 1116 reads:
		A*23:01:01
		A*29:02:01
--------------------------------------------------------------------------------
[genotype] Genotyping HLA-B
[genotype] 2382 reads aligned to HLA-B in 161 classes
[genotype] Top 10 alleles by undivided read count:
		allele                  read count	
		B*42:01:01                    1702	
		B*42:02:01                    1696	
		B*08:132                      1684	
		B*08:146                      1634	
		B*08:01:01                    1630	
		B*08:128                      1630	
		B*08:145                      1630	
		B*08:26:03                    1630	
		B*08:56:02                    1630	
		B*08:148N                     1628	

[genotype] Quantifying allele transcript abundance
[genotype] EM converged after 20 iterations

[genotype] Top alleles by abundance:
		allele                  abundance
		B*42:01:01                 61.18%
		B*58:01:01                 38.82%

[genotype] Pairs by % explained reads:
		allele pair                     explained	
		B*58:01:01, B*42:01:01              97.98%	

[genotype] Checking zygosity
[genotype] Likely heterozygous: minor/major nonshared count 0.63

[genotype] Most likely genotype explaining 2334 reads:
		B*58:01:01
		B*42:01:01
--------------------------------------------------------------------------------
[genotype] Genotyping HLA-C
[genotype] 574 reads aligned to HLA-C in 62 classes
[genotype] Top 10 alleles by undivided read count:
		allele                  read count	
		C*17:01:01                     316	
		C*17:05                        312	
		C*17:03                        310	
		C*17:30                        298	
		C*17:17                        296	
		C*07:18                        256	
		C*07:19                        246	
		C*07:06                        240	
		C*07:01:01                     214	
		C*07:01:50                     210	

[genotype] Quantifying allele transcript abundance
[genotype] EM converged after 7 iterations

[genotype] Top alleles by abundance:
		allele                  abundance
		C*17:01:01                 54.88%
		C*07:18                    45.12%

[genotype] Pairs by % explained reads:
		allele pair                     explained	
		C*07:18, C*17:01:01                 99.30%	

[genotype] Checking zygosity
[genotype] Likely heterozygous: minor/major nonshared count 0.81

[genotype] Most likely genotype explaining 570 reads:
		C*07:18
		C*17:01:01
--------------------------------------------------------------------------------
[genotype] Genotyping HLA-DPB1
[genotype] Not enough reads aligned to HLA-DPB1 to genotype.
--------------------------------------------------------------------------------
[genotype] Genotyping HLA-DQA1
[genotype] 170 reads aligned to HLA-DQA1 in 12 classes
[genotype] Top 10 alleles by undivided read count:
		allele                  read count	
		DQA1*04:01:01                  168	
		DQA1*04:01:02                  166	
		DQA1*04:02                     164	
		DQA1*06:01:01                  158	
		DQA1*05:01:01                  128	
		DQA1*05:03                     128	
		DQA1*05:06                     128	
		DQA1*05:05:01                   76	
		DQA1*05:11                      76	
		DQA1*05:09                      74	

[genotype] Quantifying allele transcript abundance
[genotype] EM converged after 8 iterations

[genotype] Top alleles by abundance:
		allele                  abundance
		DQA1*04:01:01             100.00%

[genotype] Most likely genotype explaining 168 reads:
		DQA1*04:01:01
		DQA1*04:01:01
--------------------------------------------------------------------------------
[genotype] Genotyping HLA-DQB1
[genotype] 90 reads aligned to HLA-DQB1 in 14 classes
[genotype] Top 10 alleles by undivided read count:
		allele                  read count	
		DQB1*04:02:01                   90	
		DQB1*04:01:01                   88	
		DQB1*04:02:05                   88	
		DQB1*03:100                     86	
		DQB1*03:05:01                   84	
		DQB1*03:02:01                   82	
		DQB1*03:02:11                   82	
		DQB1*03:03:02                   82	
		DQB1*03:03:08                   82	
		DQB1*03:95N                     82	

[genotype] Quantifying allele transcript abundance
[genotype] EM converged after 8 iterations

[genotype] Top alleles by abundance:
		allele                  abundance
		DQB1*04:02:01             100.00%

[genotype] Most likely genotype explaining 90 reads:
		DQB1*04:02:01
		DQB1*04:02:01
--------------------------------------------------------------------------------
[genotype] Genotyping HLA-DRB1
[genotype] 804 reads aligned to HLA-DRB1 in 26 classes
[genotype] Top 10 alleles by undivided read count:
		allele                  read count	
		DRB1*14:02:01                  762	
		DRB1*14:06:01                  754	
		DRB1*14:46                     754	
		DRB1*14:24                     748	
		DRB1*03:06                     718	
		DRB1*13:26:01                  716	
		DRB1*13:36                     710	
		DRB1*11:01:01                  690	
		DRB1*11:05                     690	
		DRB1*11:09                     690	

[genotype] Quantifying allele transcript abundance
[genotype] EM converged after 10 iterations

[genotype] Top alleles by abundance:
		allele                  abundance
		DRB1*14:02:01              72.92%
		DRB1*03:06                 27.08%

[genotype] Pairs by % explained reads:
		allele pair                     explained	
		DRB1*03:06, DRB1*14:02:01           98.01%	

[genotype] Checking zygosity
[genotype] Likely heterozygous: minor/major nonshared count 0.37

[genotype] Most likely genotype explaining 788 reads:
		DRB1*03:06
		DRB1*14:02:01
--------------------------------------------------------------------------------

