
--------------------------------------------------------------------------------
[log] Date: 2023-04-23
[log] Sample: 40_chr6
[log] Input file(s): extracted_files/40_chr6.extracted.fq.gz
[log] Reference: c5acf7a4342869351b2382b1cc1d1b5763e7e04e
--------------------------------------------------------------------------------
[alignment] Analyzing read length
[alignment] Pseudoaligning with Kallisto: 

	kallisto pseudo -i /Users/emilyhuntsman/Desktop/MS-S23/CompGen/Project/arcasHLA/scripts/../dat/ref/hla.idx -t 8 -o /tmp/arcas_c9aa8936-8028-4450-8576-0a5b57f8b4bf/ --single -l 200 -s 20 extracted_files/40_chr6.extracted.fq.gz

	
	[quant] fragment length distribution is truncated gaussian with mean = 200, sd = 20
	[index] k-mer length: 31
	[index] number of targets: 2,049
	[index] number of k-mers: 107,446
	[index] number of equivalence classes: 6,261
	[quant] running in single-end mode
	[quant] will process file 1: extracted_files/40_chr6.extracted.fq.gz
	[quant] finding pseudoalignments for the reads ... done
	[quant] processed 2,403,238 reads, 1,149,388 reads pseudoaligned
	
	
[alignment] Processing pseudoalignment
[alignment] Processed 2403238 reads, 52232 pseudoaligned to HLA reference
[alignment] 40416 reads mapped to a single HLA gene
[alignment] Observed HLA genes:
		gene          abundance    read count    classes
		HLA-A            10.02%          4814        190
		HLA-B            10.49%          4996        261
		HLA-C             5.49%          2642        155
		HLA-DMA           5.83%          2004          2
		HLA-DMB           1.22%           422          4
		HLA-DOA           0.01%             2          1
		HLA-DOB           0.13%            48          4
		HLA-DPA1          0.01%             2          1
		HLA-DPB1          0.01%             2          1
		HLA-DQA1         33.23%         11162         36
		HLA-DQB1          1.21%           416         49
		HLA-DRA           5.64%          1888          7
		HLA-DRB1          3.50%          1226         30
		HLA-DRB2          0.04%            10          1
		HLA-DRB3          0.10%            34          4
		HLA-DRB4          0.91%           318          2
		HLA-E            16.25%          7706         16
		HLA-F             5.36%          2442          6
		HLA-G             0.00%             2          1
		HLA-H             0.07%            32          9
		HLA-J             0.00%             2          1
		HLA-K             0.11%            52          4
		HLA-L             0.31%           148          2
		HLA-P             0.05%            44          1
		HLA-Y             0.01%             2          1
--------------------------------------------------------------------------------
[genotype] Genotyping parameters:
		population: prior
		minimum count: 75
		max iterations: 1000
		tolerance: 1e-06
		drop iterations: 4
		drop threshold: 0.1
		zygosity threshold: 0.15
--------------------------------------------------------------------------------
[genotype] Genotyping HLA-A
[genotype] 4814 reads aligned to HLA-A in 190 classes
[genotype] Top 10 alleles by undivided read count:
		allele                  read count	
		A*11:01:01                    2606	
		A*11:69N                      2606	
		A*11:56                       2600	
		A*11:74                       2594	
		A*11:02:01                    2592	
		A*11:75                       2584	
		A*11:01:18                    2582	
		A*11:210N                     2580	
		A*11:61                       2576	
		A*11:01:72                    2574	

[genotype] Quantifying allele transcript abundance
[genotype] EM converged after 22 iterations

[genotype] Top alleles by abundance:
		allele                  abundance
		A*11:01:01                 57.42%
		A*02:02:01                 31.80%
		A*68:01:02                 10.78%

[genotype] Pairs by % explained reads:
		allele pair                     explained	
		A*11:01:01, A*02:02:01              91.11%	
		A*11:01:01, A*68:01:02              84.96%	
		A*02:02:01, A*68:01:02              40.51%	

[genotype] Checking zygosity
[genotype] Likely heterozygous: minor/major nonshared count 0.68

[genotype] Most likely genotype explaining 4386 reads:
		A*11:01:01
		A*02:02:01
--------------------------------------------------------------------------------
[genotype] Genotyping HLA-B
[genotype] 4996 reads aligned to HLA-B in 261 classes
[genotype] Top 10 alleles by undivided read count:
		allele                  read count	
		B*41:01:01                    2808	
		B*41:35                       2802	
		B*41:02:01                    2758	
		B*41:41                       2758	
		B*41:02:06                    2738	
		B*08:01:32                    2710	
		B*08:26:03                    2710	
		B*08:01:01                    2708	
		B*08:01:29                    2708	
		B*08:02                       2708	

[genotype] Quantifying allele transcript abundance
[genotype] EM converged after 13 iterations

[genotype] Top alleles by abundance:
		allele                  abundance
		B*41:01:01                 49.67%
		B*15:02:01                 37.68%
		B*51:01:01                 12.65%

[genotype] Pairs by % explained reads:
		allele pair                     explained	
		B*15:02:01, B*41:01:01              92.19%	
		B*51:01:01, B*41:01:01              80.26%	
		B*15:02:01, B*51:01:01              62.21%	

[genotype] Checking zygosity
[genotype] Likely heterozygous: minor/major nonshared count 0.84

[genotype] Most likely genotype explaining 4606 reads:
		B*15:02:01
		B*41:01:01
--------------------------------------------------------------------------------
[genotype] Genotyping HLA-C
[genotype] 2642 reads aligned to HLA-C in 155 classes
[genotype] Top 10 alleles by undivided read count:
		allele                  read count	
		C*17:01:01                    1636	
		C*17:03                       1632	
		C*17:05                       1598	
		C*17:30                       1572	
		C*17:17                       1538	
		C*08:01:01                    1474	
		C*08:36N                      1458	
		C*08:21                       1456	
		C*08:24                       1450	
		C*08:41                       1436	

[genotype] Quantifying allele transcript abundance
[genotype] EM converged after 17 iterations

[genotype] Top alleles by abundance:
		allele                  abundance
		C*17:01:01                 45.36%
		C*08:01:01                 25.38%
		C*14:02:01                 22.07%
		C*08:72:02                  7.18%

[genotype] Pairs by % explained reads:
		allele pair                     explained	
		C*17:01:01, C*08:01:01              82.51%	
		C*08:72:02, C*17:01:01              80.70%	
		C*17:01:01, C*14:02:01              78.43%	
		C*08:01:01, C*14:02:01              66.46%	
		C*08:72:02, C*14:02:01              65.25%	
		C*08:72:02, C*08:01:01              56.40%	

[genotype] Checking zygosity
[genotype] Likely heterozygous: minor/major nonshared count 0.77

[genotype] Most likely genotype explaining 2180 reads:
		C*17:01:01
		C*08:01:01
--------------------------------------------------------------------------------
[genotype] Genotyping HLA-DPB1
[genotype] Not enough reads aligned to HLA-DPB1 to genotype.
--------------------------------------------------------------------------------
[genotype] Genotyping HLA-DQA1
[genotype] 11162 reads aligned to HLA-DQA1 in 36 classes
[genotype] Top 10 alleles by undivided read count:
		allele                  read count	
		DQA1*03:02                   10726	
		DQA1*03:03:01                10720	
		DQA1*03:03:02                10578	
		DQA1*03:01:01                 9898	
		DQA1*02:01:01                 3666	
		DQA1*06:01:01                  364	
		DQA1*04:01:01                  362	
		DQA1*04:01:02                  362	
		DQA1*01:03:01                  294	
		DQA1*01:10                     294	

[genotype] Quantifying allele transcript abundance
[genotype] EM converged after 12 iterations

[genotype] Top alleles by abundance:
		allele                  abundance
		DQA1*03:02                100.00%

[genotype] Most likely genotype explaining 10726 reads:
		DQA1*03:02
		DQA1*03:02
--------------------------------------------------------------------------------
[genotype] Genotyping HLA-DQB1
[genotype] 416 reads aligned to HLA-DQB1 in 49 classes
[genotype] Top 10 alleles by undivided read count:
		allele                  read count	
		DQB1*05:03:01                  268	
		DQB1*05:02:01                  208	
		DQB1*05:02:08                  208	
		DQB1*05:56                     202	
		DQB1*05:102                    200	
		DQB1*05:46                     194	
		DQB1*05:01:01                  190	
		DQB1*05:57                     186	
		DQB1*05:02:07                  166	
		DQB1*05:47                     162	

[genotype] Quantifying allele transcript abundance
[genotype] EM converged after 8 iterations

[genotype] Top alleles by abundance:
		allele                  abundance
		DQB1*05:03:01              53.87%
		DQB1*05:02:01              13.52%
		DQB1*05:02:08              13.52%
		DQB1*03:03:02               9.55%
		DQB1*03:03:08               9.55%

[genotype] Pairs by % explained reads:
		allele pair                     explained	
		DQB1*05:03:01, DQB1*03:03:08        82.21%	
		DQB1*05:03:01, DQB1*05:02:08        77.40%	
		DQB1*05:02:08, DQB1*03:03:08        67.79%	

[genotype] Checking zygosity
[genotype] Likely heterozygous: minor/major nonshared count 0.28

[genotype] Most likely genotype explaining 342 reads:
		DQB1*05:03:01
		DQB1*03:03:02
--------------------------------------------------------------------------------
[genotype] Genotyping HLA-DRB1
[genotype] 1226 reads aligned to HLA-DRB1 in 30 classes
[genotype] Top 10 alleles by undivided read count:
		allele                  read count	
		DRB1*14:10                     806	
		DRB1*14:54:01                  806	
		DRB1*14:04:01                  804	
		DRB1*14:08                     802	
		DRB1*14:05:01                  800	
		DRB1*14:11                     800	
		DRB1*14:01:01                  798	
		DRB1*13:08                     796	
		DRB1*11:13:02                  794	
		DRB1*14:07:01                  794	

[genotype] Quantifying allele transcript abundance
[genotype] EM converged after 13 iterations

[genotype] Top alleles by abundance:
		allele                  abundance
		DRB1*14:54:01              44.47%
		DRB1*09:01:02              30.24%
		DRB1*13:01:01              13.95%
		DRB1*14:10                 11.34%

[genotype] Pairs by % explained reads:
		allele pair                     explained	
		DRB1*14:10, DRB1*09:01:02           94.45%	
		DRB1*14:54:01, DRB1*09:01:02        94.45%	
		DRB1*13:01:01, DRB1*09:01:02        92.99%	
		DRB1*13:01:01, DRB1*14:10           66.23%	
		DRB1*13:01:01, DRB1*14:54:01        66.23%	
		DRB1*14:10, DRB1*14:54:01           65.74%	

[genotype] Checking zygosity
[genotype] Likely heterozygous: minor/major nonshared count 0.44

[genotype] Most likely genotype explaining 1158 reads:
		DRB1*14:54:01
		DRB1*09:01:02
--------------------------------------------------------------------------------

