
--------------------------------------------------------------------------------
[log] Date: 2023-04-23
[log] Sample: 47_chr6
[log] Input file(s): extracted_files/47_chr6.extracted.fq.gz
[log] Reference: c5acf7a4342869351b2382b1cc1d1b5763e7e04e
--------------------------------------------------------------------------------
[alignment] Analyzing read length
[alignment] Pseudoaligning with Kallisto: 

	kallisto pseudo -i /Users/emilyhuntsman/Desktop/MS-S23/CompGen/Project/arcasHLA/scripts/../dat/ref/hla.idx -t 8 -o /tmp/arcas_5df94425-3956-4374-ba70-0665f30db640/ --single -l 200 -s 20 extracted_files/47_chr6.extracted.fq.gz

	
	[quant] fragment length distribution is truncated gaussian with mean = 200, sd = 20
	[index] k-mer length: 31
	[index] number of targets: 2,049
	[index] number of k-mers: 107,446
	[index] number of equivalence classes: 6,261
	[quant] running in single-end mode
	[quant] will process file 1: extracted_files/47_chr6.extracted.fq.gz
	[quant] finding pseudoalignments for the reads ... done
	[quant] processed 2,598,342 reads, 1,193,374 reads pseudoaligned
	
	
[alignment] Processing pseudoalignment
[alignment] Processed 2598342 reads, 67184 pseudoaligned to HLA reference
[alignment] 56682 reads mapped to a single HLA gene
[alignment] Observed HLA genes:
		gene          abundance    read count    classes
		HLA-A             8.89%          5782        212
		HLA-B            11.50%          7418        317
		HLA-C            10.85%          7074        228
		HLA-DMA           8.85%          4120          2
		HLA-DMB           4.42%          2072          4
		HLA-DOA           0.07%            32          4
		HLA-DOB           0.32%           154          5
		HLA-DPA1          0.00%             2          1
		HLA-DPB1          0.00%             2          1
		HLA-DQA1          3.35%          1522         51
		HLA-DQB1          2.16%          1006         38
		HLA-DRA          12.85%          5824          7
		HLA-DRB1          7.24%          3436         65
		HLA-DRB2          0.01%             4          1
		HLA-DRB3          0.54%           256          6
		HLA-DRB4          0.00%             2          1
		HLA-DRB5          0.01%             4          1
		HLA-DRB7          0.00%             2          1
		HLA-E             4.71%          3024         15
		HLA-F            23.86%         14710          6
		HLA-G             0.01%             6          3
		HLA-H             0.07%            48         10
		HLA-J             0.00%             2          1
		HLA-K             0.02%            10          3
		HLA-L             0.15%           100          2
		HLA-P             0.02%            30          1
		HLA-Y             0.08%            40          4
--------------------------------------------------------------------------------
[genotype] Genotyping parameters:
		population: prior
		minimum count: 75
		max iterations: 1000
		tolerance: 1e-06
		drop iterations: 4
		drop threshold: 0.1
		zygosity threshold: 0.15
--------------------------------------------------------------------------------
[genotype] Genotyping HLA-A
[genotype] 5782 reads aligned to HLA-A in 212 classes
[genotype] Top 10 alleles by undivided read count:
		allele                  read count	
		A*68:02:01                    3456	
		A*68:18N                      3390	
		A*68:140                      3378	
		A*68:71                       3342	
		A*68:01:01                    3320	
		A*68:01:02                    3318	
		A*68:07                       3318	
		A*68:139                      3318	
		A*68:105                      3312	
		A*68:17                       3310	

[genotype] Quantifying allele transcript abundance
[genotype] EM converged after 10 iterations

[genotype] Top alleles by abundance:
		allele                  abundance
		A*68:02:01                 59.72%
		A*03:01:01                 40.28%

[genotype] Pairs by % explained reads:
		allele pair                     explained	
		A*03:01:01, A*68:02:01              98.55%	

[genotype] Checking zygosity
[genotype] Likely heterozygous: minor/major nonshared count 0.67

[genotype] Most likely genotype explaining 5698 reads:
		A*03:01:01
		A*68:02:01
--------------------------------------------------------------------------------
[genotype] Genotyping HLA-B
[genotype] 7418 reads aligned to HLA-B in 317 classes
[genotype] Top 10 alleles by undivided read count:
		allele                  read count	
		B*81:01                       4134	
		B*35:01:01                    3400	
		B*35:263                      3350	
		B*35:42:01                    3348	
		B*35:07                       3336	
		B*35:286                      3282	
		B*35:20:01                    3266	
		B*35:313                      3264	
		B*35:05:01                    3258	
		B*53:01:01                    3254	

[genotype] Quantifying allele transcript abundance
[genotype] EM converged after 7 iterations

[genotype] Top alleles by abundance:
		allele                  abundance
		B*81:01                    55.25%
		B*35:01:01                 44.75%

[genotype] Pairs by % explained reads:
		allele pair                     explained	
		B*81:01, B*35:01:01                 97.90%	

[genotype] Checking zygosity
[genotype] Likely heterozygous: minor/major nonshared count 0.81

[genotype] Most likely genotype explaining 7262 reads:
		B*81:01
		B*35:01:01
--------------------------------------------------------------------------------
[genotype] Genotyping HLA-C
[genotype] 7074 reads aligned to HLA-C in 228 classes
[genotype] Top 10 alleles by undivided read count:
		allele                  read count	
		C*18:01                       6090	
		C*18:02                       5904	
		C*04:01:01                    5814	
		C*18:10                       5804	
		C*04:145                      5788	
		C*04:198                      5788	
		C*04:71                       5784	
		C*04:42:01                    5774	
		C*04:42:02                    5772	
		C*04:200                      5768	

[genotype] Quantifying allele transcript abundance
[genotype] EM converged after 10 iterations

[genotype] Top alleles by abundance:
		allele                  abundance
		C*18:01                    56.53%
		C*04:01:01                 43.47%

[genotype] Pairs by % explained reads:
		allele pair                     explained	
		C*18:01, C*04:01:01                 99.07%	

[genotype] Checking zygosity
[genotype] Likely heterozygous: minor/major nonshared count 0.77

[genotype] Most likely genotype explaining 7008 reads:
		C*18:01
		C*04:01:01
--------------------------------------------------------------------------------
[genotype] Genotyping HLA-DPB1
[genotype] Not enough reads aligned to HLA-DPB1 to genotype.
--------------------------------------------------------------------------------
[genotype] Genotyping HLA-DQA1
[genotype] 1522 reads aligned to HLA-DQA1 in 51 classes
[genotype] Top 10 alleles by undivided read count:
		allele                  read count	
		DQA1*01:01:01                  980	
		DQA1*01:05:01                  930	
		DQA1*01:05:02                  930	
		DQA1*05:05:01                  672	
		DQA1*05:09                     666	
		DQA1*01:04:01                  640	
		DQA1*01:07Q                    622	
		DQA1*01:04:02                  620	
		DQA1*05:08                     614	
		DQA1*01:01:02                  606	

[genotype] Quantifying allele transcript abundance
[genotype] EM converged after 7 iterations

[genotype] Top alleles by abundance:
		allele                  abundance
		DQA1*01:01:01              61.09%
		DQA1*05:05:01              38.91%

[genotype] Pairs by % explained reads:
		allele pair                     explained	
		DQA1*01:01:01, DQA1*05:05:01        99.47%	

[genotype] Checking zygosity
[genotype] Likely heterozygous: minor/major nonshared count 0.63

[genotype] Most likely genotype explaining 1514 reads:
		DQA1*01:01:01
		DQA1*05:05:01
--------------------------------------------------------------------------------
[genotype] Genotyping HLA-DQB1
[genotype] 1006 reads aligned to HLA-DQB1 in 38 classes
[genotype] Top 10 alleles by undivided read count:
		allele                  read count	
		DQB1*05:01:01                  506	
		DQB1*05:45                     484	
		DQB1*05:02:01                  468	
		DQB1*05:02:08                  468	
		DQB1*05:102                    468	
		DQB1*05:46                     462	
		DQB1*05:57                     456	
		DQB1*05:56                     450	
		DQB1*03:01:01                  438	
		DQB1*03:01:08                  430	

[genotype] Quantifying allele transcript abundance
[genotype] EM converged after 11 iterations

[genotype] Top alleles by abundance:
		allele                  abundance
		DQB1*05:01:01              53.63%
		DQB1*03:01:01              46.37%

[genotype] Pairs by % explained reads:
		allele pair                     explained	
		DQB1*05:01:01, DQB1*03:01:01        93.44%	

[genotype] Checking zygosity
[genotype] Likely heterozygous: minor/major nonshared count 0.86

[genotype] Most likely genotype explaining 940 reads:
		DQB1*05:01:01
		DQB1*03:01:01
--------------------------------------------------------------------------------
[genotype] Genotyping HLA-DRB1
[genotype] 3436 reads aligned to HLA-DRB1 in 65 classes
[genotype] Top 10 alleles by undivided read count:
		allele                  read count	
		DRB1*11:02:01                 2504	
		DRB1*11:03:01                 2440	
		DRB1*11:04:01                 2432	
		DRB1*13:04                    2428	
		DRB1*13:17                    2420	
		DRB1*13:11:01                 2418	
		DRB1*13:01:01                 2404	
		DRB1*14:06:01                 2404	
		DRB1*11:21                    2396	
		DRB1*11:14:01                 2392	

[genotype] Quantifying allele transcript abundance
[genotype] EM converged after 7 iterations

[genotype] Top alleles by abundance:
		allele                  abundance
		DRB1*11:02:01              73.64%
		DRB1*01:01:01              26.36%

[genotype] Pairs by % explained reads:
		allele pair                     explained	
		DRB1*11:02:01, DRB1*01:01:01        98.84%	

[genotype] Checking zygosity
[genotype] Likely heterozygous: minor/major nonshared count 0.36

[genotype] Most likely genotype explaining 3396 reads:
		DRB1*11:02:01
		DRB1*01:01:01
--------------------------------------------------------------------------------

