
--------------------------------------------------------------------------------
[log] Date: 2023-04-23
[log] Sample: 64_chr6
[log] Input file(s): extracted_files/64_chr6.extracted.fq.gz
[log] Reference: c5acf7a4342869351b2382b1cc1d1b5763e7e04e
--------------------------------------------------------------------------------
[alignment] Analyzing read length
[alignment] Pseudoaligning with Kallisto: 

	kallisto pseudo -i /Users/emilyhuntsman/Desktop/MS-S23/CompGen/Project/arcasHLA/scripts/../dat/ref/hla.idx -t 8 -o /tmp/arcas_af77bb0a-f3de-4cbc-a8af-0f636a89612b/ --single -l 200 -s 20 extracted_files/64_chr6.extracted.fq.gz

	
	[quant] fragment length distribution is truncated gaussian with mean = 200, sd = 20
	[index] k-mer length: 31
	[index] number of targets: 2,049
	[index] number of k-mers: 107,446
	[index] number of equivalence classes: 6,261
	[quant] running in single-end mode
	[quant] will process file 1: extracted_files/64_chr6.extracted.fq.gz
	[quant] finding pseudoalignments for the reads ... done
	[quant] processed 1,618,672 reads, 485,638 reads pseudoaligned
	
	
[alignment] Processing pseudoalignment
[alignment] Processed 1618672 reads, 66596 pseudoaligned to HLA reference
[alignment] 60868 reads mapped to a single HLA gene
[alignment] Observed HLA genes:
		gene          abundance    read count    classes
		HLA-A            21.64%         14090        244
		HLA-B            25.56%         16504        354
		HLA-C            10.37%          6770        214
		HLA-DMA           2.74%          1276          2
		HLA-DMB           2.09%           980          3
		HLA-DOA           0.14%            64         12
		HLA-DOB           0.42%           204          7
		HLA-DPB1          0.00%             2          1
		HLA-DQA1          1.53%           696         21
		HLA-DQB1          0.93%           432         14
		HLA-DRA           6.93%          3146          8
		HLA-DRB1          4.43%          2104         32
		HLA-DRB2          0.02%             6          1
		HLA-DRB3          0.45%           216          6
		HLA-E             7.67%          4932         14
		HLA-F            14.18%          8756          6
		HLA-G             0.00%             2          1
		HLA-H             0.09%            60         11
		HLA-J             0.02%            12          3
		HLA-K             0.05%            30         10
		HLA-L             0.54%           354          3
		HLA-P             0.18%           228          1
		HLA-Y             0.01%             4          1
--------------------------------------------------------------------------------
[genotype] Genotyping parameters:
		population: prior
		minimum count: 75
		max iterations: 1000
		tolerance: 1e-06
		drop iterations: 4
		drop threshold: 0.1
		zygosity threshold: 0.15
--------------------------------------------------------------------------------
[genotype] Genotyping HLA-A
[genotype] 14090 reads aligned to HLA-A in 244 classes
[genotype] Top 10 alleles by undivided read count:
		allele                  read count	
		A*01:37                      12840	
		A*01:01:01                   12836	
		A*01:01:38                   12802	
		A*11:01:01                   12688	
		A*11:69N                     12688	
		A*01:09                      12654	
		A*01:02                      12642	
		A*11:56                      12630	
		A*11:74                      12610	
		A*01:04N                     12586	

[genotype] Quantifying allele transcript abundance
[genotype] EM converged after 19 iterations

[genotype] Top alleles by abundance:
		allele                  abundance
		A*01:01:01                 47.80%
		A*11:01:01                 46.34%
		A*01:01:71                  5.86%

[genotype] Pairs by % explained reads:
		allele pair                     explained	
		A*01:01:01, A*11:01:01              98.74%	

[genotype] Checking zygosity
[genotype] Likely heterozygous: minor/major nonshared count 0.85

[genotype] Most likely genotype explaining 13912 reads:
		A*01:01:01
		A*11:01:01
--------------------------------------------------------------------------------
[genotype] Genotyping HLA-B
[genotype] 16504 reads aligned to HLA-B in 354 classes
[genotype] Top 10 alleles by undivided read count:
		allele                  read count	
		B*08:01:01                   16116	
		B*08:128                     15798	
		B*08:56:02                   15708	
		B*08:26:03                   15600	
		B*08:33                      15510	
		B*08:01:32                   15506	
		B*08:29                      15474	
		B*08:136                     15472	
		B*08:01:29                   15434	
		B*08:155                     15424	

[genotype] Quantifying allele transcript abundance
[genotype] EM converged after 9 iterations

[genotype] Top alleles by abundance:
		allele                  abundance
		B*08:01:01                100.00%

[genotype] Most likely genotype explaining 16116 reads:
		B*08:01:01
		B*08:01:01
--------------------------------------------------------------------------------
[genotype] Genotyping HLA-C
[genotype] 6770 reads aligned to HLA-C in 214 classes
[genotype] Top 10 alleles by undivided read count:
		allele                  read count	
		C*07:01:01                    6654	
		C*07:01:50                    6630	
		C*07:26:01                    6522	
		C*07:36                       6466	
		C*07:422                      6460	
		C*07:205                      6454	
		C*07:385                      6452	
		C*07:386                      6362	
		C*07:412                      6362	
		C*07:30                       6352	

[genotype] Quantifying allele transcript abundance
[genotype] EM converged after 8 iterations

[genotype] Top alleles by abundance:
		allele                  abundance
		C*07:01:01                 63.04%
		C*07:01:50                 36.96%

[genotype] Pairs by % explained reads:
		allele pair                     explained	
		C*07:01:01, C*07:01:50              98.79%	

[genotype] Checking zygosity
[genotype] Likely heterozygous: minor/major nonshared count 0.59

[genotype] Most likely genotype explaining 6688 reads:
		C*07:01:01
		C*07:01:50
--------------------------------------------------------------------------------
[genotype] Genotyping HLA-DPB1
[genotype] Not enough reads aligned to HLA-DPB1 to genotype.
--------------------------------------------------------------------------------
[genotype] Genotyping HLA-DQA1
[genotype] 696 reads aligned to HLA-DQA1 in 21 classes
[genotype] Top 10 alleles by undivided read count:
		allele                  read count	
		DQA1*05:01:01                  696	
		DQA1*05:03                     602	
		DQA1*05:06                     594	
		DQA1*04:01:01                  452	
		DQA1*04:01:02                  452	
		DQA1*06:01:01                  452	
		DQA1*04:02                     432	
		DQA1*05:05:01                  316	
		DQA1*05:07                     314	
		DQA1*05:11                     312	

[genotype] Quantifying allele transcript abundance
[genotype] EM converged after 7 iterations

[genotype] Top alleles by abundance:
		allele                  abundance
		DQA1*05:01:01             100.00%

[genotype] Most likely genotype explaining 696 reads:
		DQA1*05:01:01
		DQA1*05:01:01
--------------------------------------------------------------------------------
[genotype] Genotyping HLA-DQB1
[genotype] 432 reads aligned to HLA-DQB1 in 14 classes
[genotype] Top 10 alleles by undivided read count:
		allele                  read count	
		DQB1*02:01:01                  432	
		DQB1*02:53Q                    432	
		DQB1*02:01:08                  412	
		DQB1*02:02:01                  376	
		DQB1*02:12                     368	
		DQB1*02:62                     366	
		DQB1*03:03:09                   30	
		DQB1*03:02:01                   22	
		DQB1*03:02:11                   22	
		DQB1*03:03:02                   22	

[genotype] Quantifying allele transcript abundance
[genotype] EM converged after 7 iterations

[genotype] Top alleles by abundance:
		allele                  abundance
		DQB1*02:01:01             100.00%

[genotype] Most likely genotype explaining 432 reads:
		DQB1*02:01:01
		DQB1*02:01:01
--------------------------------------------------------------------------------
[genotype] Genotyping HLA-DRB1
[genotype] 2104 reads aligned to HLA-DRB1 in 32 classes
[genotype] Top 10 alleles by undivided read count:
		allele                  read count	
		DRB1*03:01:01                 2066	
		DRB1*03:07                    2010	
		DRB1*03:04:01                 1976	
		DRB1*03:06                    1966	
		DRB1*03:01:02                 1950	
		DRB1*03:15                    1950	
		DRB1*13:27                    1938	
		DRB1*14:21                    1796	
		DRB1*13:20                    1790	
		DRB1*14:17                    1790	

[genotype] Quantifying allele transcript abundance
[genotype] EM converged after 7 iterations

[genotype] Top alleles by abundance:
		allele                  abundance
		DRB1*03:01:01             100.00%

[genotype] Most likely genotype explaining 2066 reads:
		DRB1*03:01:01
		DRB1*03:01:01
--------------------------------------------------------------------------------

