
--------------------------------------------------------------------------------
[log] Date: 2023-04-23
[log] Sample: 60_chr6
[log] Input file(s): extracted_files/60_chr6.extracted.fq.gz
[log] Reference: c5acf7a4342869351b2382b1cc1d1b5763e7e04e
--------------------------------------------------------------------------------
[alignment] Analyzing read length
[alignment] Pseudoaligning with Kallisto: 

	kallisto pseudo -i /Users/emilyhuntsman/Desktop/MS-S23/CompGen/Project/arcasHLA/scripts/../dat/ref/hla.idx -t 8 -o /tmp/arcas_cc1adefe-4bde-47d6-9eb1-3a775db3994e/ --single -l 200 -s 20 extracted_files/60_chr6.extracted.fq.gz

	
	[quant] fragment length distribution is truncated gaussian with mean = 200, sd = 20
	[index] k-mer length: 31
	[index] number of targets: 2,049
	[index] number of k-mers: 107,446
	[index] number of equivalence classes: 6,261
	[quant] running in single-end mode
	[quant] will process file 1: extracted_files/60_chr6.extracted.fq.gz
	[quant] finding pseudoalignments for the reads ... done
	[quant] processed 1,063,970 reads, 357,346 reads pseudoaligned
	
	
[alignment] Processing pseudoalignment
[alignment] Processed 1063970 reads, 29454 pseudoaligned to HLA reference
[alignment] 22732 reads mapped to a single HLA gene
[alignment] Observed HLA genes:
		gene          abundance    read count    classes
		HLA-A            13.08%          3300        193
		HLA-B            18.60%          4654        153
		HLA-C            10.65%          2694        158
		HLA-DMA           3.95%           714          3
		HLA-DMB           2.81%           512          3
		HLA-DOA           0.09%            16          4
		HLA-DOB           0.59%           112          6
		HLA-DQA1          1.67%           294         31
		HLA-DQB1          1.65%           298         22
		HLA-DRA          12.37%          2174          6
		HLA-DRB1          6.74%          1240         43
		HLA-DRB2          0.02%             2          1
		HLA-DRB3          0.70%           128          4
		HLA-DRB5          0.03%             6          1
		HLA-DRB7          0.01%             2          1
		HLA-E             8.57%          2134         12
		HLA-F            17.47%          4178          4
		HLA-H             0.16%            40          8
		HLA-J             0.01%             2          1
		HLA-K             0.10%            26          7
		HLA-L             0.59%           148          3
		HLA-P             0.11%            52          1
		HLA-Y             0.03%             6          2
--------------------------------------------------------------------------------
[genotype] Genotyping parameters:
		population: prior
		minimum count: 75
		max iterations: 1000
		tolerance: 1e-06
		drop iterations: 4
		drop threshold: 0.1
		zygosity threshold: 0.15
--------------------------------------------------------------------------------
[genotype] Genotyping HLA-A
[genotype] 3300 reads aligned to HLA-A in 193 classes
[genotype] Top 10 alleles by undivided read count:
		allele                  read count	
		A*68:01:02                    2640	
		A*68:71                       2620	
		A*68:01:01                    2618	
		A*68:139                      2618	
		A*68:105                      2586	
		A*02:22:01                    2570	
		A*68:17                       2564	
		A*68:07                       2560	
		A*69:01                       2548	
		A*68:03:01                    2526	

[genotype] Quantifying allele transcript abundance
[genotype] EM converged after 14 iterations

[genotype] Top alleles by abundance:
		allele                  abundance
		A*68:01:02                 54.61%
		A*02:01:01                 45.39%

[genotype] Pairs by % explained reads:
		allele pair                     explained	
		A*02:01:01, A*68:01:02              98.18%	

[genotype] Checking zygosity
[genotype] Likely heterozygous: minor/major nonshared count 0.83

[genotype] Most likely genotype explaining 3240 reads:
		A*02:01:01
		A*68:01:02
--------------------------------------------------------------------------------
[genotype] Genotyping HLA-B
[genotype] 4654 reads aligned to HLA-B in 153 classes
[genotype] Top 10 alleles by undivided read count:
		allele                  read count	
		B*44:02:01                    4496	
		B*44:08                       4496	
		B*44:19N                      4494	
		B*44:02:38                    4488	
		B*44:225                      4486	
		B*44:02:37                    4484	
		B*44:218                      4484	
		B*44:02:40                    4482	
		B*44:49                       4482	
		B*44:229                      4480	

[genotype] Quantifying allele transcript abundance
[genotype] EM converged after 12 iterations

[genotype] Top alleles by abundance:
		allele                  abundance
		B*44:02:01                 64.29%
		B*44:02:38                 35.71%

[genotype] Pairs by % explained reads:
		allele pair                     explained	
		B*44:02:01, B*44:02:38              96.82%	

[genotype] Checking zygosity
[genotype] Likely heterozygous: minor/major nonshared count 0.56

[genotype] Most likely genotype explaining 4506 reads:
		B*44:02:01
		B*44:02:38
--------------------------------------------------------------------------------
[genotype] Genotyping HLA-C
[genotype] 2694 reads aligned to HLA-C in 158 classes
[genotype] Top 10 alleles by undivided read count:
		allele                  read count	
		C*05:01:01                    1438	
		C*05:113N                     1432	
		C*05:98                       1426	
		C*05:110                      1420	
		C*05:08                       1416	
		C*05:117                      1412	
		C*05:88                       1412	
		C*05:128N                     1408	
		C*05:25                       1408	
		C*05:92N                      1408	

[genotype] Quantifying allele transcript abundance
[genotype] EM converged after 10 iterations

[genotype] Top alleles by abundance:
		allele                  abundance
		C*05:01:01                 48.82%
		C*07:04:01                 46.04%
		C*05:37                     5.14%

[genotype] Pairs by % explained reads:
		allele pair                     explained	
		C*07:04:01, C*05:01:01              98.22%	
		C*05:37, C*07:04:01                 95.69%	
		C*05:37, C*05:01:01                 53.67%	

[genotype] Checking zygosity
[genotype] Likely heterozygous: minor/major nonshared count 0.86

[genotype] Most likely genotype explaining 2646 reads:
		C*07:04:01
		C*05:01:01
--------------------------------------------------------------------------------
[genotype] Genotyping HLA-DPB1
[genotype] Not enough reads aligned to HLA-DPB1 to genotype.
--------------------------------------------------------------------------------
[genotype] Genotyping HLA-DQA1
[genotype] 294 reads aligned to HLA-DQA1 in 31 classes
[genotype] Top 10 alleles by undivided read count:
		allele                  read count	
		DQA1*01:01:01                  198	
		DQA1*01:05:01                  192	
		DQA1*01:05:02                  192	
		DQA1*01:01:02                  148	
		DQA1*01:01:03                  148	
		DQA1*01:04:01                  130	
		DQA1*01:07Q                    124	
		DQA1*01:04:02                  120	
		DQA1*01:02:01                  114	
		DQA1*05:05:01                  114	

[genotype] Quantifying allele transcript abundance
[genotype] EM converged after 8 iterations

[genotype] Top alleles by abundance:
		allele                  abundance
		DQA1*01:01:01              65.35%
		DQA1*05:05:01              34.65%

[genotype] Pairs by % explained reads:
		allele pair                     explained	
		DQA1*01:01:01, DQA1*05:05:01        99.32%	

[genotype] Checking zygosity
[genotype] Likely heterozygous: minor/major nonshared count 0.53

[genotype] Most likely genotype explaining 292 reads:
		DQA1*01:01:01
		DQA1*05:05:01
--------------------------------------------------------------------------------
[genotype] Genotyping HLA-DQB1
[genotype] 298 reads aligned to HLA-DQB1 in 22 classes
[genotype] Top 10 alleles by undivided read count:
		allele                  read count	
		DQB1*05:01:01                  194	
		DQB1*05:45                     186	
		DQB1*05:02:01                  152	
		DQB1*05:102                    152	
		DQB1*05:02:08                  150	
		DQB1*05:46                     150	
		DQB1*05:57                     148	
		DQB1*05:56                     144	
		DQB1*05:02:07                  136	
		DQB1*05:03:01                  120	

[genotype] Quantifying allele transcript abundance
[genotype] EM converged after 7 iterations

[genotype] Top alleles by abundance:
		allele                  abundance
		DQB1*05:01:01              64.63%
		DQB1*03:01:01              17.69%
		DQB1*03:01:08              17.69%

[genotype] Pairs by % explained reads:
		allele pair                     explained	
		DQB1*05:01:01, DQB1*03:01:01       100.00%	

[genotype] Checking zygosity
[genotype] Likely heterozygous: minor/major nonshared count 0.55

[genotype] Most likely genotype explaining 298 reads:
		DQB1*05:01:01
		DQB1*03:01:01
--------------------------------------------------------------------------------
[genotype] Genotyping HLA-DRB1
[genotype] 1240 reads aligned to HLA-DRB1 in 43 classes
[genotype] Top 10 alleles by undivided read count:
		allele                  read count	
		DRB1*11:01:01                  616	
		DRB1*14:02:01                  614	
		DRB1*14:46                     614	
		DRB1*11:05                     610	
		DRB1*01:01:01                  606	
		DRB1*11:11:01                  604	
		DRB1*11:15                     604	
		DRB1*11:29:01                  604	
		DRB1*13:14:02                  604	
		DRB1*01:13                     600	

[genotype] Quantifying allele transcript abundance
[genotype] EM converged after 7 iterations

[genotype] Top alleles by abundance:
		allele                  abundance
		DRB1*11:01:01              50.41%
		DRB1*01:01:01              49.59%

[genotype] Pairs by % explained reads:
		allele pair                     explained	
		DRB1*01:01:01, DRB1*11:01:01        98.39%	

[genotype] Checking zygosity
[genotype] Likely heterozygous: minor/major nonshared count 0.98

[genotype] Most likely genotype explaining 1220 reads:
		DRB1*01:01:01
		DRB1*11:01:01
--------------------------------------------------------------------------------

