
--------------------------------------------------------------------------------
[log] Date: 2023-04-23
[log] Sample: 112_chr6
[log] Input file(s): extracted_files/112_chr6.extracted.fq.gz
[log] Reference: c5acf7a4342869351b2382b1cc1d1b5763e7e04e
--------------------------------------------------------------------------------
[alignment] Analyzing read length
[alignment] Pseudoaligning with Kallisto: 

	kallisto pseudo -i /Users/emilyhuntsman/Desktop/MS-S23/CompGen/Project/arcasHLA/scripts/../dat/ref/hla.idx -t 8 -o /tmp/arcas_df6a9d0a-31f9-4faf-b398-dd3c50e540c3/ --single -l 200 -s 20 extracted_files/112_chr6.extracted.fq.gz

	
	[quant] fragment length distribution is truncated gaussian with mean = 200, sd = 20
	[index] k-mer length: 31
	[index] number of targets: 2,049
	[index] number of k-mers: 107,446
	[index] number of equivalence classes: 6,261
	[quant] running in single-end mode
	[quant] will process file 1: extracted_files/112_chr6.extracted.fq.gz
	[quant] finding pseudoalignments for the reads ... done
	[quant] processed 1,948,286 reads, 896,016 reads pseudoaligned
	
	
[alignment] Processing pseudoalignment
[alignment] Processed 1948286 reads, 29914 pseudoaligned to HLA reference
[alignment] 22952 reads mapped to a single HLA gene
[alignment] Observed HLA genes:
		gene          abundance    read count    classes
		HLA-A            10.99%          2936        173
		HLA-B            12.10%          3208        223
		HLA-C             6.16%          1650        139
		HLA-DMA           5.78%          1106          2
		HLA-DMB           1.56%           300          4
		HLA-DOA           0.02%             4          1
		HLA-DOB           0.06%            12          3
		HLA-DQA1         29.50%          5514         30
		HLA-DQB1          1.11%           212         24
		HLA-DRA           4.35%           810          8
		HLA-DRB1          2.89%           564         28
		HLA-DRB2          0.06%             8          1
		HLA-DRB3          0.04%             8          2
		HLA-DRB4          0.85%           166          1
		HLA-E            17.74%          4682         15
		HLA-F             6.26%          1586          5
		HLA-H             0.02%             6          3
		HLA-K             0.08%            22          5
		HLA-L             0.23%            62          3
		HLA-P             0.18%            94          1
		HLA-Y             0.01%             2          1
--------------------------------------------------------------------------------
[genotype] Genotyping parameters:
		population: prior
		minimum count: 75
		max iterations: 1000
		tolerance: 1e-06
		drop iterations: 4
		drop threshold: 0.1
		zygosity threshold: 0.15
--------------------------------------------------------------------------------
[genotype] Genotyping HLA-A
[genotype] 2936 reads aligned to HLA-A in 173 classes
[genotype] Top 10 alleles by undivided read count:
		allele                  read count	
		A*11:01:01                    1452	
		A*11:69N                      1452	
		A*11:56                       1442	
		A*11:74                       1442	
		A*11:210N                     1440	
		A*11:07                       1436	
		A*11:62                       1434	
		A*11:01:04                    1432	
		A*11:12                       1432	
		A*11:01:72                    1428	

[genotype] Quantifying allele transcript abundance
[genotype] EM converged after 12 iterations

[genotype] Top alleles by abundance:
		allele                  abundance
		A*11:01:01                 52.20%
		A*02:02:01                 41.46%
		A*24:02:01                  6.35%

[genotype] Pairs by % explained reads:
		allele pair                     explained	
		A*11:01:01, A*02:02:01              88.90%	
		A*11:01:01, A*24:02:01              56.95%	
		A*02:02:01, A*24:02:01              46.05%	

[genotype] Checking zygosity
[genotype] Likely heterozygous: minor/major nonshared count 0.80

[genotype] Most likely genotype explaining 2610 reads:
		A*11:01:01
		A*02:02:01
--------------------------------------------------------------------------------
[genotype] Genotyping HLA-B
[genotype] 3208 reads aligned to HLA-B in 223 classes
[genotype] Top 10 alleles by undivided read count:
		allele                  read count	
		B*15:02:01                    1712	
		B*15:25:01                    1696	
		B*41:01:01                    1686	
		B*15:21                       1682	
		B*41:35                       1674	
		B*15:13:01                    1664	
		B*41:02:01                    1654	
		B*41:41                       1654	
		B*41:02:06                    1646	
		B*41:44                       1638	

[genotype] Quantifying allele transcript abundance
[genotype] EM converged after 14 iterations

[genotype] Top alleles by abundance:
		allele                  abundance
		B*41:01:01                 48.85%
		B*15:02:01                 45.36%
		B*15:01:01                  5.78%

[genotype] Pairs by % explained reads:
		allele pair                     explained	
		B*15:02:01, B*41:01:01              91.15%	
		B*15:01:01, B*41:01:01              85.47%	
		B*15:01:01, B*15:02:01              55.30%	

[genotype] Checking zygosity
[genotype] Likely heterozygous: minor/major nonshared count 0.98

[genotype] Most likely genotype explaining 2924 reads:
		B*15:02:01
		B*41:01:01
--------------------------------------------------------------------------------
[genotype] Genotyping HLA-C
[genotype] 1650 reads aligned to HLA-C in 139 classes
[genotype] Top 10 alleles by undivided read count:
		allele                  read count	
		C*08:01:01                     946	
		C*17:01:01                     938	
		C*08:24                        934	
		C*08:36N                       932	
		C*08:41                        932	
		C*17:05                        930	
		C*08:127N                      930	
		C*08:129N                      930	
		C*08:21                        928	
		C*08:03:01                     924	

[genotype] Quantifying allele transcript abundance
[genotype] EM converged after 9 iterations

[genotype] Top alleles by abundance:
		allele                  abundance
		C*17:01:01                 41.05%
		C*08:01:01                 36.55%
		C*14:02:01                 22.40%

[genotype] Pairs by % explained reads:
		allele pair                     explained	
		C*17:01:01, C*08:01:01              83.03%	
		C*17:01:01, C*14:02:01              77.33%	
		C*08:01:01, C*14:02:01              67.76%	

[genotype] Checking zygosity
[genotype] Likely heterozygous: minor/major nonshared count 0.98

[genotype] Most likely genotype explaining 1370 reads:
		C*17:01:01
		C*08:01:01
--------------------------------------------------------------------------------
[genotype] Genotyping HLA-DPB1
[genotype] Not enough reads aligned to HLA-DPB1 to genotype.
--------------------------------------------------------------------------------
[genotype] Genotyping HLA-DQA1
[genotype] 5514 reads aligned to HLA-DQA1 in 30 classes
[genotype] Top 10 alleles by undivided read count:
		allele                  read count	
		DQA1*03:02                    5268	
		DQA1*03:03:01                 5268	
		DQA1*03:03:02                 5228	
		DQA1*03:01:01                 5076	
		DQA1*02:01:01                 2000	
		DQA1*04:01:01                  214	
		DQA1*04:01:02                  214	
		DQA1*06:01:01                  214	
		DQA1*01:01:01                  150	
		DQA1*01:05:01                  148	

[genotype] Quantifying allele transcript abundance
[genotype] EM converged after 9 iterations

[genotype] Top alleles by abundance:
		allele                  abundance
		DQA1*03:03:01              43.64%
		DQA1*03:01:01              32.61%
		DQA1*03:02                 23.75%

[genotype] Pairs by % explained reads:
		allele pair                     explained	
		DQA1*03:01:01, DQA1*03:02           98.80%	
		DQA1*03:01:01, DQA1*03:03:01        98.80%	
		DQA1*03:02, DQA1*03:03:01           95.54%	

[genotype] Checking zygosity
[genotype] Likely heterozygous: minor/major nonshared count 0.48

[genotype] Most likely genotype explaining 5448 reads:
		DQA1*03:01:01
		DQA1*03:03:01
--------------------------------------------------------------------------------
[genotype] Genotyping HLA-DQB1
[genotype] 212 reads aligned to HLA-DQB1 in 24 classes
[genotype] Top 10 alleles by undivided read count:
		allele                  read count	
		DQB1*05:03:01                  146	
		DQB1*05:56                     112	
		DQB1*05:02:01                  104	
		DQB1*05:102                    104	
		DQB1*05:02:08                  102	
		DQB1*05:46                     100	
		DQB1*05:57                     100	
		DQB1*05:01:01                   94	
		DQB1*05:45                      92	
		DQB1*05:02:07                   86	

[genotype] Quantifying allele transcript abundance
[genotype] EM converged after 9 iterations

[genotype] Top alleles by abundance:
		allele                  abundance
		DQB1*05:03:01              70.45%
		DQB1*05:56                 29.55%

[genotype] Pairs by % explained reads:
		allele pair                     explained	
		DQB1*05:03:01, DQB1*05:56           79.25%	

[genotype] Checking zygosity
[genotype] Likely heterozygous: minor/major nonshared count 0.39

[genotype] Most likely genotype explaining 168 reads:
		DQB1*05:03:01
		DQB1*05:56
--------------------------------------------------------------------------------
[genotype] Genotyping HLA-DRB1
[genotype] 564 reads aligned to HLA-DRB1 in 28 classes
[genotype] Top 10 alleles by undivided read count:
		allele                  read count	
		DRB1*14:54:01                  328	
		DRB1*14:04:01                  324	
		DRB1*14:08                     324	
		DRB1*14:10                     324	
		DRB1*13:08                     322	
		DRB1*14:05:01                  320	
		DRB1*14:07:01                  320	
		DRB1*14:11                     320	
		DRB1*14:14                     318	
		DRB1*11:13:02                  314	

[genotype] Quantifying allele transcript abundance
[genotype] EM converged after 14 iterations

[genotype] Top alleles by abundance:
		allele                  abundance
		DRB1*09:01:02              36.40%
		DRB1*14:54:01              35.56%
		DRB1*13:01:01              17.78%
		DRB1*13:08                 10.26%

[genotype] Pairs by % explained reads:
		allele pair                     explained	
		DRB1*14:54:01, DRB1*09:01:02        93.26%	
		DRB1*13:08, DRB1*09:01:02           92.20%	
		DRB1*13:01:01, DRB1*09:01:02        90.07%	
		DRB1*13:01:01, DRB1*14:54:01        60.99%	
		DRB1*13:01:01, DRB1*13:08           59.22%	
		DRB1*13:08, DRB1*14:54:01           59.22%	

[genotype] Checking zygosity
[genotype] Likely heterozygous: minor/major nonshared count 0.60

[genotype] Most likely genotype explaining 526 reads:
		DRB1*14:54:01
		DRB1*09:01:02
--------------------------------------------------------------------------------

