
--------------------------------------------------------------------------------
[log] Date: 2023-04-23
[log] Sample: 119_chr6
[log] Input file(s): extracted_files/119_chr6.extracted.fq.gz
[log] Reference: c5acf7a4342869351b2382b1cc1d1b5763e7e04e
--------------------------------------------------------------------------------
[alignment] Analyzing read length
[alignment] Pseudoaligning with Kallisto: 

	kallisto pseudo -i /Users/emilyhuntsman/Desktop/MS-S23/CompGen/Project/arcasHLA/scripts/../dat/ref/hla.idx -t 8 -o /tmp/arcas_fc112fd7-a0a3-4efa-b422-375c0cad9e06/ --single -l 200 -s 20 extracted_files/119_chr6.extracted.fq.gz

	
	[quant] fragment length distribution is truncated gaussian with mean = 200, sd = 20
	[index] k-mer length: 31
	[index] number of targets: 2,049
	[index] number of k-mers: 107,446
	[index] number of equivalence classes: 6,261
	[quant] running in single-end mode
	[quant] will process file 1: extracted_files/119_chr6.extracted.fq.gz
	[quant] finding pseudoalignments for the reads ... done
	[quant] processed 2,407,588 reads, 904,094 reads pseudoaligned
	
	
[alignment] Processing pseudoalignment
[alignment] Processed 2407588 reads, 35484 pseudoaligned to HLA reference
[alignment] 31342 reads mapped to a single HLA gene
[alignment] Observed HLA genes:
		gene          abundance    read count    classes
		HLA-A             5.66%          1970        143
		HLA-B            12.21%          4210        198
		HLA-C             6.25%          2178        165
		HLA-DMA           8.48%          2112          2
		HLA-DMB           4.52%          1134          4
		HLA-DOA           0.34%            82          5
		HLA-DOB           0.16%            42          4
		HLA-DQA1          2.45%           596         29
		HLA-DQB1          1.02%           254         22
		HLA-DRA           3.76%           910          8
		HLA-DRB1          5.42%          1374         40
		HLA-DRB3          0.42%           106          7
		HLA-E             5.04%          1730         14
		HLA-F            43.73%         14418          6
		HLA-G             0.01%             2          1
		HLA-H             0.02%             8          3
		HLA-K             0.05%            18          6
		HLA-L             0.35%           122          3
		HLA-P             0.11%            76          1
--------------------------------------------------------------------------------
[genotype] Genotyping parameters:
		population: prior
		minimum count: 75
		max iterations: 1000
		tolerance: 1e-06
		drop iterations: 4
		drop threshold: 0.1
		zygosity threshold: 0.15
--------------------------------------------------------------------------------
[genotype] Genotyping HLA-A
[genotype] 1970 reads aligned to HLA-A in 143 classes
[genotype] Top 10 alleles by undivided read count:
		allele                  read count	
		A*02:01:01                    1272	
		A*02:30                       1258	
		A*02:603                      1256	
		A*02:01:120                   1254	
		A*02:06:01                    1254	
		A*02:06:22                    1254	
		A*02:16                       1248	
		A*02:21                       1248	
		A*02:602                      1248	
		A*02:68                       1240	

[genotype] Quantifying allele transcript abundance
[genotype] EM converged after 10 iterations

[genotype] Top alleles by abundance:
		allele                  abundance
		A*02:01:01                 65.04%
		A*03:02:01                 22.67%
		A*03:218                   12.29%

[genotype] Pairs by % explained reads:
		allele pair                     explained	
		A*03:02:01, A*02:01:01              98.68%	
		A*03:218, A*02:01:01                98.68%	
		A*03:02:01, A*03:218                35.23%	

[genotype] Checking zygosity
[genotype] Likely heterozygous: minor/major nonshared count 0.54

[genotype] Most likely genotype explaining 1944 reads:
		A*03:02:01
		A*02:01:01
--------------------------------------------------------------------------------
[genotype] Genotyping HLA-B
[genotype] 4210 reads aligned to HLA-B in 198 classes
[genotype] Top 10 alleles by undivided read count:
		allele                  read count	
		B*49:01:01                    2492	
		B*49:38                       2480	
		B*50:01:01                    2458	
		B*49:32                       2452	
		B*49:34                       2452	
		B*49:24                       2450	
		B*40:02:01                    2326	
		B*40:02:24                    2302	
		B*40:302                      2296	
		B*40:40                       2296	

[genotype] Quantifying allele transcript abundance
[genotype] EM converged after 27 iterations

[genotype] Top alleles by abundance:
		allele                  abundance
		B*40:02:01                 47.59%
		B*49:01:01                 45.86%
		B*49:38                     6.55%

[genotype] Pairs by % explained reads:
		allele pair                     explained	
		B*40:02:01, B*49:01:01              98.57%	
		B*49:38, B*40:02:01                 98.29%	
		B*49:38, B*49:01:01                 59.24%	

[genotype] Checking zygosity
[genotype] Likely heterozygous: minor/major nonshared count 0.91

[genotype] Most likely genotype explaining 4150 reads:
		B*40:02:01
		B*49:01:01
--------------------------------------------------------------------------------
[genotype] Genotyping HLA-C
[genotype] 2178 reads aligned to HLA-C in 165 classes
[genotype] Top 10 alleles by undivided read count:
		allele                  read count	
		C*03:04:01                    1466	
		C*03:04:14                    1440	
		C*03:46                       1438	
		C*03:04:04                    1434	
		C*03:140                      1426	
		C*03:313                      1426	
		C*03:51                       1398	
		C*03:04:48                    1394	
		C*03:286                      1384	
		C*03:41:02                    1384	

[genotype] Quantifying allele transcript abundance
[genotype] EM converged after 9 iterations

[genotype] Top alleles by abundance:
		allele                  abundance
		C*03:04:01                 67.72%
		C*07:01:50                 32.28%

[genotype] Pairs by % explained reads:
		allele pair                     explained	
		C*07:01:50, C*03:04:01              99.27%	

[genotype] Checking zygosity
[genotype] Likely heterozygous: minor/major nonshared count 0.48

[genotype] Most likely genotype explaining 2162 reads:
		C*07:01:50
		C*03:04:01
--------------------------------------------------------------------------------
[genotype] Genotyping HLA-DPB1
[genotype] Not enough reads aligned to HLA-DPB1 to genotype.
--------------------------------------------------------------------------------
[genotype] Genotyping HLA-DQA1
[genotype] 596 reads aligned to HLA-DQA1 in 29 classes
[genotype] Top 10 alleles by undivided read count:
		allele                  read count	
		DQA1*01:02:01                  396	
		DQA1*01:02:03                  384	
		DQA1*01:02:02                  380	
		DQA1*01:11                     372	
		DQA1*01:02:04                  366	
		DQA1*01:01:01                  312	
		DQA1*01:05:01                  298	
		DQA1*01:05:02                  298	
		DQA1*01:04:01                  280	
		DQA1*01:04:02                  268	

[genotype] Quantifying allele transcript abundance
[genotype] EM converged after 7 iterations

[genotype] Top alleles by abundance:
		allele                  abundance
		DQA1*01:02:01              66.24%
		DQA1*05:05:01              33.76%

[genotype] Pairs by % explained reads:
		allele pair                     explained	
		DQA1*01:02:01, DQA1*05:05:01        99.66%	

[genotype] Checking zygosity
[genotype] Likely heterozygous: minor/major nonshared count 0.51

[genotype] Most likely genotype explaining 594 reads:
		DQA1*01:02:01
		DQA1*05:05:01
--------------------------------------------------------------------------------
[genotype] Genotyping HLA-DQB1
[genotype] 254 reads aligned to HLA-DQB1 in 22 classes
[genotype] Top 10 alleles by undivided read count:
		allele                  read count	
		DQB1*06:09:01                  128	
		DQB1*06:88                     128	
		DQB1*03:01:01                  126	
		DQB1*03:116                    126	
		DQB1*03:01:08                  122	
		DQB1*03:01:21                  120	
		DQB1*03:92                     120	
		DQB1*03:93                     120	
		DQB1*03:94                     120	
		DQB1*06:118:01                 118	

[genotype] Quantifying allele transcript abundance
[genotype] EM converged after 8 iterations

[genotype] Top alleles by abundance:
		allele                  abundance
		DQB1*03:01:01              49.59%
		DQB1*06:09:01              43.80%
		DQB1*06:88                  6.62%

[genotype] Pairs by % explained reads:
		allele pair                     explained	
		DQB1*03:01:01, DQB1*06:09:01        97.64%	
		DQB1*03:01:01, DQB1*06:88           97.64%	
		DQB1*06:09:01, DQB1*06:88           50.39%	

[genotype] Checking zygosity
[genotype] Likely heterozygous: minor/major nonshared count 0.98

[genotype] Most likely genotype explaining 248 reads:
		DQB1*03:01:01
		DQB1*06:09:01
--------------------------------------------------------------------------------
[genotype] Genotyping HLA-DRB1
[genotype] 1374 reads aligned to HLA-DRB1 in 40 classes
[genotype] Top 10 alleles by undivided read count:
		allele                  read count	
		DRB1*11:01:01                 1284	
		DRB1*11:05                    1276	
		DRB1*13:02:01                 1274	
		DRB1*11:09                    1254	
		DRB1*11:11:01                 1254	
		DRB1*11:19:01                 1254	
		DRB1*13:05:01                 1254	
		DRB1*11:15                    1248	
		DRB1*11:29:01                 1248	
		DRB1*11:14:01                 1246	

[genotype] Quantifying allele transcript abundance
[genotype] EM converged after 8 iterations

[genotype] Top alleles by abundance:
		allele                  abundance
		DRB1*11:01:01              53.85%
		DRB1*13:02:01              46.15%

[genotype] Pairs by % explained reads:
		allele pair                     explained	
		DRB1*11:01:01, DRB1*13:02:01        97.82%	

[genotype] Checking zygosity
[genotype] Likely heterozygous: minor/major nonshared count 0.86

[genotype] Most likely genotype explaining 1344 reads:
		DRB1*11:01:01
		DRB1*13:02:01
--------------------------------------------------------------------------------

