
--------------------------------------------------------------------------------
[log] Date: 2023-04-23
[log] Sample: 9_chr6
[log] Input file(s): extracted_files/9_chr6.extracted.fq.gz
[log] Reference: c5acf7a4342869351b2382b1cc1d1b5763e7e04e
--------------------------------------------------------------------------------
[alignment] Analyzing read length
[alignment] Pseudoaligning with Kallisto: 

	kallisto pseudo -i /Users/emilyhuntsman/Desktop/MS-S23/CompGen/Project/arcasHLA/scripts/../dat/ref/hla.idx -t 8 -o /tmp/arcas_494bb6d5-1669-41b4-8f00-2d0af206152f/ --single -l 200 -s 20 extracted_files/9_chr6.extracted.fq.gz

	
	[quant] fragment length distribution is truncated gaussian with mean = 200, sd = 20
	[index] k-mer length: 31
	[index] number of targets: 2,049
	[index] number of k-mers: 107,446
	[index] number of equivalence classes: 6,261
	[quant] running in single-end mode
	[quant] will process file 1: extracted_files/9_chr6.extracted.fq.gz
	[quant] finding pseudoalignments for the reads ... done
	[quant] processed 3,429,112 reads, 1,405,192 reads pseudoaligned
	
	
[alignment] Processing pseudoalignment
[alignment] Processed 3429112 reads, 61236 pseudoaligned to HLA reference
[alignment] 52330 reads mapped to a single HLA gene
[alignment] Observed HLA genes:
		gene          abundance    read count    classes
		HLA-A             8.31%          4890        153
		HLA-B             6.57%          3830        203
		HLA-C            11.90%          7020        272
		HLA-DMA           4.06%          1710          3
		HLA-DMB           4.07%          1726          3
		HLA-DOA           0.23%            92         12
		HLA-DOB           0.52%           230          7
		HLA-DQA1         12.75%          5244         33
		HLA-DQB1          1.17%           492         17
		HLA-DRA           4.81%          1970          8
		HLA-DRB1          3.93%          1686         24
		HLA-DRB3          0.18%            78          4
		HLA-DRB4          0.70%           302          2
		HLA-E             8.18%          4750         14
		HLA-F            31.94%         17812          6
		HLA-G             0.01%             4          2
		HLA-H             0.02%            14          5
		HLA-J             0.00%             2          1
		HLA-K             0.04%            22          5
		HLA-L             0.26%           152          3
		HLA-P             0.22%           248          1
		HLA-Y             0.13%            56          5
--------------------------------------------------------------------------------
[genotype] Genotyping parameters:
		population: prior
		minimum count: 75
		max iterations: 1000
		tolerance: 1e-06
		drop iterations: 4
		drop threshold: 0.1
		zygosity threshold: 0.15
--------------------------------------------------------------------------------
[genotype] Genotyping HLA-A
[genotype] 4890 reads aligned to HLA-A in 153 classes
[genotype] Top 10 alleles by undivided read count:
		allele                  read count	
		A*02:02:01                    3226	
		A*02:05:01                    3148	
		A*02:08                       3000	
		A*02:376                      2976	
		A*02:572                      2964	
		A*02:22:01                    2908	
		A*02:603                      2850	
		A*02:17:02                    2738	
		A*02:01:01                    2736	
		A*02:04                       2736	

[genotype] Quantifying allele transcript abundance
[genotype] EM converged after 11 iterations

[genotype] Top alleles by abundance:
		allele                  abundance
		A*02:02:01                 67.09%
		A*33:01:01                 19.36%
		A*29:01:01                 13.55%

[genotype] Pairs by % explained reads:
		allele pair                     explained	
		A*33:01:01, A*02:02:01              93.42%	
		A*29:01:01, A*02:02:01              92.15%	
		A*29:01:01, A*33:01:01              33.29%	

[genotype] Checking zygosity
[genotype] Likely heterozygous: minor/major nonshared count 0.42

[genotype] Most likely genotype explaining 4568 reads:
		A*33:01:01
		A*02:02:01
--------------------------------------------------------------------------------
[genotype] Genotyping HLA-B
[genotype] 3830 reads aligned to HLA-B in 203 classes
[genotype] Top 10 alleles by undivided read count:
		allele                  read count	
		B*57:03:01                    3214	
		B*57:01:01                    3120	
		B*57:82                       3118	
		B*57:83                       3116	
		B*57:11                       3064	
		B*57:01:13                    3058	
		B*57:02:01                    3038	
		B*57:06                       2972	
		B*13:04                       2892	
		B*57:05                       2876	

[genotype] Quantifying allele transcript abundance
[genotype] EM converged after 7 iterations

[genotype] Top alleles by abundance:
		allele                  abundance
		B*57:03:01                100.00%

[genotype] Most likely genotype explaining 3214 reads:
		B*57:03:01
		B*57:03:01
--------------------------------------------------------------------------------
[genotype] Genotyping HLA-C
[genotype] 7020 reads aligned to HLA-C in 272 classes
[genotype] Top 10 alleles by undivided read count:
		allele                  read count	
		C*18:02                       5754	
		C*18:10                       5684	
		C*02:10:01                    5350	
		C*18:01                       5254	
		C*02:02:02                    5098	
		C*02:103                      5092	
		C*02:11                       5054	
		C*02:21                       5042	
		C*02:102                      5018	
		C*02:85                       5018	

[genotype] Quantifying allele transcript abundance
[genotype] EM converged after 12 iterations

[genotype] Top alleles by abundance:
		allele                  abundance
		C*18:02                    57.35%
		C*02:10:01                 42.65%

[genotype] Pairs by % explained reads:
		allele pair                     explained	
		C*02:10:01, C*18:02                 98.66%	

[genotype] Checking zygosity
[genotype] Likely heterozygous: minor/major nonshared count 0.74

[genotype] Most likely genotype explaining 6926 reads:
		C*02:10:01
		C*18:02
--------------------------------------------------------------------------------
[genotype] Genotyping HLA-DPB1
[genotype] Not enough reads aligned to HLA-DPB1 to genotype.
--------------------------------------------------------------------------------
[genotype] Genotyping HLA-DQA1
[genotype] 5244 reads aligned to HLA-DQA1 in 33 classes
[genotype] Top 10 alleles by undivided read count:
		allele                  read count	
		DQA1*02:01:01                 4850	
		DQA1*03:01:01                 2434	
		DQA1*03:03:01                 2138	
		DQA1*03:02                    2136	
		DQA1*03:03:02                 2118	
		DQA1*04:01:01                  514	
		DQA1*04:01:02                  514	
		DQA1*06:01:01                  514	
		DQA1*05:01:01                  482	
		DQA1*05:03                     450	

[genotype] Quantifying allele transcript abundance
[genotype] EM converged after 7 iterations

[genotype] Top alleles by abundance:
		allele                  abundance
		DQA1*02:01:01             100.00%

[genotype] Most likely genotype explaining 4850 reads:
		DQA1*02:01:01
		DQA1*02:01:01
--------------------------------------------------------------------------------
[genotype] Genotyping HLA-DQB1
[genotype] 492 reads aligned to HLA-DQB1 in 17 classes
[genotype] Top 10 alleles by undivided read count:
		allele                  read count	
		DQB1*02:01:01                  478	
		DQB1*02:53Q                    470	
		DQB1*02:01:08                  456	
		DQB1*02:02:01                  454	
		DQB1*02:12                     446	
		DQB1*02:62                     438	
		DQB1*03:03:09                   34	
		DQB1*03:02:01                   22	
		DQB1*03:02:11                   22	
		DQB1*03:02:12                   22	

[genotype] Quantifying allele transcript abundance
[genotype] EM converged after 8 iterations

[genotype] Top alleles by abundance:
		allele                  abundance
		DQB1*02:01:01              73.08%
		DQB1*02:02:01              26.92%

[genotype] Pairs by % explained reads:
		allele pair                     explained	
		DQB1*02:01:01, DQB1*02:02:01       100.00%	

[genotype] Checking zygosity
[genotype] Likely heterozygous: minor/major nonshared count 0.37

[genotype] Most likely genotype explaining 492 reads:
		DQB1*02:01:01
		DQB1*02:02:01
--------------------------------------------------------------------------------
[genotype] Genotyping HLA-DRB1
[genotype] 1686 reads aligned to HLA-DRB1 in 24 classes
[genotype] Top 10 alleles by undivided read count:
		allele                  read count	
		DRB1*03:01:01                  860	
		DRB1*03:07                     856	
		DRB1*03:04:01                  844	
		DRB1*03:01:02                  842	
		DRB1*03:06                     842	
		DRB1*03:15                     842	
		DRB1*13:27                     840	
		DRB1*14:21                     818	
		DRB1*13:01:01                  816	
		DRB1*13:02:01                  816	

[genotype] Quantifying allele transcript abundance
[genotype] EM converged after 7 iterations

[genotype] Top alleles by abundance:
		allele                  abundance
		DRB1*03:01:01              51.31%
		DRB1*07:01:01              48.69%

[genotype] Pairs by % explained reads:
		allele pair                     explained	
		DRB1*03:01:01, DRB1*07:01:01        99.41%	

[genotype] Checking zygosity
[genotype] Likely heterozygous: minor/major nonshared count 0.95

[genotype] Most likely genotype explaining 1676 reads:
		DRB1*03:01:01
		DRB1*07:01:01
--------------------------------------------------------------------------------

