
--------------------------------------------------------------------------------
[log] Date: 2023-04-23
[log] Sample: 59_chr6
[log] Input file(s): extracted_files/59_chr6.extracted.fq.gz
[log] Reference: c5acf7a4342869351b2382b1cc1d1b5763e7e04e
--------------------------------------------------------------------------------
[alignment] Analyzing read length
[alignment] Pseudoaligning with Kallisto: 

	kallisto pseudo -i /Users/emilyhuntsman/Desktop/MS-S23/CompGen/Project/arcasHLA/scripts/../dat/ref/hla.idx -t 8 -o /tmp/arcas_d4c42d1a-0bc4-49a3-8b98-a0415315bc34/ --single -l 200 -s 20 extracted_files/59_chr6.extracted.fq.gz

	
	[quant] fragment length distribution is truncated gaussian with mean = 200, sd = 20
	[index] k-mer length: 31
	[index] number of targets: 2,049
	[index] number of k-mers: 107,446
	[index] number of equivalence classes: 6,261
	[quant] running in single-end mode
	[quant] will process file 1: extracted_files/59_chr6.extracted.fq.gz
	[quant] finding pseudoalignments for the reads ... done
	[quant] processed 3,094,122 reads, 1,246,102 reads pseudoaligned
	
	
[alignment] Processing pseudoalignment
[alignment] Processed 3094122 reads, 63102 pseudoaligned to HLA reference
[alignment] 55550 reads mapped to a single HLA gene
[alignment] Observed HLA genes:
		gene          abundance    read count    classes
		HLA-A             9.16%          5696        172
		HLA-B             7.98%          4918        219
		HLA-C            13.20%          8228        297
		HLA-DMA           3.21%          1430          3
		HLA-DMB           2.98%          1336          3
		HLA-DOA           0.11%            48          6
		HLA-DOB           0.27%           124          7
		HLA-DPA1          0.00%             2          1
		HLA-DPB1          0.00%             2          1
		HLA-DQA1         12.83%          5578         35
		HLA-DQB1          1.06%           472         20
		HLA-DRA           5.93%          2568          9
		HLA-DRB1          3.71%          1684         28
		HLA-DRB3          0.35%           158          7
		HLA-DRB4          0.75%           342          3
		HLA-E             7.76%          4764         15
		HLA-F            29.88%         17612          5
		HLA-H             0.03%            16          5
		HLA-J             0.02%            14          2
		HLA-K             0.11%            68         10
		HLA-L             0.26%           162          3
		HLA-P             0.21%           252          1
		HLA-Y             0.16%            76          4
--------------------------------------------------------------------------------
[genotype] Genotyping parameters:
		population: prior
		minimum count: 75
		max iterations: 1000
		tolerance: 1e-06
		drop iterations: 4
		drop threshold: 0.1
		zygosity threshold: 0.15
--------------------------------------------------------------------------------
[genotype] Genotyping HLA-A
[genotype] 5696 reads aligned to HLA-A in 172 classes
[genotype] Top 10 alleles by undivided read count:
		allele                  read count	
		A*02:02:01                    4312	
		A*02:05:01                    4228	
		A*02:08                       4056	
		A*02:376                      4046	
		A*02:572                      4002	
		A*02:22:01                    3914	
		A*02:603                      3824	
		A*02:17:02                    3718	
		A*02:01:01                    3708	
		A*02:04                       3708	

[genotype] Quantifying allele transcript abundance
[genotype] EM converged after 9 iterations

[genotype] Top alleles by abundance:
		allele                  abundance
		A*02:02:01                 78.20%
		A*33:01:01                 21.80%

[genotype] Pairs by % explained reads:
		allele pair                     explained	
		A*33:01:01, A*02:02:01              96.59%	

[genotype] Checking zygosity
[genotype] Likely heterozygous: minor/major nonshared count 0.28

[genotype] Most likely genotype explaining 5502 reads:
		A*33:01:01
		A*02:02:01
--------------------------------------------------------------------------------
[genotype] Genotyping HLA-B
[genotype] 4918 reads aligned to HLA-B in 219 classes
[genotype] Top 10 alleles by undivided read count:
		allele                  read count	
		B*57:03:01                    4130	
		B*57:82                       3974	
		B*57:01:01                    3936	
		B*57:83                       3882	
		B*57:11                       3858	
		B*57:02:01                    3834	
		B*57:01:13                    3814	
		B*57:06                       3694	
		B*13:04                       3648	
		B*57:05                       3564	

[genotype] Quantifying allele transcript abundance
[genotype] EM converged after 7 iterations

[genotype] Top alleles by abundance:
		allele                  abundance
		B*57:03:01                100.00%

[genotype] Most likely genotype explaining 4130 reads:
		B*57:03:01
		B*57:03:01
--------------------------------------------------------------------------------
[genotype] Genotyping HLA-C
[genotype] 8228 reads aligned to HLA-C in 297 classes
[genotype] Top 10 alleles by undivided read count:
		allele                  read count	
		C*18:02                       6584	
		C*18:10                       6484	
		C*02:10:01                    6084	
		C*02:02:02                    5802	
		C*02:103                      5792	
		C*18:01                       5792	
		C*02:11                       5764	
		C*02:85                       5728	
		C*02:21                       5722	
		C*02:91                       5706	

[genotype] Quantifying allele transcript abundance
[genotype] EM converged after 13 iterations

[genotype] Top alleles by abundance:
		allele                  abundance
		C*18:02                    57.41%
		C*02:10:01                 42.59%

[genotype] Pairs by % explained reads:
		allele pair                     explained	
		C*02:10:01, C*18:02                 97.47%	

[genotype] Checking zygosity
[genotype] Likely heterozygous: minor/major nonshared count 0.74

[genotype] Most likely genotype explaining 8020 reads:
		C*02:10:01
		C*18:02
--------------------------------------------------------------------------------
[genotype] Genotyping HLA-DPB1
[genotype] Not enough reads aligned to HLA-DPB1 to genotype.
--------------------------------------------------------------------------------
[genotype] Genotyping HLA-DQA1
[genotype] 5578 reads aligned to HLA-DQA1 in 35 classes
[genotype] Top 10 alleles by undivided read count:
		allele                  read count	
		DQA1*02:01:01                 5176	
		DQA1*03:01:01                 2816	
		DQA1*03:03:01                 2560	
		DQA1*03:02                    2558	
		DQA1*03:03:02                 2542	
		DQA1*05:01:01                  514	
		DQA1*06:01:01                  492	
		DQA1*04:01:01                  490	
		DQA1*04:01:02                  490	
		DQA1*05:03                     456	

[genotype] Quantifying allele transcript abundance
[genotype] EM converged after 7 iterations

[genotype] Top alleles by abundance:
		allele                  abundance
		DQA1*02:01:01             100.00%

[genotype] Most likely genotype explaining 5176 reads:
		DQA1*02:01:01
		DQA1*02:01:01
--------------------------------------------------------------------------------
[genotype] Genotyping HLA-DQB1
[genotype] 472 reads aligned to HLA-DQB1 in 20 classes
[genotype] Top 10 alleles by undivided read count:
		allele                  read count	
		DQB1*02:02:01                  462	
		DQB1*02:01:01                  444	
		DQB1*02:12                     440	
		DQB1*02:01:08                  434	
		DQB1*02:53Q                    434	
		DQB1*02:62                     434	
		DQB1*03:03:09                   38	
		DQB1*03:02:01                   26	
		DQB1*03:02:11                   26	
		DQB1*03:03:02                   26	

[genotype] Quantifying allele transcript abundance
[genotype] EM converged after 8 iterations

[genotype] Top alleles by abundance:
		allele                  abundance
		DQB1*02:02:01              80.00%
		DQB1*02:01:01              20.00%

[genotype] Pairs by % explained reads:
		allele pair                     explained	
		DQB1*02:01:01, DQB1*02:02:01        99.15%	

[genotype] Checking zygosity
[genotype] Likely heterozygous: minor/major nonshared count 0.25

[genotype] Most likely genotype explaining 468 reads:
		DQB1*02:01:01
		DQB1*02:02:01
--------------------------------------------------------------------------------
[genotype] Genotyping HLA-DRB1
[genotype] 1684 reads aligned to HLA-DRB1 in 28 classes
[genotype] Top 10 alleles by undivided read count:
		allele                  read count	
		DRB1*07:01:01                  874	
		DRB1*07:09                     852	
		DRB1*07:04                     840	
		DRB1*03:01:01                  798	
		DRB1*03:07                     778	
		DRB1*03:04:01                  772	
		DRB1*03:06                     770	
		DRB1*03:01:02                  756	
		DRB1*03:15                     756	
		DRB1*13:27                     752	

[genotype] Quantifying allele transcript abundance
[genotype] EM converged after 7 iterations

[genotype] Top alleles by abundance:
		allele                  abundance
		DRB1*07:01:01              52.27%
		DRB1*03:01:01              47.73%

[genotype] Pairs by % explained reads:
		allele pair                     explained	
		DRB1*03:01:01, DRB1*07:01:01        99.29%	

[genotype] Checking zygosity
[genotype] Likely heterozygous: minor/major nonshared count 0.91

[genotype] Most likely genotype explaining 1672 reads:
		DRB1*03:01:01
		DRB1*07:01:01
--------------------------------------------------------------------------------

