
--------------------------------------------------------------------------------
[log] Date: 2023-04-23
[log] Sample: 123_chr6
[log] Input file(s): extracted_files/123_chr6.extracted.fq.gz
[log] Reference: c5acf7a4342869351b2382b1cc1d1b5763e7e04e
--------------------------------------------------------------------------------
[alignment] Analyzing read length
[alignment] Pseudoaligning with Kallisto: 

	kallisto pseudo -i /Users/emilyhuntsman/Desktop/MS-S23/CompGen/Project/arcasHLA/scripts/../dat/ref/hla.idx -t 8 -o /tmp/arcas_ce5f62b4-3eaa-41f1-9839-8da56bef369c/ --single -l 200 -s 20 extracted_files/123_chr6.extracted.fq.gz

	
	[quant] fragment length distribution is truncated gaussian with mean = 200, sd = 20
	[index] k-mer length: 31
	[index] number of targets: 2,049
	[index] number of k-mers: 107,446
	[index] number of equivalence classes: 6,261
	[quant] running in single-end mode
	[quant] will process file 1: extracted_files/123_chr6.extracted.fq.gz
	[quant] finding pseudoalignments for the reads ... done
	[quant] processed 1,316,802 reads, 486,706 reads pseudoaligned
	
	
[alignment] Processing pseudoalignment
[alignment] Processed 1316802 reads, 24358 pseudoaligned to HLA reference
[alignment] 21724 reads mapped to a single HLA gene
[alignment] Observed HLA genes:
		gene          abundance    read count    classes
		HLA-A             9.86%          2380        151
		HLA-B            21.80%          5218        226
		HLA-C             5.15%          1246        109
		HLA-DMA           7.52%          1300          2
		HLA-DMB           5.17%           900          4
		HLA-DOA           0.41%            68          7
		HLA-DOB           0.34%            62          5
		HLA-DQA1          2.93%           494         33
		HLA-DQB1          0.61%           106         16
		HLA-DRA           6.52%          1096          7
		HLA-DRB1          3.88%           684         38
		HLA-DRB3          0.32%            56          5
		HLA-DRB5          1.69%           298          3
		HLA-E             5.92%          1410         15
		HLA-F            27.27%          6240          5
		HLA-H             0.05%            12          3
		HLA-J             0.01%             2          1
		HLA-K             0.18%            44          9
		HLA-L             0.27%            64          2
		HLA-P             0.09%            44          1
--------------------------------------------------------------------------------
[genotype] Genotyping parameters:
		population: prior
		minimum count: 75
		max iterations: 1000
		tolerance: 1e-06
		drop iterations: 4
		drop threshold: 0.1
		zygosity threshold: 0.15
--------------------------------------------------------------------------------
[genotype] Genotyping HLA-A
[genotype] 2380 reads aligned to HLA-A in 151 classes
[genotype] Top 10 alleles by undivided read count:
		allele                  read count	
		A*01:01:01                    1472	
		A*01:01:38                    1472	
		A*01:37                       1472	
		A*01:02                       1460	
		A*01:09                       1450	
		A*01:04N                      1428	
		A*01:128                      1410	
		A*01:01:71                    1408	
		A*01:16N                      1406	
		A*01:14                       1400	

[genotype] Quantifying allele transcript abundance
[genotype] EM converged after 9 iterations

[genotype] Top alleles by abundance:
		allele                  abundance
		A*02:01:01                 37.25%
		A*01:01:01                 31.37%
		A*01:01:38                 31.37%

[genotype] Pairs by % explained reads:
		allele pair                     explained	
		A*01:01:01, A*02:01:01              98.57%	

[genotype] Checking zygosity
[genotype] Likely heterozygous: minor/major nonshared count 0.59

[genotype] Most likely genotype explaining 2346 reads:
		A*01:01:01
		A*02:01:01
--------------------------------------------------------------------------------
[genotype] Genotyping HLA-B
[genotype] 5218 reads aligned to HLA-B in 226 classes
[genotype] Top 10 alleles by undivided read count:
		allele                  read count	
		B*08:132                      3892	
		B*42:01:01                    3884	
		B*08:01:01                    3866	
		B*42:02:01                    3858	
		B*08:128                      3826	
		B*08:56:02                    3824	
		B*08:26:03                    3796	
		B*08:01:29                    3722	
		B*08:155                      3722	
		B*08:145                      3704	

[genotype] Quantifying allele transcript abundance
[genotype] EM converged after 10 iterations

[genotype] Top alleles by abundance:
		allele                  abundance
		B*08:01:01                 57.30%
		B*07:02:01                 42.70%

[genotype] Pairs by % explained reads:
		allele pair                     explained	
		B*07:02:01, B*08:01:01              98.85%	

[genotype] Checking zygosity
[genotype] Likely heterozygous: minor/major nonshared count 0.75

[genotype] Most likely genotype explaining 5158 reads:
		B*07:02:01
		B*08:01:01
--------------------------------------------------------------------------------
[genotype] Genotyping HLA-C
[genotype] 1246 reads aligned to HLA-C in 109 classes
[genotype] Top 10 alleles by undivided read count:
		allele                  read count	
		C*07:01:01                    1162	
		C*07:01:50                    1148	
		C*07:26:01                    1132	
		C*07:02:01                    1124	
		C*07:01:45                    1122	
		C*07:30                       1116	
		C*07:36                       1116	
		C*07:385                      1114	
		C*07:488                      1114	
		C*07:421                      1112	

[genotype] Quantifying allele transcript abundance
[genotype] EM converged after 17 iterations

[genotype] Top alleles by abundance:
		allele                  abundance
		C*07:01:01                 43.26%
		C*07:02:01                 38.55%
		C*07:01:50                 18.18%

[genotype] Pairs by % explained reads:
		allele pair                     explained	
		C*07:01:50, C*07:02:01              98.72%	

[genotype] Checking zygosity
[genotype] Likely heterozygous: minor/major nonshared count 0.60

[genotype] Most likely genotype explaining 1230 reads:
		C*07:01:01
		C*07:02:01
--------------------------------------------------------------------------------
[genotype] Genotyping HLA-DPB1
[genotype] Not enough reads aligned to HLA-DPB1 to genotype.
--------------------------------------------------------------------------------
[genotype] Genotyping HLA-DQA1
[genotype] 494 reads aligned to HLA-DQA1 in 33 classes
[genotype] Top 10 alleles by undivided read count:
		allele                  read count	
		DQA1*01:02:01                  284	
		DQA1*01:02:02                  272	
		DQA1*01:02:03                  268	
		DQA1*01:11                     266	
		DQA1*01:02:04                  262	
		DQA1*01:01:01                  216	
		DQA1*05:01:01                  212	
		DQA1*05:03                     208	
		DQA1*01:04:01                  204	
		DQA1*01:05:01                  204	

[genotype] Quantifying allele transcript abundance
[genotype] EM converged after 9 iterations

[genotype] Top alleles by abundance:
		allele                  abundance
		DQA1*01:02:01              57.28%
		DQA1*05:01:01              42.72%

[genotype] Pairs by % explained reads:
		allele pair                     explained	
		DQA1*01:02:01, DQA1*05:01:01        99.60%	

[genotype] Checking zygosity
[genotype] Likely heterozygous: minor/major nonshared count 0.74

[genotype] Most likely genotype explaining 492 reads:
		DQA1*01:02:01
		DQA1*05:01:01
--------------------------------------------------------------------------------
[genotype] Genotyping HLA-DQB1
[genotype] 106 reads aligned to HLA-DQB1 in 16 classes
[genotype] Top 10 alleles by undivided read count:
		allele                  read count	
		DQB1*06:107                     52	
		DQB1*02:01:01                   52	
		DQB1*02:53Q                     52	
		DQB1*06:02:01                   52	
		DQB1*06:115                     52	
		DQB1*06:125                     52	
		DQB1*06:02:25                   50	
		DQB1*06:112N                    50	
		DQB1*06:02:11                   48	
		DQB1*06:03:01                   48	

[genotype] Quantifying allele transcript abundance
[genotype] EM converged after 8 iterations

[genotype] Top alleles by abundance:
		allele                  abundance
		DQB1*02:01:01              49.06%
		DQB1*06:107                25.47%
		DQB1*06:02:01              25.47%

[genotype] Pairs by % explained reads:
		allele pair                     explained	
		DQB1*06:107, DQB1*02:01:01          98.11%	
		DQB1*02:01:01, DQB1*06:02:01        98.11%	
		DQB1*06:107, DQB1*06:02:01          50.94%	

[genotype] Checking zygosity
[genotype] Likely heterozygous: minor/major nonshared count 1.00

[genotype] Most likely genotype explaining 104 reads:
		DQB1*02:01:01
		DQB1*06:02:01
--------------------------------------------------------------------------------
[genotype] Genotyping HLA-DRB1
[genotype] 684 reads aligned to HLA-DRB1 in 38 classes
[genotype] Top 10 alleles by undivided read count:
		allele                  read count	
		DRB1*03:01:01                  566	
		DRB1*03:07                     552	
		DRB1*03:04:01                  534	
		DRB1*03:15                     534	
		DRB1*03:01:02                  528	
		DRB1*03:06                     528	
		DRB1*13:27                     516	
		DRB1*14:21                     472	
		DRB1*14:17                     470	
		DRB1*13:20                     468	

[genotype] Quantifying allele transcript abundance
[genotype] EM converged after 8 iterations

[genotype] Top alleles by abundance:
		allele                  abundance
		DRB1*03:01:01              82.08%
		DRB1*15:01:01              17.92%

[genotype] Pairs by % explained reads:
		allele pair                     explained	
		DRB1*03:01:01, DRB1*15:01:01        99.42%	

[genotype] Checking zygosity
[genotype] Likely heterozygous: minor/major nonshared count 0.22

[genotype] Most likely genotype explaining 680 reads:
		DRB1*03:01:01
		DRB1*15:01:01
--------------------------------------------------------------------------------

