
--------------------------------------------------------------------------------
[log] Date: 2023-04-23
[log] Sample: 28_chr6
[log] Input file(s): extracted_files/28_chr6.extracted.fq.gz
[log] Reference: c5acf7a4342869351b2382b1cc1d1b5763e7e04e
--------------------------------------------------------------------------------
[alignment] Analyzing read length
[alignment] Pseudoaligning with Kallisto: 

	kallisto pseudo -i /Users/emilyhuntsman/Desktop/MS-S23/CompGen/Project/arcasHLA/scripts/../dat/ref/hla.idx -t 8 -o /tmp/arcas_beb0b04d-3d84-4c90-aa08-3c89ade8457c/ --single -l 200 -s 20 extracted_files/28_chr6.extracted.fq.gz

	
	[quant] fragment length distribution is truncated gaussian with mean = 200, sd = 20
	[index] k-mer length: 31
	[index] number of targets: 2,049
	[index] number of k-mers: 107,446
	[index] number of equivalence classes: 6,261
	[quant] running in single-end mode
	[quant] will process file 1: extracted_files/28_chr6.extracted.fq.gz
	[quant] finding pseudoalignments for the reads ... done
	[quant] processed 1,835,552 reads, 742,108 reads pseudoaligned
	
	
[alignment] Processing pseudoalignment
[alignment] Processed 1835552 reads, 81080 pseudoaligned to HLA reference
[alignment] 67274 reads mapped to a single HLA gene
[alignment] Observed HLA genes:
		gene          abundance    read count    classes
		HLA-A             7.18%          5886        181
		HLA-B            12.54%         10194        285
		HLA-C             6.92%          5686        259
		HLA-DMA           4.95%          2904          2
		HLA-DMB           2.90%          1712          3
		HLA-DOA           0.07%            42          6
		HLA-DOB           0.08%            50          5
		HLA-DPA1          0.00%             2          1
		HLA-DPB1          0.00%             2          1
		HLA-DQA1         34.69%         19890         58
		HLA-DQB1          1.22%           714         59
		HLA-DRA           9.20%          5256          5
		HLA-DRB1          2.95%          1764         43
		HLA-DRB4          0.94%           560          2
		HLA-DRB5          1.30%           778          3
		HLA-DRB7          0.01%             4          1
		HLA-E             2.94%          2382         13
		HLA-F            11.78%          9154          5
		HLA-G             0.01%             4          2
		HLA-H             0.03%            26         10
		HLA-K             0.06%            46         10
		HLA-L             0.14%           116          2
		HLA-P             0.05%            84          1
		HLA-Y             0.03%            18          1
--------------------------------------------------------------------------------
[genotype] Genotyping parameters:
		population: prior
		minimum count: 75
		max iterations: 1000
		tolerance: 1e-06
		drop iterations: 4
		drop threshold: 0.1
		zygosity threshold: 0.15
--------------------------------------------------------------------------------
[genotype] Genotyping HLA-A
[genotype] 5886 reads aligned to HLA-A in 181 classes
[genotype] Top 10 alleles by undivided read count:
		allele                  read count	
		A*02:01:01                    5752	
		A*02:30                       5710	
		A*02:01:120                   5698	
		A*02:06:01                    5698	
		A*02:06:22                    5698	
		A*02:602                      5678	
		A*02:21                       5662	
		A*02:603                      5662	
		A*02:07:01                    5644	
		A*02:33                       5644	

[genotype] Quantifying allele transcript abundance
[genotype] EM converged after 10 iterations

[genotype] Top alleles by abundance:
		allele                  abundance
		A*02:01:01                100.00%

[genotype] Most likely genotype explaining 5752 reads:
		A*02:01:01
		A*02:01:01
--------------------------------------------------------------------------------
[genotype] Genotyping HLA-B
[genotype] 10194 reads aligned to HLA-B in 285 classes
[genotype] Top 10 alleles by undivided read count:
		allele                  read count	
		B*07:02:01                    7206	
		B*07:252                      7182	
		B*07:86                       7180	
		B*07:41                       7146	
		B*07:254                      6996	
		B*07:261                      6994	
		B*07:04                       6960	
		B*07:03                       6946	
		B*07:02:48                    6944	
		B*07:07                       6942	

[genotype] Quantifying allele transcript abundance
[genotype] EM converged after 27 iterations

[genotype] Top alleles by abundance:
		allele                  abundance
		B*07:02:01                 55.13%
		B*44:02:01                 44.87%

[genotype] Pairs by % explained reads:
		allele pair                     explained	
		B*07:02:01, B*44:02:01              98.67%	

[genotype] Checking zygosity
[genotype] Likely heterozygous: minor/major nonshared count 0.81

[genotype] Most likely genotype explaining 10058 reads:
		B*07:02:01
		B*44:02:01
--------------------------------------------------------------------------------
[genotype] Genotyping HLA-C
[genotype] 5686 reads aligned to HLA-C in 259 classes
[genotype] Top 10 alleles by undivided read count:
		allele                  read count	
		C*05:01:01                    3200	
		C*05:113N                     3186	
		C*05:92N                      3174	
		C*05:98                       3172	
		C*05:117                      3122	
		C*05:88                       3116	
		C*05:25                       3110	
		C*05:110                      3104	
		C*05:109                      3102	
		C*05:111                      3100	

[genotype] Quantifying allele transcript abundance
[genotype] EM converged after 11 iterations

[genotype] Top alleles by abundance:
		allele                  abundance
		C*05:01:01                 56.97%
		C*07:02:01                 43.03%

[genotype] Pairs by % explained reads:
		allele pair                     explained	
		C*07:02:01, C*05:01:01              98.59%	

[genotype] Checking zygosity
[genotype] Likely heterozygous: minor/major nonshared count 0.76

[genotype] Most likely genotype explaining 5606 reads:
		C*07:02:01
		C*05:01:01
--------------------------------------------------------------------------------
[genotype] Genotyping HLA-DPB1
[genotype] Not enough reads aligned to HLA-DPB1 to genotype.
--------------------------------------------------------------------------------
[genotype] Genotyping HLA-DQA1
[genotype] 19890 reads aligned to HLA-DQA1 in 58 classes
[genotype] Top 10 alleles by undivided read count:
		allele                  read count	
		DQA1*03:01:01                19266	
		DQA1*03:03:01                16734	
		DQA1*03:02                   16718	
		DQA1*03:03:02                16392	
		DQA1*02:01:01                 8286	
		DQA1*01:02:02                 1998	
		DQA1*01:02:04                 1992	
		DQA1*01:02:01                 1954	
		DQA1*01:02:03                 1928	
		DQA1*01:11                    1852	

[genotype] Quantifying allele transcript abundance
[genotype] EM converged after 7 iterations

[genotype] Top alleles by abundance:
		allele                  abundance
		DQA1*03:01:01             100.00%

[genotype] Most likely genotype explaining 19266 reads:
		DQA1*03:01:01
		DQA1*03:01:01
--------------------------------------------------------------------------------
[genotype] Genotyping HLA-DQB1
[genotype] 714 reads aligned to HLA-DQB1 in 59 classes
[genotype] Top 10 alleles by undivided read count:
		allele                  read count	
		DQB1*06:02:01                  362	
		DQB1*06:114                    360	
		DQB1*06:113                    358	
		DQB1*06:115                    358	
		DQB1*06:02:25                  354	
		DQB1*03:02:01                  354	
		DQB1*06:02:11                  352	
		DQB1*06:107                    352	
		DQB1*06:125                    352	
		DQB1*06:112N                   346	

[genotype] Quantifying allele transcript abundance
[genotype] EM converged after 9 iterations

[genotype] Top alleles by abundance:
		allele                  abundance
		DQB1*06:02:01              50.56%
		DQB1*03:02:01              49.44%

[genotype] Pairs by % explained reads:
		allele pair                     explained	
		DQB1*06:02:01, DQB1*03:02:01        99.72%	

[genotype] Checking zygosity
[genotype] Likely heterozygous: minor/major nonshared count 0.98

[genotype] Most likely genotype explaining 712 reads:
		DQB1*06:02:01
		DQB1*03:02:01
--------------------------------------------------------------------------------
[genotype] Genotyping HLA-DRB1
[genotype] 1764 reads aligned to HLA-DRB1 in 43 classes
[genotype] Top 10 alleles by undivided read count:
		allele                  read count	
		DRB1*04:01:01                 1098	
		DRB1*04:16                    1040	
		DRB1*04:26                    1032	
		DRB1*04:09                    1030	
		DRB1*04:08:01                 1016	
		DRB1*04:14                    1010	
		DRB1*04:07:01                 1002	
		DRB1*04:31                    1002	
		DRB1*04:05:01                  990	
		DRB1*04:04:01                  982	

[genotype] Quantifying allele transcript abundance
[genotype] EM converged after 7 iterations

[genotype] Top alleles by abundance:
		allele                  abundance
		DRB1*04:01:01              63.21%
		DRB1*15:01:01              36.79%

[genotype] Pairs by % explained reads:
		allele pair                     explained	
		DRB1*04:01:01, DRB1*15:01:01        98.41%	

[genotype] Checking zygosity
[genotype] Likely heterozygous: minor/major nonshared count 0.58

[genotype] Most likely genotype explaining 1736 reads:
		DRB1*04:01:01
		DRB1*15:01:01
--------------------------------------------------------------------------------

