
--------------------------------------------------------------------------------
[log] Date: 2023-04-23
[log] Sample: 70_chr6
[log] Input file(s): extracted_files/70_chr6.extracted.fq.gz
[log] Reference: c5acf7a4342869351b2382b1cc1d1b5763e7e04e
--------------------------------------------------------------------------------
[alignment] Analyzing read length
[alignment] Pseudoaligning with Kallisto: 

	kallisto pseudo -i /Users/emilyhuntsman/Desktop/MS-S23/CompGen/Project/arcasHLA/scripts/../dat/ref/hla.idx -t 8 -o /tmp/arcas_5c8eccf7-9776-4ee6-900c-449618397aac/ --single -l 200 -s 20 extracted_files/70_chr6.extracted.fq.gz

	
	[quant] fragment length distribution is truncated gaussian with mean = 200, sd = 20
	[index] k-mer length: 31
	[index] number of targets: 2,049
	[index] number of k-mers: 107,446
	[index] number of equivalence classes: 6,261
	[quant] running in single-end mode
	[quant] will process file 1: extracted_files/70_chr6.extracted.fq.gz
	[quant] finding pseudoalignments for the reads ... done
	[quant] processed 1,490,448 reads, 626,700 reads pseudoaligned
	
	
[alignment] Processing pseudoalignment
[alignment] Processed 1490448 reads, 38104 pseudoaligned to HLA reference
[alignment] 33216 reads mapped to a single HLA gene
[alignment] Observed HLA genes:
		gene          abundance    read count    classes
		HLA-A             8.17%          3224        160
		HLA-B            14.49%          5674        292
		HLA-C             9.14%          3620        231
		HLA-DMA           6.00%          1696          2
		HLA-DMB           1.71%           488          3
		HLA-DOA           0.13%            34          4
		HLA-DOB           0.39%           116          5
		HLA-DPA1          0.01%             2          1
		HLA-DPB1          0.01%             4          2
		HLA-DQA1         27.15%          7496         37
		HLA-DQB1          1.00%           282         20
		HLA-DRA           7.50%          2062          8
		HLA-DRB1          6.29%          1812         44
		HLA-DRB3          0.53%           152          6
		HLA-DRB4          0.89%           256          3
		HLA-E             3.79%          1478         15
		HLA-F            12.27%          4592          5
		HLA-H             0.05%            18          6
		HLA-K             0.08%            32          7
		HLA-L             0.36%           140          2
		HLA-P             0.05%            38          1
--------------------------------------------------------------------------------
[genotype] Genotyping parameters:
		population: prior
		minimum count: 75
		max iterations: 1000
		tolerance: 1e-06
		drop iterations: 4
		drop threshold: 0.1
		zygosity threshold: 0.15
--------------------------------------------------------------------------------
[genotype] Genotyping HLA-A
[genotype] 3224 reads aligned to HLA-A in 160 classes
[genotype] Top 10 alleles by undivided read count:
		allele                  read count	
		A*02:24:01                    3104	
		A*02:01:01                    3098	
		A*02:30                       3044	
		A*02:251                      3042	
		A*02:06:01                    3040	
		A*02:01:120                   3038	
		A*02:06:22                    3038	
		A*02:533                      3028	
		A*02:564                      3016	
		A*02:60:01                    3008	

[genotype] Quantifying allele transcript abundance
[genotype] EM converged after 9 iterations

[genotype] Top alleles by abundance:
		allele                  abundance
		A*02:24:01                 52.63%
		A*02:01:01                 47.37%

[genotype] Pairs by % explained reads:
		allele pair                     explained	
		A*02:24:01, A*02:01:01              97.95%	

[genotype] Checking zygosity
[genotype] Likely heterozygous: minor/major nonshared count 0.90

[genotype] Most likely genotype explaining 3158 reads:
		A*02:24:01
		A*02:01:01
--------------------------------------------------------------------------------
[genotype] Genotyping HLA-B
[genotype] 5674 reads aligned to HLA-B in 292 classes
[genotype] Top 10 alleles by undivided read count:
		allele                  read count	
		B*07:02:01                    3834	
		B*07:252                      3814	
		B*07:86                       3812	
		B*07:41                       3744	
		B*07:261                      3668	
		B*07:254                      3656	
		B*07:02:48                    3642	
		B*07:07                       3642	
		B*07:77                       3634	
		B*07:04                       3630	

[genotype] Quantifying allele transcript abundance
[genotype] EM converged after 11 iterations

[genotype] Top alleles by abundance:
		allele                  abundance
		B*07:02:01                 60.76%
		B*35:01:01                 29.95%
		B*48:02:01                  9.28%

[genotype] Pairs by % explained reads:
		allele pair                     explained	
		B*07:02:01, B*35:01:01              97.18%	
		B*07:02:01, B*48:02:01              93.41%	
		B*35:01:01, B*48:02:01              57.03%	

[genotype] Checking zygosity
[genotype] Likely heterozygous: minor/major nonshared count 0.61

[genotype] Most likely genotype explaining 5514 reads:
		B*07:02:01
		B*35:01:01
--------------------------------------------------------------------------------
[genotype] Genotyping HLA-C
[genotype] 3620 reads aligned to HLA-C in 231 classes
[genotype] Top 10 alleles by undivided read count:
		allele                  read count	
		C*04:01:01                    2540	
		C*04:145                      2512	
		C*04:198                      2512	
		C*04:71                       2508	
		C*04:42:01                    2500	
		C*04:200                      2486	
		C*04:42:02                    2484	
		C*04:199                      2468	
		C*04:187                      2452	
		C*04:01:44                    2446	

[genotype] Quantifying allele transcript abundance
[genotype] EM converged after 8 iterations

[genotype] Top alleles by abundance:
		allele                  abundance
		C*04:01:01                 71.02%
		C*07:02:01                 28.98%

[genotype] Pairs by % explained reads:
		allele pair                     explained	
		C*07:02:01, C*04:01:01              98.73%	

[genotype] Checking zygosity
[genotype] Likely heterozygous: minor/major nonshared count 0.41

[genotype] Most likely genotype explaining 3574 reads:
		C*07:02:01
		C*04:01:01
--------------------------------------------------------------------------------
[genotype] Genotyping HLA-DPB1
[genotype] Not enough reads aligned to HLA-DPB1 to genotype.
--------------------------------------------------------------------------------
[genotype] Genotyping HLA-DQA1
[genotype] 7496 reads aligned to HLA-DQA1 in 37 classes
[genotype] Top 10 alleles by undivided read count:
		allele                  read count	
		DQA1*02:01:01                 7332	
		DQA1*03:01:01                 4274	
		DQA1*03:03:01                 3322	
		DQA1*03:02                    3316	
		DQA1*03:03:02                 3266	
		DQA1*06:01:01                  802	
		DQA1*04:01:01                  796	
		DQA1*04:01:02                  794	
		DQA1*01:03:01                  564	
		DQA1*01:10                     560	

[genotype] Quantifying allele transcript abundance
[genotype] EM converged after 7 iterations

[genotype] Top alleles by abundance:
		allele                  abundance
		DQA1*02:01:01             100.00%

[genotype] Most likely genotype explaining 7332 reads:
		DQA1*02:01:01
		DQA1*02:01:01
--------------------------------------------------------------------------------
[genotype] Genotyping HLA-DQB1
[genotype] 282 reads aligned to HLA-DQB1 in 20 classes
[genotype] Top 10 alleles by undivided read count:
		allele                  read count	
		DQB1*02:02:01                  156	
		DQB1*02:62                     156	
		DQB1*02:01:08                  152	
		DQB1*02:12                     150	
		DQB1*02:01:01                  144	
		DQB1*02:53Q                    144	
		DQB1*03:01:01                  132	
		DQB1*03:92                     130	
		DQB1*03:01:21                  126	
		DQB1*03:116                    126	

[genotype] Quantifying allele transcript abundance
[genotype] EM converged after 7 iterations

[genotype] Top alleles by abundance:
		allele                  abundance
		DQB1*02:02:01              48.02%
		DQB1*03:01:01              45.65%
		DQB1*02:62                  6.32%

[genotype] Pairs by % explained reads:
		allele pair                     explained	
		DQB1*02:02:01, DQB1*03:01:01       100.00%	
		DQB1*02:62, DQB1*03:01:01          100.00%	
		DQB1*02:02:01, DQB1*02:62           55.32%	

[genotype] Checking zygosity
[genotype] Likely heterozygous: minor/major nonshared count 0.84

[genotype] Most likely genotype explaining 282 reads:
		DQB1*02:02:01
		DQB1*03:01:01
--------------------------------------------------------------------------------
[genotype] Genotyping HLA-DRB1
[genotype] 1812 reads aligned to HLA-DRB1 in 44 classes
[genotype] Top 10 alleles by undivided read count:
		allele                  read count	
		DRB1*11:01:01                 1044	
		DRB1*11:05                    1012	
		DRB1*11:01:02                  972	
		DRB1*11:15                     968	
		DRB1*11:29:01                  968	
		DRB1*11:19:01                  964	
		DRB1*11:04:01                  962	
		DRB1*11:06:01                  962	
		DRB1*13:14:02                  962	
		DRB1*11:09                     960	

[genotype] Quantifying allele transcript abundance
[genotype] EM converged after 7 iterations

[genotype] Top alleles by abundance:
		allele                  abundance
		DRB1*11:01:01              57.87%
		DRB1*07:01:01              42.13%

[genotype] Pairs by % explained reads:
		allele pair                     explained	
		DRB1*11:01:01, DRB1*07:01:01        99.56%	

[genotype] Checking zygosity
[genotype] Likely heterozygous: minor/major nonshared count 0.73

[genotype] Most likely genotype explaining 1804 reads:
		DRB1*11:01:01
		DRB1*07:01:01
--------------------------------------------------------------------------------

