
--------------------------------------------------------------------------------
[log] Date: 2023-04-23
[log] Sample: 91_chr6
[log] Input file(s): extracted_files/91_chr6.extracted.fq.gz
[log] Reference: c5acf7a4342869351b2382b1cc1d1b5763e7e04e
--------------------------------------------------------------------------------
[alignment] Analyzing read length
[alignment] Pseudoaligning with Kallisto: 

	kallisto pseudo -i /Users/emilyhuntsman/Desktop/MS-S23/CompGen/Project/arcasHLA/scripts/../dat/ref/hla.idx -t 8 -o /tmp/arcas_33d803cc-d80d-490c-ae4c-0b1491cf7929/ --single -l 200 -s 20 extracted_files/91_chr6.extracted.fq.gz

	
	[quant] fragment length distribution is truncated gaussian with mean = 200, sd = 20
	[index] k-mer length: 31
	[index] number of targets: 2,049
	[index] number of k-mers: 107,446
	[index] number of equivalence classes: 6,261
	[quant] running in single-end mode
	[quant] will process file 1: extracted_files/91_chr6.extracted.fq.gz
	[quant] finding pseudoalignments for the reads ... done
	[quant] processed 771,280 reads, 219,500 reads pseudoaligned
	
	
[alignment] Processing pseudoalignment
[alignment] Processed 771280 reads, 61484 pseudoaligned to HLA reference
[alignment] 53114 reads mapped to a single HLA gene
[alignment] Observed HLA genes:
		gene          abundance    read count    classes
		HLA-A            21.59%         12236        247
		HLA-B            24.61%         13832        321
		HLA-C            18.61%         10574        286
		HLA-DMA           1.45%           590          2
		HLA-DMB           0.78%           318          3
		HLA-DOA           0.02%             6          2
		HLA-DOB           0.11%            46          4
		HLA-DPB1          0.00%             2          1
		HLA-DQA1          6.96%          2758         40
		HLA-DQB1          0.95%           386         52
		HLA-DRA           6.51%          2572          9
		HLA-DRB1          1.82%           754         44
		HLA-DRB4          0.43%           176          2
		HLA-DRB5          0.63%           262          4
		HLA-E             7.76%          4344         15
		HLA-F             7.37%          3958          8
		HLA-G             0.02%            12          3
		HLA-H             0.01%             8          4
		HLA-J             0.01%             6          2
		HLA-K             0.05%            28          5
		HLA-L             0.16%            92          3
		HLA-P             0.14%           152          1
		HLA-Y             0.00%             2          1
--------------------------------------------------------------------------------
[genotype] Genotyping parameters:
		population: prior
		minimum count: 75
		max iterations: 1000
		tolerance: 1e-06
		drop iterations: 4
		drop threshold: 0.1
		zygosity threshold: 0.15
--------------------------------------------------------------------------------
[genotype] Genotyping HLA-A
[genotype] 12236 reads aligned to HLA-A in 247 classes
[genotype] Top 10 alleles by undivided read count:
		allele                  read count	
		A*11:69N                      9934	
		A*11:01:01                    9932	
		A*11:56                       9904	
		A*11:74                       9900	
		A*11:02:01                    9898	
		A*11:01:04                    9882	
		A*11:12                       9876	
		A*11:01:72                    9872	
		A*11:75                       9862	
		A*11:07                       9860	

[genotype] Quantifying allele transcript abundance
[genotype] EM converged after 35 iterations

[genotype] Top alleles by abundance:
		allele                  abundance
		A*11:69N                   56.57%
		A*03:78                    23.08%
		A*03:01:01                 20.35%

[genotype] Pairs by % explained reads:
		allele pair                     explained	
		A*11:69N, A*03:78                   97.60%	
		A*11:69N, A*03:01:01                97.55%	
		A*03:01:01, A*03:78                 76.28%	

[genotype] Checking zygosity
[genotype] Likely heterozygous: minor/major nonshared count 0.76

[genotype] Most likely genotype explaining 11942 reads:
		A*11:69N
		A*03:78
--------------------------------------------------------------------------------
[genotype] Genotyping HLA-B
[genotype] 13832 reads aligned to HLA-B in 321 classes
[genotype] Top 10 alleles by undivided read count:
		allele                  read count	
		B*07:02:01                    8336	
		B*07:252                      8330	
		B*07:86                       8314	
		B*07:41                       8312	
		B*07:254                      8294	
		B*07:261                      8294	
		B*07:253                      8290	
		B*07:02:48                    8288	
		B*07:15                       8286	
		B*07:77                       8284	

[genotype] Quantifying allele transcript abundance
[genotype] EM converged after 14 iterations

[genotype] Top alleles by abundance:
		allele                  abundance
		B*07:02:01                 49.29%
		B*37:01:01                 33.56%
		B*37:01:10                  9.26%
		B*07:254                    7.89%

[genotype] Pairs by % explained reads:
		allele pair                     explained	
		B*37:01:01, B*07:02:01              97.50%	
		B*07:254, B*37:01:01                97.19%	
		B*07:254, B*07:02:01                60.32%	

[genotype] Checking zygosity
[genotype] Likely heterozygous: minor/major nonshared count 0.75

[genotype] Most likely genotype explaining 13486 reads:
		B*37:01:01
		B*07:02:01
--------------------------------------------------------------------------------
[genotype] Genotyping HLA-C
[genotype] 10574 reads aligned to HLA-C in 286 classes
[genotype] Top 10 alleles by undivided read count:
		allele                  read count	
		C*06:02:01                    5564	
		C*06:02:42                    5542	
		C*06:142                      5532	
		C*06:23                       5532	
		C*06:02:31                    5530	
		C*06:02:44                    5530	
		C*06:127:01                   5530	
		C*06:120                      5528	
		C*06:156                      5526	
		C*06:149                      5526	

[genotype] Quantifying allele transcript abundance
[genotype] EM converged after 16 iterations

[genotype] Top alleles by abundance:
		allele                  abundance
		C*07:02:01                 46.91%
		C*06:02:01                 44.87%
		C*06:156                    8.22%

[genotype] Pairs by % explained reads:
		allele pair                     explained	
		C*07:02:01, C*06:02:01              98.34%	
		C*06:156, C*07:02:01                98.18%	
		C*06:156, C*06:02:01                52.68%	

[genotype] Checking zygosity
[genotype] Likely heterozygous: minor/major nonshared count 0.88

[genotype] Most likely genotype explaining 10398 reads:
		C*07:02:01
		C*06:02:01
--------------------------------------------------------------------------------
[genotype] Genotyping HLA-DPB1
[genotype] Not enough reads aligned to HLA-DPB1 to genotype.
--------------------------------------------------------------------------------
[genotype] Genotyping HLA-DQA1
[genotype] 2758 reads aligned to HLA-DQA1 in 40 classes
[genotype] Top 10 alleles by undivided read count:
		allele                  read count	
		DQA1*03:01:01                 2580	
		DQA1*03:03:01                 2174	
		DQA1*03:02                    2152	
		DQA1*03:03:02                 2044	
		DQA1*02:01:01                 1184	
		DQA1*01:02:02                  504	
		DQA1*01:02:04                  498	
		DQA1*01:02:01                  454	
		DQA1*01:02:03                  442	
		DQA1*01:03:01                  416	

[genotype] Quantifying allele transcript abundance
[genotype] EM converged after 7 iterations

[genotype] Top alleles by abundance:
		allele                  abundance
		DQA1*03:01:01             100.00%

[genotype] Most likely genotype explaining 2580 reads:
		DQA1*03:01:01
		DQA1*03:01:01
--------------------------------------------------------------------------------
[genotype] Genotyping HLA-DQB1
[genotype] 386 reads aligned to HLA-DQB1 in 52 classes
[genotype] Top 10 alleles by undivided read count:
		allele                  read count	
		DQB1*06:02:01                  196	
		DQB1*06:113                    194	
		DQB1*03:02:01                  192	
		DQB1*06:112N                   192	
		DQB1*06:114                    192	
		DQB1*06:125                    192	
		DQB1*06:02:11                  190	
		DQB1*06:02:25                  190	
		DQB1*03:02:11                  188	
		DQB1*06:03:01                  188	

[genotype] Quantifying allele transcript abundance
[genotype] EM converged after 10 iterations

[genotype] Top alleles by abundance:
		allele                  abundance
		DQB1*06:02:01              50.54%
		DQB1*03:02:01              49.46%

[genotype] Pairs by % explained reads:
		allele pair                     explained	
		DQB1*03:02:01, DQB1*06:02:01        98.45%	

[genotype] Checking zygosity
[genotype] Likely heterozygous: minor/major nonshared count 0.98

[genotype] Most likely genotype explaining 380 reads:
		DQB1*03:02:01
		DQB1*06:02:01
--------------------------------------------------------------------------------
[genotype] Genotyping HLA-DRB1
[genotype] 754 reads aligned to HLA-DRB1 in 44 classes
[genotype] Top 10 alleles by undivided read count:
		allele                  read count	
		DRB1*04:01:01                  488	
		DRB1*04:09                     472	
		DRB1*04:26                     472	
		DRB1*04:16                     470	
		DRB1*04:08:01                  446	
		DRB1*04:14                     446	
		DRB1*04:05:01                  436	
		DRB1*04:07:01                  430	
		DRB1*04:31                     430	
		DRB1*04:04:01                  414	

[genotype] Quantifying allele transcript abundance
[genotype] EM converged after 7 iterations

[genotype] Top alleles by abundance:
		allele                  abundance
		DRB1*04:01:01              66.12%
		DRB1*15:01:01              33.88%

[genotype] Pairs by % explained reads:
		allele pair                     explained	
		DRB1*04:01:01, DRB1*15:01:01        97.88%	

[genotype] Checking zygosity
[genotype] Likely heterozygous: minor/major nonshared count 0.51

[genotype] Most likely genotype explaining 738 reads:
		DRB1*04:01:01
		DRB1*15:01:01
--------------------------------------------------------------------------------

