
--------------------------------------------------------------------------------
[log] Date: 2023-04-23
[log] Sample: 114_chr6
[log] Input file(s): extracted_files/114_chr6.extracted.fq.gz
[log] Reference: c5acf7a4342869351b2382b1cc1d1b5763e7e04e
--------------------------------------------------------------------------------
[alignment] Analyzing read length
[alignment] Pseudoaligning with Kallisto: 

	kallisto pseudo -i /Users/emilyhuntsman/Desktop/MS-S23/CompGen/Project/arcasHLA/scripts/../dat/ref/hla.idx -t 8 -o /tmp/arcas_68966ae1-9427-406a-bc5a-bb988cdbaa6c/ --single -l 200 -s 20 extracted_files/114_chr6.extracted.fq.gz

	
	[quant] fragment length distribution is truncated gaussian with mean = 200, sd = 20
	[index] k-mer length: 31
	[index] number of targets: 2,049
	[index] number of k-mers: 107,446
	[index] number of equivalence classes: 6,261
	[quant] running in single-end mode
	[quant] will process file 1: extracted_files/114_chr6.extracted.fq.gz
	[quant] finding pseudoalignments for the reads ... done
	[quant] processed 2,168,740 reads, 1,015,394 reads pseudoaligned
	
	
[alignment] Processing pseudoalignment
[alignment] Processed 2168740 reads, 68322 pseudoaligned to HLA reference
[alignment] 56456 reads mapped to a single HLA gene
[alignment] Observed HLA genes:
		gene          abundance    read count    classes
		HLA-A             9.31%          6132        205
		HLA-B            11.82%          7722        311
		HLA-C            11.09%          7324        204
		HLA-DMA           8.48%          3998          2
		HLA-DMB           4.43%          2106          3
		HLA-DOA           0.19%            84          5
		HLA-DOB           0.20%            98          4
		HLA-DPB1          0.01%             4          2
		HLA-DQA1          3.57%          1644         59
		HLA-DQB1          2.91%          1374         55
		HLA-DRA          16.78%          7704          6
		HLA-DRB1          8.52%          4094         65
		HLA-DRB2          0.02%             6          1
		HLA-DRB3          0.76%           366          8
		HLA-DRB4          0.02%             8          1
		HLA-DRB7          0.01%             4          1
		HLA-E             3.72%          2420         14
		HLA-F            17.90%         11180          6
		HLA-G             0.00%             2          1
		HLA-H             0.03%            22          6
		HLA-J             0.00%             2          1
		HLA-K             0.04%            26          6
		HLA-L             0.12%            76          2
		HLA-P             0.03%            38          1
		HLA-V             0.01%             4          1
		HLA-Y             0.04%            18          3
--------------------------------------------------------------------------------
[genotype] Genotyping parameters:
		population: prior
		minimum count: 75
		max iterations: 1000
		tolerance: 1e-06
		drop iterations: 4
		drop threshold: 0.1
		zygosity threshold: 0.15
--------------------------------------------------------------------------------
[genotype] Genotyping HLA-A
[genotype] 6132 reads aligned to HLA-A in 205 classes
[genotype] Top 10 alleles by undivided read count:
		allele                  read count	
		A*68:02:01                    3562	
		A*68:18N                      3512	
		A*68:140                      3484	
		A*68:71                       3418	
		A*68:02:02                    3414	
		A*68:01:01                    3408	
		A*68:01:02                    3408	
		A*68:07                       3408	
		A*68:17                       3408	
		A*68:139                      3406	

[genotype] Quantifying allele transcript abundance
[genotype] EM converged after 8 iterations

[genotype] Top alleles by abundance:
		allele                  abundance
		A*68:02:01                 58.53%
		A*03:01:01                 41.47%

[genotype] Pairs by % explained reads:
		allele pair                     explained	
		A*03:01:01, A*68:02:01              98.37%	

[genotype] Checking zygosity
[genotype] Likely heterozygous: minor/major nonshared count 0.71

[genotype] Most likely genotype explaining 6032 reads:
		A*03:01:01
		A*68:02:01
--------------------------------------------------------------------------------
[genotype] Genotyping HLA-B
[genotype] 7722 reads aligned to HLA-B in 311 classes
[genotype] Top 10 alleles by undivided read count:
		allele                  read count	
		B*81:01                       4324	
		B*35:01:01                    3558	
		B*35:42:01                    3546	
		B*35:263                      3544	
		B*35:07                       3528	
		B*48:02:01                    3498	
		B*35:313                      3490	
		B*35:228                      3488	
		B*53:01:01                    3488	
		B*35:20:01                    3484	

[genotype] Quantifying allele transcript abundance
[genotype] EM converged after 7 iterations

[genotype] Top alleles by abundance:
		allele                  abundance
		B*81:01                    55.24%
		B*35:01:01                 44.76%

[genotype] Pairs by % explained reads:
		allele pair                     explained	
		B*81:01, B*35:01:01                 98.39%	

[genotype] Checking zygosity
[genotype] Likely heterozygous: minor/major nonshared count 0.81

[genotype] Most likely genotype explaining 7598 reads:
		B*81:01
		B*35:01:01
--------------------------------------------------------------------------------
[genotype] Genotyping HLA-C
[genotype] 7324 reads aligned to HLA-C in 204 classes
[genotype] Top 10 alleles by undivided read count:
		allele                  read count	
		C*04:01:01                    6284	
		C*04:198                      6240	
		C*04:145                      6238	
		C*04:71                       6238	
		C*04:42:01                    6236	
		C*04:42:02                    6232	
		C*04:200                      6222	
		C*04:199                      6218	
		C*04:187                      6210	
		C*18:01                       6206	

[genotype] Quantifying allele transcript abundance
[genotype] EM converged after 10 iterations

[genotype] Top alleles by abundance:
		allele                  abundance
		C*04:01:01                 51.91%
		C*18:01                    48.09%

[genotype] Pairs by % explained reads:
		allele pair                     explained	
		C*18:01, C*04:01:01                 99.24%	

[genotype] Checking zygosity
[genotype] Likely heterozygous: minor/major nonshared count 0.93

[genotype] Most likely genotype explaining 7268 reads:
		C*18:01
		C*04:01:01
--------------------------------------------------------------------------------
[genotype] Genotyping HLA-DPB1
[genotype] Not enough reads aligned to HLA-DPB1 to genotype.
--------------------------------------------------------------------------------
[genotype] Genotyping HLA-DQA1
[genotype] 1644 reads aligned to HLA-DQA1 in 59 classes
[genotype] Top 10 alleles by undivided read count:
		allele                  read count	
		DQA1*01:01:01                 1132	
		DQA1*01:05:01                 1120	
		DQA1*01:05:02                 1120	
		DQA1*05:05:01                  700	
		DQA1*05:09                     700	
		DQA1*01:04:01                  698	
		DQA1*01:01:02                  694	
		DQA1*01:01:03                  678	
		DQA1*01:07Q                    678	
		DQA1*01:04:02                  672	

[genotype] Quantifying allele transcript abundance
[genotype] EM converged after 10 iterations

[genotype] Top alleles by abundance:
		allele                  abundance
		DQA1*01:01:01              64.94%
		DQA1*05:05:01              35.06%

[genotype] Pairs by % explained reads:
		allele pair                     explained	
		DQA1*01:01:01, DQA1*05:05:01        99.39%	

[genotype] Checking zygosity
[genotype] Likely heterozygous: minor/major nonshared count 0.54

[genotype] Most likely genotype explaining 1634 reads:
		DQA1*01:01:01
		DQA1*05:05:01
--------------------------------------------------------------------------------
[genotype] Genotyping HLA-DQB1
[genotype] 1374 reads aligned to HLA-DQB1 in 55 classes
[genotype] Top 10 alleles by undivided read count:
		allele                  read count	
		DQB1*05:01:01                  744	
		DQB1*05:45                     712	
		DQB1*05:02:01                  686	
		DQB1*05:102                    682	
		DQB1*05:02:08                  680	
		DQB1*05:46                     666	
		DQB1*05:56                     664	
		DQB1*05:57                     662	
		DQB1*05:02:07                  608	
		DQB1*03:01:01                  540	

[genotype] Quantifying allele transcript abundance
[genotype] EM converged after 11 iterations

[genotype] Top alleles by abundance:
		allele                  abundance
		DQB1*05:01:01              58.15%
		DQB1*03:01:01              41.85%

[genotype] Pairs by % explained reads:
		allele pair                     explained	
		DQB1*05:01:01, DQB1*03:01:01        92.29%	

[genotype] Checking zygosity
[genotype] Likely heterozygous: minor/major nonshared count 0.72

[genotype] Most likely genotype explaining 1268 reads:
		DQB1*05:01:01
		DQB1*03:01:01
--------------------------------------------------------------------------------
[genotype] Genotyping HLA-DRB1
[genotype] 4094 reads aligned to HLA-DRB1 in 65 classes
[genotype] Top 10 alleles by undivided read count:
		allele                  read count	
		DRB1*11:02:01                 2764	
		DRB1*11:03:01                 2688	
		DRB1*13:04                    2688	
		DRB1*11:04:01                 2686	
		DRB1*14:06:01                 2674	
		DRB1*13:11:01                 2670	
		DRB1*14:17                    2670	
		DRB1*13:17                    2668	
		DRB1*13:01:01                 2662	
		DRB1*11:14:01                 2646	

[genotype] Quantifying allele transcript abundance
[genotype] EM converged after 7 iterations

[genotype] Top alleles by abundance:
		allele                  abundance
		DRB1*11:02:01              68.48%
		DRB1*01:01:01              31.52%

[genotype] Pairs by % explained reads:
		allele pair                     explained	
		DRB1*11:02:01, DRB1*01:01:01        98.58%	

[genotype] Checking zygosity
[genotype] Likely heterozygous: minor/major nonshared count 0.46

[genotype] Most likely genotype explaining 4036 reads:
		DRB1*11:02:01
		DRB1*01:01:01
--------------------------------------------------------------------------------

