
--------------------------------------------------------------------------------
[log] Date: 2023-04-23
[log] Sample: 34_chr6
[log] Input file(s): extracted_files/34_chr6.extracted.fq.gz
[log] Reference: c5acf7a4342869351b2382b1cc1d1b5763e7e04e
--------------------------------------------------------------------------------
[alignment] Analyzing read length
[alignment] Pseudoaligning with Kallisto: 

	kallisto pseudo -i /Users/emilyhuntsman/Desktop/MS-S23/CompGen/Project/arcasHLA/scripts/../dat/ref/hla.idx -t 8 -o /tmp/arcas_4475f5dd-000a-44d4-af56-b3c0734cb155/ --single -l 200 -s 20 extracted_files/34_chr6.extracted.fq.gz

	
	[quant] fragment length distribution is truncated gaussian with mean = 200, sd = 20
	[index] k-mer length: 31
	[index] number of targets: 2,049
	[index] number of k-mers: 107,446
	[index] number of equivalence classes: 6,261
	[quant] running in single-end mode
	[quant] will process file 1: extracted_files/34_chr6.extracted.fq.gz
	[quant] finding pseudoalignments for the reads ... done
	[quant] processed 2,024,222 reads, 928,626 reads pseudoaligned
	
	
[alignment] Processing pseudoalignment
[alignment] Processed 2024222 reads, 50096 pseudoaligned to HLA reference
[alignment] 41724 reads mapped to a single HLA gene
[alignment] Observed HLA genes:
		gene          abundance    read count    classes
		HLA-A             8.32%          4004        168
		HLA-B            11.02%          5258        271
		HLA-C            10.64%          5134        207
		HLA-DMA           8.60%          2962          2
		HLA-DMB           5.04%          1748          3
		HLA-DOA           0.11%            36          3
		HLA-DOB           0.32%           116          5
		HLA-DPA1          0.01%             2          1
		HLA-DPB1          0.01%             4          2
		HLA-DQA1          3.67%          1234         47
		HLA-DQB1          2.72%           938         45
		HLA-DRA          13.01%          4362          6
		HLA-DRB1          7.34%          2576         55
		HLA-DRB3          0.55%           194          6
		HLA-DRB4          0.01%             2          1
		HLA-DRB5          0.01%             2          1
		HLA-DRB7          0.01%             4          1
		HLA-E             4.42%          2102         14
		HLA-F            23.76%         10840          6
		HLA-H             0.02%            10          3
		HLA-J             0.01%             4          1
		HLA-K             0.07%            32          8
		HLA-L             0.18%            88          2
		HLA-P             0.03%            26          1
		HLA-Y             0.13%            46          3
--------------------------------------------------------------------------------
[genotype] Genotyping parameters:
		population: prior
		minimum count: 75
		max iterations: 1000
		tolerance: 1e-06
		drop iterations: 4
		drop threshold: 0.1
		zygosity threshold: 0.15
--------------------------------------------------------------------------------
[genotype] Genotyping HLA-A
[genotype] 4004 reads aligned to HLA-A in 168 classes
[genotype] Top 10 alleles by undivided read count:
		allele                  read count	
		A*68:02:01                    2188	
		A*68:18N                      2140	
		A*68:140                      2118	
		A*68:02:02                    2102	
		A*68:71                       2060	
		A*68:01:01                    2054	
		A*68:01:02                    2050	
		A*68:07                       2050	
		A*68:139                      2050	
		A*68:17                       2050	

[genotype] Quantifying allele transcript abundance
[genotype] EM converged after 9 iterations

[genotype] Top alleles by abundance:
		allele                  abundance
		A*68:02:01                 54.09%
		A*03:01:01                 45.91%

[genotype] Pairs by % explained reads:
		allele pair                     explained	
		A*03:01:01, A*68:02:01              98.95%	

[genotype] Checking zygosity
[genotype] Likely heterozygous: minor/major nonshared count 0.85

[genotype] Most likely genotype explaining 3962 reads:
		A*03:01:01
		A*68:02:01
--------------------------------------------------------------------------------
[genotype] Genotyping HLA-B
[genotype] 5258 reads aligned to HLA-B in 271 classes
[genotype] Top 10 alleles by undivided read count:
		allele                  read count	
		B*81:01                       2930	
		B*35:01:01                    2404	
		B*35:263                      2384	
		B*35:42:01                    2380	
		B*35:07                       2374	
		B*35:313                      2322	
		B*35:228                      2316	
		B*35:20:01                    2312	
		B*35:271                      2306	
		B*35:286                      2304	

[genotype] Quantifying allele transcript abundance
[genotype] EM converged after 7 iterations

[genotype] Top alleles by abundance:
		allele                  abundance
		B*81:01                    55.36%
		B*35:01:01                 44.64%

[genotype] Pairs by % explained reads:
		allele pair                     explained	
		B*81:01, B*35:01:01                 97.38%	

[genotype] Checking zygosity
[genotype] Likely heterozygous: minor/major nonshared count 0.81

[genotype] Most likely genotype explaining 5120 reads:
		B*81:01
		B*35:01:01
--------------------------------------------------------------------------------
[genotype] Genotyping HLA-C
[genotype] 5134 reads aligned to HLA-C in 207 classes
[genotype] Top 10 alleles by undivided read count:
		allele                  read count	
		C*18:01                       4360	
		C*18:02                       4212	
		C*04:01:01                    4170	
		C*18:10                       4160	
		C*04:145                      4146	
		C*04:198                      4142	
		C*04:71                       4130	
		C*04:42:01                    4122	
		C*04:42:02                    4118	
		C*04:200                      4108	

[genotype] Quantifying allele transcript abundance
[genotype] EM converged after 10 iterations

[genotype] Top alleles by abundance:
		allele                  abundance
		C*18:01                    55.94%
		C*04:01:01                 44.06%

[genotype] Pairs by % explained reads:
		allele pair                     explained	
		C*18:01, C*04:01:01                 98.64%	

[genotype] Checking zygosity
[genotype] Likely heterozygous: minor/major nonshared count 0.79

[genotype] Most likely genotype explaining 5064 reads:
		C*18:01
		C*04:01:01
--------------------------------------------------------------------------------
[genotype] Genotyping HLA-DPB1
[genotype] Not enough reads aligned to HLA-DPB1 to genotype.
--------------------------------------------------------------------------------
[genotype] Genotyping HLA-DQA1
[genotype] 1234 reads aligned to HLA-DQA1 in 47 classes
[genotype] Top 10 alleles by undivided read count:
		allele                  read count	
		DQA1*01:01:01                  780	
		DQA1*01:05:01                  750	
		DQA1*01:05:02                  750	
		DQA1*05:05:01                  570	
		DQA1*05:09                     562	
		DQA1*05:08                     526	
		DQA1*01:04:01                  514	
		DQA1*01:07Q                    508	
		DQA1*01:04:02                  480	
		DQA1*01:02:01                  464	

[genotype] Quantifying allele transcript abundance
[genotype] EM converged after 8 iterations

[genotype] Top alleles by abundance:
		allele                  abundance
		DQA1*01:01:01              59.39%
		DQA1*05:05:01              40.61%

[genotype] Pairs by % explained reads:
		allele pair                     explained	
		DQA1*01:01:01, DQA1*05:05:01        99.51%	

[genotype] Checking zygosity
[genotype] Likely heterozygous: minor/major nonshared count 0.68

[genotype] Most likely genotype explaining 1228 reads:
		DQA1*01:01:01
		DQA1*05:05:01
--------------------------------------------------------------------------------
[genotype] Genotyping HLA-DQB1
[genotype] 938 reads aligned to HLA-DQB1 in 45 classes
[genotype] Top 10 alleles by undivided read count:
		allele                  read count	
		DQB1*05:01:01                  474	
		DQB1*05:45                     460	
		DQB1*05:02:01                  440	
		DQB1*05:02:08                  440	
		DQB1*05:102                    438	
		DQB1*05:56                     438	
		DQB1*05:57                     432	
		DQB1*05:46                     432	
		DQB1*05:02:07                  408	
		DQB1*03:01:01                  408	

[genotype] Quantifying allele transcript abundance
[genotype] EM converged after 9 iterations

[genotype] Top alleles by abundance:
		allele                  abundance
		DQB1*05:01:01              53.83%
		DQB1*03:01:01              46.17%

[genotype] Pairs by % explained reads:
		allele pair                     explained	
		DQB1*05:01:01, DQB1*03:01:01        92.96%	

[genotype] Checking zygosity
[genotype] Likely heterozygous: minor/major nonshared count 0.86

[genotype] Most likely genotype explaining 872 reads:
		DQB1*05:01:01
		DQB1*03:01:01
--------------------------------------------------------------------------------
[genotype] Genotyping HLA-DRB1
[genotype] 2576 reads aligned to HLA-DRB1 in 55 classes
[genotype] Top 10 alleles by undivided read count:
		allele                  read count	
		DRB1*11:02:01                 1870	
		DRB1*13:04                    1826	
		DRB1*11:03:01                 1824	
		DRB1*11:04:01                 1812	
		DRB1*13:11:01                 1806	
		DRB1*13:17                    1800	
		DRB1*11:21                    1798	
		DRB1*11:14:01                 1796	
		DRB1*13:01:01                 1788	
		DRB1*13:20                    1778	

[genotype] Quantifying allele transcript abundance
[genotype] EM converged after 7 iterations

[genotype] Top alleles by abundance:
		allele                  abundance
		DRB1*11:02:01              73.83%
		DRB1*01:01:01              26.17%

[genotype] Pairs by % explained reads:
		allele pair                     explained	
		DRB1*11:02:01, DRB1*01:01:01        98.29%	

[genotype] Checking zygosity
[genotype] Likely heterozygous: minor/major nonshared count 0.35

[genotype] Most likely genotype explaining 2532 reads:
		DRB1*11:02:01
		DRB1*01:01:01
--------------------------------------------------------------------------------

