
--------------------------------------------------------------------------------
[log] Date: 2023-04-23
[log] Sample: 75_chr6
[log] Input file(s): extracted_files/75_chr6.extracted.fq.gz
[log] Reference: c5acf7a4342869351b2382b1cc1d1b5763e7e04e
--------------------------------------------------------------------------------
[alignment] Analyzing read length
[alignment] Pseudoaligning with Kallisto: 

	kallisto pseudo -i /Users/emilyhuntsman/Desktop/MS-S23/CompGen/Project/arcasHLA/scripts/../dat/ref/hla.idx -t 8 -o /tmp/arcas_a4e98ca8-f765-487f-a8b3-966b00249b6f/ --single -l 200 -s 20 extracted_files/75_chr6.extracted.fq.gz

	
	[quant] fragment length distribution is truncated gaussian with mean = 200, sd = 20
	[index] k-mer length: 31
	[index] number of targets: 2,049
	[index] number of k-mers: 107,446
	[index] number of equivalence classes: 6,261
	[quant] running in single-end mode
	[quant] will process file 1: extracted_files/75_chr6.extracted.fq.gz
	[quant] finding pseudoalignments for the reads ... done
	[quant] processed 1,908,042 reads, 877,456 reads pseudoaligned
	
	
[alignment] Processing pseudoalignment
[alignment] Processed 1908042 reads, 27504 pseudoaligned to HLA reference
[alignment] 20792 reads mapped to a single HLA gene
[alignment] Observed HLA genes:
		gene          abundance    read count    classes
		HLA-A            12.76%          3026        163
		HLA-B            13.62%          3202        221
		HLA-C             7.06%          1678        129
		HLA-DMA           5.99%          1016          2
		HLA-DMB           1.89%           324          4
		HLA-DOB           0.30%            54          3
		HLA-DQA1         22.59%          3746         28
		HLA-DQB1          0.84%           142         21
		HLA-DRA           4.63%           764          7
		HLA-DRB1          2.78%           480         26
		HLA-DRB3          0.10%            18          2
		HLA-DRB4          0.82%           142          1
		HLA-DRB5          0.01%             2          1
		HLA-E            18.21%          4262         15
		HLA-F             7.74%          1740          7
		HLA-H             0.07%            16          6
		HLA-J             0.01%             2          1
		HLA-K             0.07%            16          4
		HLA-L             0.30%            72          2
		HLA-P             0.19%            86          1
		HLA-Y             0.02%             4          2
--------------------------------------------------------------------------------
[genotype] Genotyping parameters:
		population: prior
		minimum count: 75
		max iterations: 1000
		tolerance: 1e-06
		drop iterations: 4
		drop threshold: 0.1
		zygosity threshold: 0.15
--------------------------------------------------------------------------------
[genotype] Genotyping HLA-A
[genotype] 3026 reads aligned to HLA-A in 163 classes
[genotype] Top 10 alleles by undivided read count:
		allele                  read count	
		A*11:12                       1564	
		A*11:01:01                    1562	
		A*11:69N                      1562	
		A*11:56                       1544	
		A*11:02:01                    1540	
		A*11:210N                     1540	
		A*11:62                       1540	
		A*11:74                       1540	
		A*11:07                       1538	
		A*11:01:18                    1536	

[genotype] Quantifying allele transcript abundance
[genotype] EM converged after 11 iterations

[genotype] Top alleles by abundance:
		allele                  abundance
		A*11:01:01                 50.32%
		A*02:02:01                 44.24%
		A*01:01:71                  5.44%

[genotype] Pairs by % explained reads:
		allele pair                     explained	
		A*11:01:01, A*02:02:01              92.99%	
		A*01:01:71, A*02:02:01              88.63%	
		A*01:01:71, A*11:01:01              52.15%	

[genotype] Checking zygosity
[genotype] Likely heterozygous: minor/major nonshared count 0.80

[genotype] Most likely genotype explaining 2814 reads:
		A*11:01:01
		A*02:02:01
--------------------------------------------------------------------------------
[genotype] Genotyping HLA-B
[genotype] 3202 reads aligned to HLA-B in 221 classes
[genotype] Top 10 alleles by undivided read count:
		allele                  read count	
		B*41:01:01                    1666	
		B*15:02:01                    1654	
		B*41:35                       1650	
		B*15:25:01                    1636	
		B*41:02:01                    1632	
		B*41:41                       1632	
		B*15:13:01                    1608	
		B*15:21                       1608	
		B*41:44                       1608	
		B*41:02:06                    1604	

[genotype] Quantifying allele transcript abundance
[genotype] EM converged after 12 iterations

[genotype] Top alleles by abundance:
		allele                  abundance
		B*41:01:01                 43.24%
		B*15:02:01                 39.12%
		B*51:01:01                 11.61%
		B*44:02:01                  6.03%

[genotype] Pairs by % explained reads:
		allele pair                     explained	
		B*15:02:01, B*41:01:01              90.51%	
		B*51:01:01, B*41:01:01              76.08%	
		B*15:02:01, B*51:01:01              62.09%	
		B*44:02:01, B*15:02:01              61.15%	
		B*44:02:01, B*41:01:01              60.40%	
		B*44:02:01, B*51:01:01              55.65%	

[genotype] Checking zygosity
[genotype] Likely heterozygous: minor/major nonshared count 0.99

[genotype] Most likely genotype explaining 2898 reads:
		B*15:02:01
		B*41:01:01
--------------------------------------------------------------------------------
[genotype] Genotyping HLA-C
[genotype] 1678 reads aligned to HLA-C in 129 classes
[genotype] Top 10 alleles by undivided read count:
		allele                  read count	
		C*17:01:01                    1024	
		C*17:03                       1016	
		C*17:05                       1002	
		C*17:30                        996	
		C*08:01:01                     992	
		C*08:127N                      990	
		C*08:129N                      988	
		C*08:21                        982	
		C*08:36N                       980	
		C*08:24                        968	

[genotype] Quantifying allele transcript abundance
[genotype] EM converged after 12 iterations

[genotype] Top alleles by abundance:
		allele                  abundance
		C*17:01:01                 46.01%
		C*08:01:01                 40.88%
		C*14:02:01                 13.10%

[genotype] Pairs by % explained reads:
		allele pair                     explained	
		C*17:01:01, C*08:01:01              87.72%	
		C*17:01:01, C*14:02:01              75.21%	
		C*08:01:01, C*14:02:01              65.55%	

[genotype] Checking zygosity
[genotype] Likely heterozygous: minor/major nonshared count 0.93

[genotype] Most likely genotype explaining 1472 reads:
		C*17:01:01
		C*08:01:01
--------------------------------------------------------------------------------
[genotype] Genotyping HLA-DPB1
[genotype] Not enough reads aligned to HLA-DPB1 to genotype.
--------------------------------------------------------------------------------
[genotype] Genotyping HLA-DQA1
[genotype] 3746 reads aligned to HLA-DQA1 in 28 classes
[genotype] Top 10 alleles by undivided read count:
		allele                  read count	
		DQA1*03:02                    3592	
		DQA1*03:03:01                 3590	
		DQA1*03:03:02                 3582	
		DQA1*03:01:01                 3276	
		DQA1*02:01:01                 1302	
		DQA1*04:01:01                  122	
		DQA1*06:01:01                  122	
		DQA1*04:01:02                  120	
		DQA1*01:03:01                   98	
		DQA1*01:01:01                   96	

[genotype] Quantifying allele transcript abundance
[genotype] EM converged after 14 iterations

[genotype] Top alleles by abundance:
		allele                  abundance
		DQA1*03:02                 83.76%
		DQA1*03:01:01              16.24%

[genotype] Pairs by % explained reads:
		allele pair                     explained	
		DQA1*03:01:01, DQA1*03:02           97.92%	

[genotype] Checking zygosity
[genotype] Likely heterozygous: minor/major nonshared count 0.19

[genotype] Most likely genotype explaining 3668 reads:
		DQA1*03:01:01
		DQA1*03:02
--------------------------------------------------------------------------------
[genotype] Genotyping HLA-DQB1
[genotype] 142 reads aligned to HLA-DQB1 in 21 classes
[genotype] Top 10 alleles by undivided read count:
		allele                  read count	
		DQB1*05:03:01                   98	
		DQB1*05:56                      80	
		DQB1*05:02:01                   70	
		DQB1*05:02:08                   70	
		DQB1*05:102                     70	
		DQB1*05:46                      68	
		DQB1*05:57                      68	
		DQB1*05:01:01                   66	
		DQB1*05:47                      66	
		DQB1*05:02:07                   62	

[genotype] Quantifying allele transcript abundance
[genotype] EM converged after 9 iterations

[genotype] Top alleles by abundance:
		allele                  abundance
		DQB1*05:03:01              56.06%
		DQB1*03:03:02              22.11%
		DQB1*05:56                 21.83%

[genotype] Pairs by % explained reads:
		allele pair                     explained	
		DQB1*05:03:01, DQB1*03:03:02        90.14%	
		DQB1*05:56, DQB1*03:03:02           77.46%	
		DQB1*05:03:01, DQB1*05:56           76.06%	

[genotype] Checking zygosity
[genotype] Likely heterozygous: minor/major nonshared count 0.31

[genotype] Most likely genotype explaining 128 reads:
		DQB1*05:03:01
		DQB1*03:03:02
--------------------------------------------------------------------------------
[genotype] Genotyping HLA-DRB1
[genotype] 480 reads aligned to HLA-DRB1 in 26 classes
[genotype] Top 10 alleles by undivided read count:
		allele                  read count	
		DRB1*14:10                     296	
		DRB1*14:54:01                  296	
		DRB1*14:01:01                  294	
		DRB1*14:04:01                  294	
		DRB1*14:08                     292	
		DRB1*14:11                     290	
		DRB1*13:08                     288	
		DRB1*14:05:01                  288	
		DRB1*14:07:01                  286	
		DRB1*13:01:01                  284	

[genotype] Quantifying allele transcript abundance
[genotype] EM converged after 14 iterations

[genotype] Top alleles by abundance:
		allele                  abundance
		DRB1*14:54:01              33.97%
		DRB1*09:01:02              30.54%
		DRB1*13:01:01              18.17%
		DRB1*14:10                 11.46%
		DRB1*04:04:01               5.86%

[genotype] Pairs by % explained reads:
		allele pair                     explained	
		DRB1*14:10, DRB1*09:01:02           92.08%	
		DRB1*14:54:01, DRB1*09:01:02        92.08%	
		DRB1*13:01:01, DRB1*09:01:02        89.58%	
		DRB1*14:10, DRB1*04:04:01           67.50%	
		DRB1*14:54:01, DRB1*04:04:01        67.50%	
		DRB1*13:01:01, DRB1*04:04:01        65.00%	
		DRB1*13:01:01, DRB1*14:10           63.33%	
		DRB1*13:01:01, DRB1*14:54:01        63.33%	
		DRB1*14:10, DRB1*14:54:01           61.67%	
		DRB1*09:01:02, DRB1*04:04:01        36.25%	

[genotype] Checking zygosity
[genotype] Likely heterozygous: minor/major nonshared count 0.49

[genotype] Most likely genotype explaining 442 reads:
		DRB1*14:54:01
		DRB1*09:01:02
--------------------------------------------------------------------------------

