
--------------------------------------------------------------------------------
[log] Date: 2023-04-23
[log] Sample: 102_chr6
[log] Input file(s): extracted_files/102_chr6.extracted.fq.gz
[log] Reference: c5acf7a4342869351b2382b1cc1d1b5763e7e04e
--------------------------------------------------------------------------------
[alignment] Analyzing read length
[alignment] Pseudoaligning with Kallisto: 

	kallisto pseudo -i /Users/emilyhuntsman/Desktop/MS-S23/CompGen/Project/arcasHLA/scripts/../dat/ref/hla.idx -t 8 -o /tmp/arcas_63e0135f-2e18-4ded-bb03-05e6a3bed85f/ --single -l 200 -s 20 extracted_files/102_chr6.extracted.fq.gz

	
	[quant] fragment length distribution is truncated gaussian with mean = 200, sd = 20
	[index] k-mer length: 31
	[index] number of targets: 2,049
	[index] number of k-mers: 107,446
	[index] number of equivalence classes: 6,261
	[quant] running in single-end mode
	[quant] will process file 1: extracted_files/102_chr6.extracted.fq.gz
	[quant] finding pseudoalignments for the reads ... done
	[quant] processed 1,962,624 reads, 791,768 reads pseudoaligned
	
	
[alignment] Processing pseudoalignment
[alignment] Processed 1962624 reads, 78126 pseudoaligned to HLA reference
[alignment] 65202 reads mapped to a single HLA gene
[alignment] Observed HLA genes:
		gene          abundance    read count    classes
		HLA-A             6.46%          5184        174
		HLA-B            10.75%          8550        257
		HLA-C             5.83%          4688        233
		HLA-DMA           5.74%          3296          2
		HLA-DMB           3.16%          1830          3
		HLA-DOA           0.04%            24          4
		HLA-DOB           0.15%            90          4
		HLA-DPB1          0.01%             8          3
		HLA-DQA1         38.09%         21374         63
		HLA-DQB1          1.18%           678         57
		HLA-DRA           7.98%          4462          7
		HLA-DRB1          2.15%          1256         41
		HLA-DRB4          1.06%           622          3
		HLA-DRB5          1.27%           746          3
		HLA-DRB7          0.01%             4          1
		HLA-E             3.02%          2390         11
		HLA-F            12.82%          9748          5
		HLA-G             0.00%             2          1
		HLA-H             0.05%            40         12
		HLA-J             0.00%             2          1
		HLA-K             0.02%            16          3
		HLA-L             0.15%           122          3
		HLA-P             0.04%            68          1
		HLA-Y             0.00%             2          1
--------------------------------------------------------------------------------
[genotype] Genotyping parameters:
		population: prior
		minimum count: 75
		max iterations: 1000
		tolerance: 1e-06
		drop iterations: 4
		drop threshold: 0.1
		zygosity threshold: 0.15
--------------------------------------------------------------------------------
[genotype] Genotyping HLA-A
[genotype] 5184 reads aligned to HLA-A in 174 classes
[genotype] Top 10 alleles by undivided read count:
		allele                  read count	
		A*02:01:01                    5092	
		A*02:30                       5060	
		A*02:01:120                   5046	
		A*02:06:22                    5046	
		A*02:06:01                    5044	
		A*02:602                      5026	
		A*02:21                       4990	
		A*02:603                      4968	
		A*02:68                       4944	
		A*02:16                       4940	

[genotype] Quantifying allele transcript abundance
[genotype] EM converged after 11 iterations

[genotype] Top alleles by abundance:
		allele                  abundance
		A*02:01:01                100.00%

[genotype] Most likely genotype explaining 5092 reads:
		A*02:01:01
		A*02:01:01
--------------------------------------------------------------------------------
[genotype] Genotyping HLA-B
[genotype] 8550 reads aligned to HLA-B in 257 classes
[genotype] Top 10 alleles by undivided read count:
		allele                  read count	
		B*07:02:01                    6088	
		B*07:252                      6058	
		B*07:86                       6050	
		B*07:41                       6032	
		B*07:254                      5856	
		B*07:261                      5848	
		B*07:03                       5834	
		B*07:253                      5824	
		B*07:15                       5816	
		B*07:02:48                    5810	

[genotype] Quantifying allele transcript abundance
[genotype] EM converged after 13 iterations

[genotype] Top alleles by abundance:
		allele                  abundance
		B*07:02:01                 57.53%
		B*44:02:01                 42.47%

[genotype] Pairs by % explained reads:
		allele pair                     explained	
		B*07:02:01, B*44:02:01              98.97%	

[genotype] Checking zygosity
[genotype] Likely heterozygous: minor/major nonshared count 0.74

[genotype] Most likely genotype explaining 8462 reads:
		B*07:02:01
		B*44:02:01
--------------------------------------------------------------------------------
[genotype] Genotyping HLA-C
[genotype] 4688 reads aligned to HLA-C in 233 classes
[genotype] Top 10 alleles by undivided read count:
		allele                  read count	
		C*05:01:01                    2788	
		C*05:113N                     2766	
		C*05:98                       2740	
		C*05:92N                      2726	
		C*05:25                       2670	
		C*05:109                      2666	
		C*08:02:01                    2656	
		C*08:73                       2656	
		C*05:111                      2652	
		C*08:02:12                    2628	

[genotype] Quantifying allele transcript abundance
[genotype] EM converged after 8 iterations

[genotype] Top alleles by abundance:
		allele                  abundance
		C*05:01:01                 59.99%
		C*07:02:01                 40.01%

[genotype] Pairs by % explained reads:
		allele pair                     explained	
		C*07:02:01, C*05:01:01              99.02%	

[genotype] Checking zygosity
[genotype] Likely heterozygous: minor/major nonshared count 0.67

[genotype] Most likely genotype explaining 4642 reads:
		C*07:02:01
		C*05:01:01
--------------------------------------------------------------------------------
[genotype] Genotyping HLA-DPB1
[genotype] Not enough reads aligned to HLA-DPB1 to genotype.
--------------------------------------------------------------------------------
[genotype] Genotyping HLA-DQA1
[genotype] 21374 reads aligned to HLA-DQA1 in 63 classes
[genotype] Top 10 alleles by undivided read count:
		allele                  read count	
		DQA1*03:01:01                20848	
		DQA1*03:03:01                18184	
		DQA1*03:02                   18166	
		DQA1*03:03:02                17892	
		DQA1*02:01:01                 8526	
		DQA1*01:02:02                 1970	
		DQA1*01:02:04                 1962	
		DQA1*01:02:01                 1916	
		DQA1*06:01:01                 1870	
		DQA1*01:02:03                 1868	

[genotype] Quantifying allele transcript abundance
[genotype] EM converged after 7 iterations

[genotype] Top alleles by abundance:
		allele                  abundance
		DQA1*03:01:01             100.00%

[genotype] Most likely genotype explaining 20848 reads:
		DQA1*03:01:01
		DQA1*03:01:01
--------------------------------------------------------------------------------
[genotype] Genotyping HLA-DQB1
[genotype] 678 reads aligned to HLA-DQB1 in 57 classes
[genotype] Top 10 alleles by undivided read count:
		allele                  read count	
		DQB1*03:02:01                  384	
		DQB1*03:05:01                  380	
		DQB1*03:02:11                  378	
		DQB1*03:03:02                  376	
		DQB1*03:100                    376	
		DQB1*03:95N                    376	
		DQB1*03:99Q                    376	
		DQB1*03:03:08                  372	
		DQB1*04:01:01                  372	
		DQB1*04:02:01                  372	

[genotype] Quantifying allele transcript abundance
[genotype] EM converged after 9 iterations

[genotype] Top alleles by abundance:
		allele                  abundance
		DQB1*03:02:01              56.12%
		DQB1*06:02:01              43.88%

[genotype] Pairs by % explained reads:
		allele pair                     explained	
		DQB1*03:02:01, DQB1*06:02:01       100.00%	

[genotype] Checking zygosity
[genotype] Likely heterozygous: minor/major nonshared count 0.78

[genotype] Most likely genotype explaining 678 reads:
		DQB1*03:02:01
		DQB1*06:02:01
--------------------------------------------------------------------------------
[genotype] Genotyping HLA-DRB1
[genotype] 1256 reads aligned to HLA-DRB1 in 41 classes
[genotype] Top 10 alleles by undivided read count:
		allele                  read count	
		DRB1*04:01:01                  768	
		DRB1*04:09                     714	
		DRB1*04:16                     714	
		DRB1*04:26                     714	
		DRB1*04:08:01                  710	
		DRB1*04:07:01                  702	
		DRB1*04:31                     702	
		DRB1*04:14                     700	
		DRB1*04:03:01                  686	
		DRB1*04:04:01                  686	

[genotype] Quantifying allele transcript abundance
[genotype] EM converged after 7 iterations

[genotype] Top alleles by abundance:
		allele                  abundance
		DRB1*04:01:01              61.74%
		DRB1*15:01:01              38.26%

[genotype] Pairs by % explained reads:
		allele pair                     explained	
		DRB1*04:01:01, DRB1*15:01:01        99.04%	

[genotype] Checking zygosity
[genotype] Likely heterozygous: minor/major nonshared count 0.62

[genotype] Most likely genotype explaining 1244 reads:
		DRB1*04:01:01
		DRB1*15:01:01
--------------------------------------------------------------------------------

