
--------------------------------------------------------------------------------
[log] Date: 2023-04-23
[log] Sample: 19_chr6
[log] Input file(s): extracted_files/19_chr6.extracted.fq.gz
[log] Reference: c5acf7a4342869351b2382b1cc1d1b5763e7e04e
--------------------------------------------------------------------------------
[alignment] Analyzing read length
[alignment] Pseudoaligning with Kallisto: 

	kallisto pseudo -i /Users/emilyhuntsman/Desktop/MS-S23/CompGen/Project/arcasHLA/scripts/../dat/ref/hla.idx -t 8 -o /tmp/arcas_aa68b835-f033-462a-86c8-dc6765bd32df/ --single -l 200 -s 20 extracted_files/19_chr6.extracted.fq.gz

	
	[quant] fragment length distribution is truncated gaussian with mean = 200, sd = 20
	[index] k-mer length: 31
	[index] number of targets: 2,049
	[index] number of k-mers: 107,446
	[index] number of equivalence classes: 6,261
	[quant] running in single-end mode
	[quant] will process file 1: extracted_files/19_chr6.extracted.fq.gz
	[quant] finding pseudoalignments for the reads ... done
	[quant] processed 1,530,870 reads, 682,230 reads pseudoaligned
	
	
[alignment] Processing pseudoalignment
[alignment] Processed 1530870 reads, 39650 pseudoaligned to HLA reference
[alignment] 33288 reads mapped to a single HLA gene
[alignment] Observed HLA genes:
		gene          abundance    read count    classes
		HLA-A             7.19%          2860        152
		HLA-B            14.75%          5820        295
		HLA-C             6.93%          2766        194
		HLA-DMA           8.30%          2364          2
		HLA-DMB           2.61%           750          3
		HLA-DOA           0.05%            14          2
		HLA-DOB           0.36%           108          5
		HLA-DPB1          0.01%             4          2
		HLA-DQA1         27.27%          7590         34
		HLA-DQB1          1.00%           286         20
		HLA-DRA           5.69%          1576          8
		HLA-DRB1          6.55%          1902         39
		HLA-DRB3          0.32%            92          6
		HLA-DRB4          1.05%           304          3
		HLA-DRB7          0.01%             2          1
		HLA-E             4.07%          1600         15
		HLA-F            13.36%          5038          4
		HLA-H             0.01%             4          2
		HLA-J             0.01%             2          1
		HLA-K             0.13%            52          9
		HLA-L             0.26%           102          2
		HLA-P             0.07%            52          1
--------------------------------------------------------------------------------
[genotype] Genotyping parameters:
		population: prior
		minimum count: 75
		max iterations: 1000
		tolerance: 1e-06
		drop iterations: 4
		drop threshold: 0.1
		zygosity threshold: 0.15
--------------------------------------------------------------------------------
[genotype] Genotyping HLA-A
[genotype] 2860 reads aligned to HLA-A in 152 classes
[genotype] Top 10 alleles by undivided read count:
		allele                  read count	
		A*02:01:01                    2728	
		A*02:24:01                    2712	
		A*02:30                       2692	
		A*02:01:120                   2672	
		A*02:06:01                    2672	
		A*02:06:22                    2672	
		A*02:251                      2648	
		A*02:602                      2646	
		A*02:533                      2644	
		A*02:95                       2640	

[genotype] Quantifying allele transcript abundance
[genotype] EM converged after 8 iterations

[genotype] Top alleles by abundance:
		allele                  abundance
		A*02:01:01                 55.56%
		A*02:24:01                 44.44%

[genotype] Pairs by % explained reads:
		allele pair                     explained	
		A*02:24:01, A*02:01:01              97.62%	

[genotype] Checking zygosity
[genotype] Likely heterozygous: minor/major nonshared count 0.80

[genotype] Most likely genotype explaining 2792 reads:
		A*02:24:01
		A*02:01:01
--------------------------------------------------------------------------------
[genotype] Genotyping HLA-B
[genotype] 5820 reads aligned to HLA-B in 295 classes
[genotype] Top 10 alleles by undivided read count:
		allele                  read count	
		B*07:02:01                    3748	
		B*07:252                      3740	
		B*07:86                       3710	
		B*07:41                       3670	
		B*07:261                      3580	
		B*07:254                      3578	
		B*07:04                       3554	
		B*07:06:01                    3510	
		B*07:156                      3486	
		B*07:237                      3462	

[genotype] Quantifying allele transcript abundance
[genotype] EM converged after 8 iterations

[genotype] Top alleles by abundance:
		allele                  abundance
		B*07:02:01                 57.72%
		B*35:01:01                 42.28%

[genotype] Pairs by % explained reads:
		allele pair                     explained	
		B*35:01:01, B*07:02:01              97.80%	

[genotype] Checking zygosity
[genotype] Likely heterozygous: minor/major nonshared count 0.73

[genotype] Most likely genotype explaining 5692 reads:
		B*35:01:01
		B*07:02:01
--------------------------------------------------------------------------------
[genotype] Genotyping HLA-C
[genotype] 2766 reads aligned to HLA-C in 194 classes
[genotype] Top 10 alleles by undivided read count:
		allele                  read count	
		C*04:01:01                    1998	
		C*04:145                      1966	
		C*04:198                      1966	
		C*04:71                       1964	
		C*04:42:01                    1956	
		C*04:199                      1940	
		C*04:200                      1938	
		C*04:42:02                    1934	
		C*04:01:44                    1924	
		C*04:82                       1918	

[genotype] Quantifying allele transcript abundance
[genotype] EM converged after 9 iterations

[genotype] Top alleles by abundance:
		allele                  abundance
		C*04:01:01                100.00%

[genotype] Most likely genotype explaining 1998 reads:
		C*04:01:01
		C*04:01:01
--------------------------------------------------------------------------------
[genotype] Genotyping HLA-DPB1
[genotype] Not enough reads aligned to HLA-DPB1 to genotype.
--------------------------------------------------------------------------------
[genotype] Genotyping HLA-DQA1
[genotype] 7590 reads aligned to HLA-DQA1 in 34 classes
[genotype] Top 10 alleles by undivided read count:
		allele                  read count	
		DQA1*02:01:01                 7472	
		DQA1*03:01:01                 3970	
		DQA1*03:03:01                 2920	
		DQA1*03:02                    2918	
		DQA1*03:03:02                 2820	
		DQA1*04:01:01                  824	
		DQA1*04:01:02                  824	
		DQA1*06:01:01                  824	
		DQA1*01:03:01                  672	
		DQA1*01:10                     670	

[genotype] Quantifying allele transcript abundance
[genotype] EM converged after 7 iterations

[genotype] Top alleles by abundance:
		allele                  abundance
		DQA1*02:01:01             100.00%

[genotype] Most likely genotype explaining 7472 reads:
		DQA1*02:01:01
		DQA1*02:01:01
--------------------------------------------------------------------------------
[genotype] Genotyping HLA-DQB1
[genotype] 286 reads aligned to HLA-DQB1 in 20 classes
[genotype] Top 10 alleles by undivided read count:
		allele                  read count	
		DQB1*02:02:01                  166	
		DQB1*02:62                     166	
		DQB1*02:01:01                  158	
		DQB1*02:01:08                  158	
		DQB1*02:53Q                    158	
		DQB1*02:12                     156	
		DQB1*03:01:01                  132	
		DQB1*03:93                     130	
		DQB1*03:01:21                  128	
		DQB1*03:116                    128	

[genotype] Quantifying allele transcript abundance
[genotype] EM converged after 7 iterations

[genotype] Top alleles by abundance:
		allele                  abundance
		DQB1*02:02:01              47.64%
		DQB1*03:01:01              43.80%
		DQB1*02:62                  8.57%

[genotype] Pairs by % explained reads:
		allele pair                     explained	
		DQB1*03:01:01, DQB1*02:02:01       100.00%	
		DQB1*03:01:01, DQB1*02:62          100.00%	
		DQB1*02:02:01, DQB1*02:62           58.04%	

[genotype] Checking zygosity
[genotype] Likely heterozygous: minor/major nonshared count 0.78

[genotype] Most likely genotype explaining 286 reads:
		DQB1*03:01:01
		DQB1*02:02:01
--------------------------------------------------------------------------------
[genotype] Genotyping HLA-DRB1
[genotype] 1902 reads aligned to HLA-DRB1 in 39 classes
[genotype] Top 10 alleles by undivided read count:
		allele                  read count	
		DRB1*11:01:01                 1000	
		DRB1*11:05                     986	
		DRB1*11:09                     962	
		DRB1*11:29:01                  962	
		DRB1*11:15                     956	
		DRB1*11:01:02                  954	
		DRB1*11:04:01                  946	
		DRB1*11:06:01                  946	
		DRB1*11:11:01                  946	
		DRB1*11:19:01                  944	

[genotype] Quantifying allele transcript abundance
[genotype] EM converged after 7 iterations

[genotype] Top alleles by abundance:
		allele                  abundance
		DRB1*11:01:01              53.02%
		DRB1*07:01:01              46.98%

[genotype] Pairs by % explained reads:
		allele pair                     explained	
		DRB1*11:01:01, DRB1*07:01:01        99.16%	

[genotype] Checking zygosity
[genotype] Likely heterozygous: minor/major nonshared count 0.89

[genotype] Most likely genotype explaining 1886 reads:
		DRB1*11:01:01
		DRB1*07:01:01
--------------------------------------------------------------------------------

