
--------------------------------------------------------------------------------
[log] Date: 2023-04-23
[log] Sample: 35_chr6
[log] Input file(s): extracted_files/35_chr6.extracted.fq.gz
[log] Reference: c5acf7a4342869351b2382b1cc1d1b5763e7e04e
--------------------------------------------------------------------------------
[alignment] Analyzing read length
[alignment] Pseudoaligning with Kallisto: 

	kallisto pseudo -i /Users/emilyhuntsman/Desktop/MS-S23/CompGen/Project/arcasHLA/scripts/../dat/ref/hla.idx -t 8 -o /tmp/arcas_7c4b1df5-0d3b-47a9-8c98-8af23c195e8d/ --single -l 200 -s 20 extracted_files/35_chr6.extracted.fq.gz

	
	[quant] fragment length distribution is truncated gaussian with mean = 200, sd = 20
	[index] k-mer length: 31
	[index] number of targets: 2,049
	[index] number of k-mers: 107,446
	[index] number of equivalence classes: 6,261
	[quant] running in single-end mode
	[quant] will process file 1: extracted_files/35_chr6.extracted.fq.gz
	[quant] finding pseudoalignments for the reads ... done
	[quant] processed 1,656,072 reads, 702,704 reads pseudoaligned
	
	
[alignment] Processing pseudoalignment
[alignment] Processed 1656072 reads, 37880 pseudoaligned to HLA reference
[alignment] 32698 reads mapped to a single HLA gene
[alignment] Observed HLA genes:
		gene          abundance    read count    classes
		HLA-A             7.25%          2822        165
		HLA-B            13.95%          5384        266
		HLA-C             7.00%          2730        200
		HLA-DMA           7.30%          2034          2
		HLA-DMB           2.52%           706          3
		HLA-DOA           0.09%            24          5
		HLA-DOB           0.21%            60          6
		HLA-DPB1          0.01%             4          1
		HLA-DQA1         29.69%          8080         31
		HLA-DQB1          0.70%           194         19
		HLA-DRA           4.53%          1228          8
		HLA-DRB1          4.91%          1394         35
		HLA-DRB2          0.02%             4          1
		HLA-DRB3          0.29%            82          5
		HLA-DRB4          0.92%           262          3
		HLA-E             4.55%          1746         14
		HLA-F            15.52%          5726          5
		HLA-H             0.06%            22          7
		HLA-K             0.17%            64          9
		HLA-L             0.26%           100          2
		HLA-P             0.04%            30          1
		HLA-Y             0.01%             2          1
--------------------------------------------------------------------------------
[genotype] Genotyping parameters:
		population: prior
		minimum count: 75
		max iterations: 1000
		tolerance: 1e-06
		drop iterations: 4
		drop threshold: 0.1
		zygosity threshold: 0.15
--------------------------------------------------------------------------------
[genotype] Genotyping HLA-A
[genotype] 2822 reads aligned to HLA-A in 165 classes
[genotype] Top 10 alleles by undivided read count:
		allele                  read count	
		A*02:24:01                    2686	
		A*02:01:01                    2626	
		A*02:30                       2590	
		A*02:251                      2588	
		A*02:01:120                   2582	
		A*02:06:22                    2582	
		A*02:06:01                    2578	
		A*02:533                      2572	
		A*02:602                      2568	
		A*02:564                      2566	

[genotype] Quantifying allele transcript abundance
[genotype] EM converged after 8 iterations

[genotype] Top alleles by abundance:
		allele                  abundance
		A*02:24:01                 71.43%
		A*02:01:01                 28.57%

[genotype] Pairs by % explained reads:
		allele pair                     explained	
		A*02:24:01, A*02:01:01              96.60%	

[genotype] Checking zygosity
[genotype] Likely heterozygous: minor/major nonshared count 0.40

[genotype] Most likely genotype explaining 2726 reads:
		A*02:24:01
		A*02:01:01
--------------------------------------------------------------------------------
[genotype] Genotyping HLA-B
[genotype] 5384 reads aligned to HLA-B in 266 classes
[genotype] Top 10 alleles by undivided read count:
		allele                  read count	
		B*48:02:01                    3214	
		B*35:01:01                    3148	
		B*07:02:01                    3140	
		B*35:263                      3124	
		B*07:252                      3124	
		B*35:42:01                    3114	
		B*07:86                       3096	
		B*35:07                       3092	
		B*07:41                       3062	
		B*35:228                      3056	

[genotype] Quantifying allele transcript abundance
[genotype] EM converged after 8 iterations

[genotype] Top alleles by abundance:
		allele                  abundance
		B*35:01:01                 50.10%
		B*07:02:01                 49.90%

[genotype] Pairs by % explained reads:
		allele pair                     explained	
		B*35:01:01, B*07:02:01              97.44%	

[genotype] Checking zygosity
[genotype] Likely heterozygous: minor/major nonshared count 1.00

[genotype] Most likely genotype explaining 5246 reads:
		B*35:01:01
		B*07:02:01
--------------------------------------------------------------------------------
[genotype] Genotyping HLA-C
[genotype] 2730 reads aligned to HLA-C in 200 classes
[genotype] Top 10 alleles by undivided read count:
		allele                  read count	
		C*04:01:01                    1936	
		C*04:145                      1908	
		C*04:198                      1908	
		C*04:71                       1904	
		C*04:42:01                    1886	
		C*04:82                       1878	
		C*04:200                      1874	
		C*04:42:02                    1874	
		C*04:01:44                    1868	
		C*04:177                      1846	

[genotype] Quantifying allele transcript abundance
[genotype] EM converged after 8 iterations

[genotype] Top alleles by abundance:
		allele                  abundance
		C*04:01:01                 71.19%
		C*07:02:01                 28.81%

[genotype] Pairs by % explained reads:
		allele pair                     explained	
		C*07:02:01, C*04:01:01              99.56%	

[genotype] Checking zygosity
[genotype] Likely heterozygous: minor/major nonshared count 0.40

[genotype] Most likely genotype explaining 2718 reads:
		C*07:02:01
		C*04:01:01
--------------------------------------------------------------------------------
[genotype] Genotyping HLA-DPB1
[genotype] Not enough reads aligned to HLA-DPB1 to genotype.
--------------------------------------------------------------------------------
[genotype] Genotyping HLA-DQA1
[genotype] 8080 reads aligned to HLA-DQA1 in 31 classes
[genotype] Top 10 alleles by undivided read count:
		allele                  read count	
		DQA1*02:01:01                 7970	
		DQA1*03:01:01                 4382	
		DQA1*03:03:01                 3434	
		DQA1*03:02                    3430	
		DQA1*03:03:02                 3358	
		DQA1*06:01:01                  686	
		DQA1*04:01:01                  684	
		DQA1*04:01:02                  684	
		DQA1*01:03:01                  472	
		DQA1*01:10                     472	

[genotype] Quantifying allele transcript abundance
[genotype] EM converged after 7 iterations

[genotype] Top alleles by abundance:
		allele                  abundance
		DQA1*02:01:01             100.00%

[genotype] Most likely genotype explaining 7970 reads:
		DQA1*02:01:01
		DQA1*02:01:01
--------------------------------------------------------------------------------
[genotype] Genotyping HLA-DQB1
[genotype] 194 reads aligned to HLA-DQB1 in 19 classes
[genotype] Top 10 alleles by undivided read count:
		allele                  read count	
		DQB1*03:01:01                   98	
		DQB1*02:02:01                   98	
		DQB1*02:12                      98	
		DQB1*02:62                      92	
		DQB1*03:94                      88	
		DQB1*03:116                     86	
		DQB1*02:01:01                   86	
		DQB1*02:01:08                   86	
		DQB1*03:01:08                   84	
		DQB1*03:01:21                   84	

[genotype] Quantifying allele transcript abundance
[genotype] EM converged after 7 iterations

[genotype] Top alleles by abundance:
		allele                  abundance
		DQB1*03:01:01              50.00%
		DQB1*02:02:01              44.01%
		DQB1*02:12                  5.99%

[genotype] Pairs by % explained reads:
		allele pair                     explained	
		DQB1*03:01:01, DQB1*02:02:01       100.00%	
		DQB1*03:01:01, DQB1*02:12          100.00%	
		DQB1*02:02:01, DQB1*02:12           50.52%	

[genotype] Checking zygosity
[genotype] Likely heterozygous: minor/major nonshared count 1.00

[genotype] Most likely genotype explaining 194 reads:
		DQB1*03:01:01
		DQB1*02:02:01
--------------------------------------------------------------------------------
[genotype] Genotyping HLA-DRB1
[genotype] 1394 reads aligned to HLA-DRB1 in 35 classes
[genotype] Top 10 alleles by undivided read count:
		allele                  read count	
		DRB1*07:01:01                  700	
		DRB1*11:01:01                  694	
		DRB1*11:05                     686	
		DRB1*07:04                     680	
		DRB1*11:01:02                  670	
		DRB1*11:04:01                  664	
		DRB1*11:06:01                  664	
		DRB1*07:09                     662	
		DRB1*11:11:01                  652	
		DRB1*11:03:01                  646	

[genotype] Quantifying allele transcript abundance
[genotype] EM converged after 7 iterations

[genotype] Top alleles by abundance:
		allele                  abundance
		DRB1*07:01:01              50.22%
		DRB1*11:01:01              49.78%

[genotype] Pairs by % explained reads:
		allele pair                     explained	
		DRB1*11:01:01, DRB1*07:01:01       100.00%	

[genotype] Checking zygosity
[genotype] Likely heterozygous: minor/major nonshared count 0.99

[genotype] Most likely genotype explaining 1394 reads:
		DRB1*11:01:01
		DRB1*07:01:01
--------------------------------------------------------------------------------

