
--------------------------------------------------------------------------------
[log] Date: 2023-04-23
[log] Sample: 51_chr6
[log] Input file(s): extracted_files/51_chr6.extracted.fq.gz
[log] Reference: c5acf7a4342869351b2382b1cc1d1b5763e7e04e
--------------------------------------------------------------------------------
[alignment] Analyzing read length
[alignment] Pseudoaligning with Kallisto: 

	kallisto pseudo -i /Users/emilyhuntsman/Desktop/MS-S23/CompGen/Project/arcasHLA/scripts/../dat/ref/hla.idx -t 8 -o /tmp/arcas_e41a9a08-6335-4b9f-8fbf-d2ef471fa2cf/ --single -l 200 -s 20 extracted_files/51_chr6.extracted.fq.gz

	
	[quant] fragment length distribution is truncated gaussian with mean = 200, sd = 20
	[index] k-mer length: 31
	[index] number of targets: 2,049
	[index] number of k-mers: 107,446
	[index] number of equivalence classes: 6,261
	[quant] running in single-end mode
	[quant] will process file 1: extracted_files/51_chr6.extracted.fq.gz
	[quant] finding pseudoalignments for the reads ... done
	[quant] processed 1,818,954 reads, 640,682 reads pseudoaligned
	
	
[alignment] Processing pseudoalignment
[alignment] Processed 1818954 reads, 33196 pseudoaligned to HLA reference
[alignment] 28426 reads mapped to a single HLA gene
[alignment] Observed HLA genes:
		gene          abundance    read count    classes
		HLA-A            11.06%          3368        195
		HLA-B            22.84%          6900        239
		HLA-C             9.61%          2936        200
		HLA-DMA           2.41%           526          2
		HLA-DMB           4.78%          1050          4
		HLA-DOA           0.01%             2          1
		HLA-DOB           0.14%            32          7
		HLA-DQA1          1.38%           294         25
		HLA-DQB1          1.93%           420         29
		HLA-DRA           4.36%           926          5
		HLA-DRB1          4.83%          1074         29
		HLA-DRB3          0.16%            36          6
		HLA-E            20.28%          6098         14
		HLA-F            15.34%          4430          6
		HLA-G             0.01%             2          1
		HLA-H             0.01%             2          1
		HLA-J             0.01%             4          2
		HLA-K             0.09%            26          6
		HLA-L             0.49%           148          3
		HLA-P             0.25%           148          1
		HLA-Y             0.02%             4          1
--------------------------------------------------------------------------------
[genotype] Genotyping parameters:
		population: prior
		minimum count: 75
		max iterations: 1000
		tolerance: 1e-06
		drop iterations: 4
		drop threshold: 0.1
		zygosity threshold: 0.15
--------------------------------------------------------------------------------
[genotype] Genotyping HLA-A
[genotype] 3368 reads aligned to HLA-A in 195 classes
[genotype] Top 10 alleles by undivided read count:
		allele                  read count	
		A*02:05:01                    2132	
		A*02:02:01                    2104	
		A*02:08                       2034	
		A*02:572                      2020	
		A*02:376                      2014	
		A*02:22:01                    1900	
		A*02:603                      1832	
		A*02:57                       1810	
		A*02:06:01                    1804	
		A*02:10                       1802	

[genotype] Quantifying allele transcript abundance
[genotype] EM converged after 8 iterations

[genotype] Top alleles by abundance:
		allele                  abundance
		A*02:05:01                 65.19%
		A*03:01:01                 34.81%

[genotype] Pairs by % explained reads:
		allele pair                     explained	
		A*03:01:01, A*02:05:01              96.85%	

[genotype] Checking zygosity
[genotype] Likely heterozygous: minor/major nonshared count 0.53

[genotype] Most likely genotype explaining 3262 reads:
		A*03:01:01
		A*02:05:01
--------------------------------------------------------------------------------
[genotype] Genotyping HLA-B
[genotype] 6900 reads aligned to HLA-B in 239 classes
[genotype] Top 10 alleles by undivided read count:
		allele                  read count	
		B*51:01:01                    4582	
		B*51:187                      4536	
		B*51:151                      4514	
		B*50:01:01                    4492	
		B*51:01:02                    4462	
		B*51:04                       4446	
		B*51:189                      4436	
		B*78:09                       4434	
		B*51:07:01                    4424	
		B*78:01:01                    4412	

[genotype] Quantifying allele transcript abundance
[genotype] EM converged after 10 iterations

[genotype] Top alleles by abundance:
		allele                  abundance
		B*51:01:01                 51.04%
		B*50:01:01                 48.96%

[genotype] Pairs by % explained reads:
		allele pair                     explained	
		B*50:01:01, B*51:01:01              97.19%	

[genotype] Checking zygosity
[genotype] Likely heterozygous: minor/major nonshared count 0.96

[genotype] Most likely genotype explaining 6706 reads:
		B*50:01:01
		B*51:01:01
--------------------------------------------------------------------------------
[genotype] Genotyping HLA-C
[genotype] 2936 reads aligned to HLA-C in 200 classes
[genotype] Top 10 alleles by undivided read count:
		allele                  read count	
		C*06:02:01                    2334	
		C*06:120                      2302	
		C*06:149                      2292	
		C*06:76:01                    2284	
		C*06:02:44                    2276	
		C*06:02:42                    2256	
		C*06:160                      2228	
		C*06:02:31                    2224	
		C*06:02:45                    2224	
		C*06:138                      2224	

[genotype] Quantifying allele transcript abundance
[genotype] EM converged after 14 iterations

[genotype] Top alleles by abundance:
		allele                  abundance
		C*06:02:01                 59.47%
		C*15:02:01                 40.53%

[genotype] Pairs by % explained reads:
		allele pair                     explained	
		C*15:02:01, C*06:02:01              97.14%	

[genotype] Checking zygosity
[genotype] Likely heterozygous: minor/major nonshared count 0.68

[genotype] Most likely genotype explaining 2852 reads:
		C*15:02:01
		C*06:02:01
--------------------------------------------------------------------------------
[genotype] Genotyping HLA-DPB1
[genotype] Not enough reads aligned to HLA-DPB1 to genotype.
--------------------------------------------------------------------------------
[genotype] Genotyping HLA-DQA1
[genotype] 294 reads aligned to HLA-DQA1 in 25 classes
[genotype] Top 10 alleles by undivided read count:
		allele                  read count	
		DQA1*01:01:01                  270	
		DQA1*01:05:01                  266	
		DQA1*01:05:02                  266	
		DQA1*01:04:01                  244	
		DQA1*01:02:01                  240	
		DQA1*01:02:02                  238	
		DQA1*01:02:04                  234	
		DQA1*01:11                     234	
		DQA1*01:07Q                    230	
		DQA1*01:04:02                  224	

[genotype] Quantifying allele transcript abundance
[genotype] EM converged after 10 iterations

[genotype] Top alleles by abundance:
		allele                  abundance
		DQA1*01:01:01              70.00%
		DQA1*01:02:02              30.00%

[genotype] Pairs by % explained reads:
		allele pair                     explained	
		DQA1*01:01:01, DQA1*01:02:02       100.00%	

[genotype] Checking zygosity
[genotype] Likely heterozygous: minor/major nonshared count 0.43

[genotype] Most likely genotype explaining 294 reads:
		DQA1*01:01:01
		DQA1*01:02:02
--------------------------------------------------------------------------------
[genotype] Genotyping HLA-DQB1
[genotype] 420 reads aligned to HLA-DQB1 in 29 classes
[genotype] Top 10 alleles by undivided read count:
		allele                  read count	
		DQB1*05:02:01                  362	
		DQB1*05:01:01                  348	
		DQB1*05:102                    334	
		DQB1*05:57                     332	
		DQB1*05:46                     330	
		DQB1*05:02:07                  328	
		DQB1*05:02:08                  322	
		DQB1*05:45                     320	
		DQB1*05:47                     312	
		DQB1*05:56                     282	

[genotype] Quantifying allele transcript abundance
[genotype] EM converged after 8 iterations

[genotype] Top alleles by abundance:
		allele                  abundance
		DQB1*05:02:01              55.56%
		DQB1*05:01:01              44.44%

[genotype] Pairs by % explained reads:
		allele pair                     explained	
		DQB1*05:01:01, DQB1*05:02:01        99.52%	

[genotype] Checking zygosity
[genotype] Likely heterozygous: minor/major nonshared count 0.80

[genotype] Most likely genotype explaining 418 reads:
		DQB1*05:01:01
		DQB1*05:02:01
--------------------------------------------------------------------------------
[genotype] Genotyping HLA-DRB1
[genotype] 1074 reads aligned to HLA-DRB1 in 29 classes
[genotype] Top 10 alleles by undivided read count:
		allele                  read count	
		DRB1*10:01:01                  646	
		DRB1*11:01:01                  442	
		DRB1*11:05                     436	
		DRB1*11:29:01                  418	
		DRB1*11:11:01                  418	
		DRB1*11:09                     416	
		DRB1*11:15                     416	
		DRB1*11:19:01                  416	
		DRB1*11:04:01                  414	
		DRB1*11:06:01                  414	

[genotype] Quantifying allele transcript abundance
[genotype] EM converged after 7 iterations

[genotype] Top alleles by abundance:
		allele                  abundance
		DRB1*10:01:01              59.66%
		DRB1*11:01:01              40.34%

[genotype] Pairs by % explained reads:
		allele pair                     explained	
		DRB1*10:01:01, DRB1*11:01:01        99.81%	

[genotype] Checking zygosity
[genotype] Likely heterozygous: minor/major nonshared count 0.68

[genotype] Most likely genotype explaining 1072 reads:
		DRB1*10:01:01
		DRB1*11:01:01
--------------------------------------------------------------------------------

