
--------------------------------------------------------------------------------
[log] Date: 2023-04-23
[log] Sample: 77_chr6
[log] Input file(s): extracted_files/77_chr6.extracted.fq.gz
[log] Reference: c5acf7a4342869351b2382b1cc1d1b5763e7e04e
--------------------------------------------------------------------------------
[alignment] Analyzing read length
[alignment] Pseudoaligning with Kallisto: 

	kallisto pseudo -i /Users/emilyhuntsman/Desktop/MS-S23/CompGen/Project/arcasHLA/scripts/../dat/ref/hla.idx -t 8 -o /tmp/arcas_860901bc-f3db-4113-b555-9f42cb44472c/ --single -l 200 -s 20 extracted_files/77_chr6.extracted.fq.gz

	
	[quant] fragment length distribution is truncated gaussian with mean = 200, sd = 20
	[index] k-mer length: 31
	[index] number of targets: 2,049
	[index] number of k-mers: 107,446
	[index] number of equivalence classes: 6,261
	[quant] running in single-end mode
	[quant] will process file 1: extracted_files/77_chr6.extracted.fq.gz
	[quant] finding pseudoalignments for the reads ... done
	[quant] processed 1,812,290 reads, 830,450 reads pseudoaligned
	
	
[alignment] Processing pseudoalignment
[alignment] Processed 1812290 reads, 56576 pseudoaligned to HLA reference
[alignment] 49062 reads mapped to a single HLA gene
[alignment] Observed HLA genes:
		gene          abundance    read count    classes
		HLA-A             7.27%          4260        233
		HLA-B            16.10%          9354        274
		HLA-C             8.84%          5194        233
		HLA-DMA           6.37%          2670          2
		HLA-DMB           1.64%           692          3
		HLA-DOA           0.01%             6          2
		HLA-DOB           0.19%            82          3
		HLA-DPA1          0.00%             2          1
		HLA-DPB1          0.02%            10          4
		HLA-DQA1         24.33%          9972         52
		HLA-DQB1          2.12%           890         38
		HLA-DRA           9.42%          3844          5
		HLA-DRB1          8.47%          3620         18
		HLA-DRB2          0.01%             2          1
		HLA-DRB4          0.87%           372          3
		HLA-E             3.55%          2056         14
		HLA-F            10.32%          5730          6
		HLA-G             0.01%             4          1
		HLA-H             0.10%            60         12
		HLA-J             0.01%             4          1
		HLA-K             0.07%            40          9
		HLA-L             0.21%           124          3
		HLA-P             0.06%            70          1
		HLA-V             0.01%             2          1
		HLA-Y             0.00%             2          1
--------------------------------------------------------------------------------
[genotype] Genotyping parameters:
		population: prior
		minimum count: 75
		max iterations: 1000
		tolerance: 1e-06
		drop iterations: 4
		drop threshold: 0.1
		zygosity threshold: 0.15
--------------------------------------------------------------------------------
[genotype] Genotyping HLA-A
[genotype] 4260 reads aligned to HLA-A in 233 classes
[genotype] Top 10 alleles by undivided read count:
		allele                  read count	
		A*02:01:01                    2152	
		A*02:30                       2124	
		A*02:01:120                   2118	
		A*02:06:01                    2118	
		A*02:06:22                    2118	
		A*02:602                      2106	
		A*02:603                      2096	
		A*02:21                       2094	
		A*02:60:01                    2078	
		A*02:193                      2078	

[genotype] Quantifying allele transcript abundance
[genotype] EM converged after 13 iterations

[genotype] Top alleles by abundance:
		allele                  abundance
		A*02:01:01                 51.28%
		A*03:01:01                 48.72%

[genotype] Pairs by % explained reads:
		allele pair                     explained	
		A*03:01:01, A*02:01:01              97.98%	

[genotype] Checking zygosity
[genotype] Likely heterozygous: minor/major nonshared count 0.95

[genotype] Most likely genotype explaining 4174 reads:
		A*03:01:01
		A*02:01:01
--------------------------------------------------------------------------------
[genotype] Genotyping HLA-B
[genotype] 9354 reads aligned to HLA-B in 274 classes
[genotype] Top 10 alleles by undivided read count:
		allele                  read count	
		B*37:01:01                    6138	
		B*37:10                       6012	
		B*37:34                       6012	
		B*37:52                       5960	
		B*37:01:10                    5946	
		B*37:35                       5750	
		B*37:01:05                    5430	
		B*37:04:01                    5392	
		B*44:03:01                    5292	
		B*44:03:32                    5292	

[genotype] Quantifying allele transcript abundance
[genotype] EM converged after 10 iterations

[genotype] Top alleles by abundance:
		allele                  abundance
		B*37:01:01                 56.16%
		B*44:03:01                 21.92%
		B*44:03:32                 21.92%

[genotype] Pairs by % explained reads:
		allele pair                     explained	
		B*37:01:01, B*44:03:32              97.78%	

[genotype] Checking zygosity
[genotype] Likely heterozygous: minor/major nonshared count 0.78

[genotype] Most likely genotype explaining 9146 reads:
		B*37:01:01
		B*44:03:01
--------------------------------------------------------------------------------
[genotype] Genotyping HLA-C
[genotype] 5194 reads aligned to HLA-C in 233 classes
[genotype] Top 10 alleles by undivided read count:
		allele                  read count	
		C*06:02:01                    4094	
		C*06:76:01                    4050	
		C*06:120                      4026	
		C*06:149                      4010	
		C*06:02:44                    3986	
		C*06:02:42                    3982	
		C*06:02:31                    3978	
		C*06:02:45                    3968	
		C*06:160                      3952	
		C*06:138                      3948	

[genotype] Quantifying allele transcript abundance
[genotype] EM converged after 13 iterations

[genotype] Top alleles by abundance:
		allele                  abundance
		C*06:02:01                 60.51%
		C*16:01:01                 39.49%

[genotype] Pairs by % explained reads:
		allele pair                     explained	
		C*06:02:01, C*16:01:01              98.58%	

[genotype] Checking zygosity
[genotype] Likely heterozygous: minor/major nonshared count 0.65

[genotype] Most likely genotype explaining 5120 reads:
		C*06:02:01
		C*16:01:01
--------------------------------------------------------------------------------
[genotype] Genotyping HLA-DPB1
[genotype] Not enough reads aligned to HLA-DPB1 to genotype.
--------------------------------------------------------------------------------
[genotype] Genotyping HLA-DQA1
[genotype] 9972 reads aligned to HLA-DQA1 in 52 classes
[genotype] Top 10 alleles by undivided read count:
		allele                  read count	
		DQA1*02:01:01                 9530	
		DQA1*03:01:01                 6038	
		DQA1*03:03:01                 4580	
		DQA1*03:02                    4566	
		DQA1*03:03:02                 4442	
		DQA1*01:05:01                 1294	
		DQA1*01:05:02                 1276	
		DQA1*01:01:01                 1270	
		DQA1*01:04:01                 1168	
		DQA1*01:07Q                   1158	

[genotype] Quantifying allele transcript abundance
[genotype] EM converged after 7 iterations

[genotype] Top alleles by abundance:
		allele                  abundance
		DQA1*02:01:01             100.00%

[genotype] Most likely genotype explaining 9530 reads:
		DQA1*02:01:01
		DQA1*02:01:01
--------------------------------------------------------------------------------
[genotype] Genotyping HLA-DQB1
[genotype] 890 reads aligned to HLA-DQB1 in 38 classes
[genotype] Top 10 alleles by undivided read count:
		allele                  read count	
		DQB1*05:01:01                  598	
		DQB1*05:45                     586	
		DQB1*05:02:01                  554	
		DQB1*05:02:08                  554	
		DQB1*05:102                    550	
		DQB1*05:46                     546	
		DQB1*05:56                     546	
		DQB1*05:57                     546	
		DQB1*05:02:07                  502	
		DQB1*05:47                     442	

[genotype] Quantifying allele transcript abundance
[genotype] EM converged after 12 iterations

[genotype] Top alleles by abundance:
		allele                  abundance
		DQB1*05:01:01              67.13%
		DQB1*02:02:01              19.72%
		DQB1*02:01:01              13.15%

[genotype] Pairs by % explained reads:
		allele pair                     explained	
		DQB1*05:01:01, DQB1*02:02:01        98.88%	
		DQB1*05:01:01, DQB1*02:01:01        98.65%	
		DQB1*02:01:01, DQB1*02:02:01        33.71%	

[genotype] Checking zygosity
[genotype] Likely heterozygous: minor/major nonshared count 0.48

[genotype] Most likely genotype explaining 880 reads:
		DQB1*05:01:01
		DQB1*02:02:01
--------------------------------------------------------------------------------
[genotype] Genotyping HLA-DRB1
[genotype] 3620 reads aligned to HLA-DRB1 in 18 classes
[genotype] Top 10 alleles by undivided read count:
		allele                  read count	
		DRB1*10:01:01                 2246	
		DRB1*07:01:01                 1742	
		DRB1*07:04                    1720	
		DRB1*07:09                    1690	
		DRB1*09:01:02                  706	
		DRB1*09:21                     388	
		DRB1*12:17                      62	
		DRB1*03:06                      32	
		DRB1*08:02:01                   32	
		DRB1*08:04:01                   32	

[genotype] Quantifying allele transcript abundance
[genotype] EM converged after 8 iterations

[genotype] Top alleles by abundance:
		allele                  abundance
		DRB1*10:01:01              57.78%
		DRB1*07:01:01              42.22%

[genotype] Pairs by % explained reads:
		allele pair                     explained	
		DRB1*10:01:01, DRB1*07:01:01        99.83%	

[genotype] Checking zygosity
[genotype] Likely heterozygous: minor/major nonshared count 0.73

[genotype] Most likely genotype explaining 3614 reads:
		DRB1*10:01:01
		DRB1*07:01:01
--------------------------------------------------------------------------------

