
--------------------------------------------------------------------------------
[log] Date: 2023-04-23
[log] Sample: 79_chr6
[log] Input file(s): extracted_files/79_chr6.extracted.fq.gz
[log] Reference: c5acf7a4342869351b2382b1cc1d1b5763e7e04e
--------------------------------------------------------------------------------
[alignment] Analyzing read length
[alignment] Pseudoaligning with Kallisto: 

	kallisto pseudo -i /Users/emilyhuntsman/Desktop/MS-S23/CompGen/Project/arcasHLA/scripts/../dat/ref/hla.idx -t 8 -o /tmp/arcas_aed93e88-905c-4f48-bdd7-872d1f5859e3/ --single -l 200 -s 20 extracted_files/79_chr6.extracted.fq.gz

	
	[quant] fragment length distribution is truncated gaussian with mean = 200, sd = 20
	[index] k-mer length: 31
	[index] number of targets: 2,049
	[index] number of k-mers: 107,446
	[index] number of equivalence classes: 6,261
	[quant] running in single-end mode
	[quant] will process file 1: extracted_files/79_chr6.extracted.fq.gz
	[quant] finding pseudoalignments for the reads ... done
	[quant] processed 1,317,958 reads, 466,932 reads pseudoaligned
	
	
[alignment] Processing pseudoalignment
[alignment] Processed 1317958 reads, 43550 pseudoaligned to HLA reference
[alignment] 32674 reads mapped to a single HLA gene
[alignment] Observed HLA genes:
		gene          abundance    read count    classes
		HLA-A            12.73%          4702        224
		HLA-B            18.54%          6792        183
		HLA-C            11.47%          4248        205
		HLA-DMA           4.85%          1282          3
		HLA-DMB           2.64%           704          3
		HLA-DOA           0.12%            30          7
		HLA-DOB           0.31%            86          7
		HLA-DPB1          0.01%             2          1
		HLA-DQA1          3.17%           820         45
		HLA-DQB1          2.17%           574         38
		HLA-DRA          15.26%          3926          6
		HLA-DRB1          7.83%          2110         54
		HLA-DRB2          0.03%             6          1
		HLA-DRB3          0.68%           182          5
		HLA-DRB5          0.01%             2          1
		HLA-E             6.82%          2486         12
		HLA-F            12.44%          4358          5
		HLA-G             0.02%             6          2
		HLA-H             0.14%            50         10
		HLA-J             0.01%             2          1
		HLA-K             0.14%            52          9
		HLA-L             0.47%           172          3
		HLA-P             0.09%            64          1
		HLA-Y             0.06%            18          2
--------------------------------------------------------------------------------
[genotype] Genotyping parameters:
		population: prior
		minimum count: 75
		max iterations: 1000
		tolerance: 1e-06
		drop iterations: 4
		drop threshold: 0.1
		zygosity threshold: 0.15
--------------------------------------------------------------------------------
[genotype] Genotyping HLA-A
[genotype] 4702 reads aligned to HLA-A in 224 classes
[genotype] Top 10 alleles by undivided read count:
		allele                  read count	
		A*68:01:02                    3856	
		A*68:71                       3824	
		A*68:01:01                    3822	
		A*68:139                      3820	
		A*68:105                      3812	
		A*68:17                       3782	
		A*68:07                       3780	
		A*68:02:01                    3764	
		A*68:05                       3712	
		A*68:08:01                    3712	

[genotype] Quantifying allele transcript abundance
[genotype] EM converged after 11 iterations

[genotype] Top alleles by abundance:
		allele                  abundance
		A*68:01:02                 56.37%
		A*02:01:01                 43.63%

[genotype] Pairs by % explained reads:
		allele pair                     explained	
		A*02:01:01, A*68:01:02              98.04%	

[genotype] Checking zygosity
[genotype] Likely heterozygous: minor/major nonshared count 0.77

[genotype] Most likely genotype explaining 4610 reads:
		A*02:01:01
		A*68:01:02
--------------------------------------------------------------------------------
[genotype] Genotyping HLA-B
[genotype] 6792 reads aligned to HLA-B in 183 classes
[genotype] Top 10 alleles by undivided read count:
		allele                  read count	
		B*44:02:01                    6606	
		B*44:08                       6606	
		B*44:19N                      6598	
		B*44:225                      6586	
		B*44:02:37                    6574	
		B*44:218                      6574	
		B*44:02:38                    6572	
		B*44:02:40                    6568	
		B*44:49                       6568	
		B*44:229                      6566	

[genotype] Quantifying allele transcript abundance
[genotype] EM converged after 11 iterations

[genotype] Top alleles by abundance:
		allele                  abundance
		B*44:02:01                100.00%

[genotype] Most likely genotype explaining 6606 reads:
		B*44:02:01
		B*44:02:01
--------------------------------------------------------------------------------
[genotype] Genotyping HLA-C
[genotype] 4248 reads aligned to HLA-C in 205 classes
[genotype] Top 10 alleles by undivided read count:
		allele                  read count	
		C*05:01:01                    2254	
		C*05:113N                     2230	
		C*05:98                       2214	
		C*05:117                      2212	
		C*05:88                       2212	
		C*05:08                       2210	
		C*05:110                      2208	
		C*05:92N                      2204	
		C*05:25                       2200	
		C*05:109                      2198	

[genotype] Quantifying allele transcript abundance
[genotype] EM converged after 7 iterations

[genotype] Top alleles by abundance:
		allele                  abundance
		C*05:01:01                 53.86%
		C*07:04:01                 46.14%

[genotype] Pairs by % explained reads:
		allele pair                     explained	
		C*07:04:01, C*05:01:01              98.35%	

[genotype] Checking zygosity
[genotype] Likely heterozygous: minor/major nonshared count 0.86

[genotype] Most likely genotype explaining 4178 reads:
		C*07:04:01
		C*05:01:01
--------------------------------------------------------------------------------
[genotype] Genotyping HLA-DPB1
[genotype] Not enough reads aligned to HLA-DPB1 to genotype.
--------------------------------------------------------------------------------
[genotype] Genotyping HLA-DQA1
[genotype] 820 reads aligned to HLA-DQA1 in 45 classes
[genotype] Top 10 alleles by undivided read count:
		allele                  read count	
		DQA1*01:01:01                  506	
		DQA1*01:05:01                  492	
		DQA1*01:05:02                  492	
		DQA1*05:05:01                  410	
		DQA1*05:09                     408	
		DQA1*05:08                     380	
		DQA1*01:01:02                  378	
		DQA1*01:01:03                  372	
		DQA1*01:04:01                  326	
		DQA1*01:07Q                    314	

[genotype] Quantifying allele transcript abundance
[genotype] EM converged after 8 iterations

[genotype] Top alleles by abundance:
		allele                  abundance
		DQA1*01:01:01              56.56%
		DQA1*05:05:01              43.44%

[genotype] Pairs by % explained reads:
		allele pair                     explained	
		DQA1*01:01:01, DQA1*05:05:01        99.76%	

[genotype] Checking zygosity
[genotype] Likely heterozygous: minor/major nonshared count 0.76

[genotype] Most likely genotype explaining 818 reads:
		DQA1*01:01:01
		DQA1*05:05:01
--------------------------------------------------------------------------------
[genotype] Genotyping HLA-DQB1
[genotype] 574 reads aligned to HLA-DQB1 in 38 classes
[genotype] Top 10 alleles by undivided read count:
		allele                  read count	
		DQB1*05:01:01                  332	
		DQB1*05:02:01                  312	
		DQB1*05:02:08                  312	
		DQB1*05:102                    304	
		DQB1*05:45                     298	
		DQB1*05:46                     292	
		DQB1*05:56                     292	
		DQB1*05:57                     284	
		DQB1*05:02:07                  272	
		DQB1*05:47                     238	

[genotype] Quantifying allele transcript abundance
[genotype] EM converged after 8 iterations

[genotype] Top alleles by abundance:
		allele                  abundance
		DQB1*05:01:01              58.42%
		DQB1*03:01:01              20.79%
		DQB1*03:01:21              20.79%

[genotype] Pairs by % explained reads:
		allele pair                     explained	
		DQB1*05:01:01, DQB1*03:01:01        98.26%	

[genotype] Checking zygosity
[genotype] Likely heterozygous: minor/major nonshared count 0.71

[genotype] Most likely genotype explaining 564 reads:
		DQB1*05:01:01
		DQB1*03:01:01
--------------------------------------------------------------------------------
[genotype] Genotyping HLA-DRB1
[genotype] 2110 reads aligned to HLA-DRB1 in 54 classes
[genotype] Top 10 alleles by undivided read count:
		allele                  read count	
		DRB1*11:01:01                 1200	
		DRB1*11:05                    1196	
		DRB1*14:02:01                 1182	
		DRB1*11:09                    1180	
		DRB1*11:15                    1180	
		DRB1*11:29:01                 1180	
		DRB1*13:14:02                 1172	
		DRB1*14:46                    1172	
		DRB1*11:19:01                 1170	
		DRB1*13:05:01                 1160	

[genotype] Quantifying allele transcript abundance
[genotype] EM converged after 7 iterations

[genotype] Top alleles by abundance:
		allele                  abundance
		DRB1*11:01:01              57.05%
		DRB1*01:01:01              42.95%

[genotype] Pairs by % explained reads:
		allele pair                     explained	
		DRB1*01:01:01, DRB1*11:01:01        99.34%	

[genotype] Checking zygosity
[genotype] Likely heterozygous: minor/major nonshared count 0.75

[genotype] Most likely genotype explaining 2096 reads:
		DRB1*01:01:01
		DRB1*11:01:01
--------------------------------------------------------------------------------

