
--------------------------------------------------------------------------------
[log] Date: 2023-04-23
[log] Sample: 93_chr6
[log] Input file(s): extracted_files/93_chr6.extracted.fq.gz
[log] Reference: c5acf7a4342869351b2382b1cc1d1b5763e7e04e
--------------------------------------------------------------------------------
[alignment] Analyzing read length
[alignment] Pseudoaligning with Kallisto: 

	kallisto pseudo -i /Users/emilyhuntsman/Desktop/MS-S23/CompGen/Project/arcasHLA/scripts/../dat/ref/hla.idx -t 8 -o /tmp/arcas_bb57d0c7-1849-48fe-87ed-a628ec4bf313/ --single -l 200 -s 20 extracted_files/93_chr6.extracted.fq.gz

	
	[quant] fragment length distribution is truncated gaussian with mean = 200, sd = 20
	[index] k-mer length: 31
	[index] number of targets: 2,049
	[index] number of k-mers: 107,446
	[index] number of equivalence classes: 6,261
	[quant] running in single-end mode
	[quant] will process file 1: extracted_files/93_chr6.extracted.fq.gz
	[quant] finding pseudoalignments for the reads ... done
	[quant] processed 1,614,698 reads, 465,440 reads pseudoaligned
	
	
[alignment] Processing pseudoalignment
[alignment] Processed 1614698 reads, 43274 pseudoaligned to HLA reference
[alignment] 40010 reads mapped to a single HLA gene
[alignment] Observed HLA genes:
		gene          abundance    read count    classes
		HLA-A            19.49%          8326        194
		HLA-B            23.29%          9872        265
		HLA-C             7.44%          3186        164
		HLA-DMA           3.35%          1024          2
		HLA-DMB           2.42%           746          3
		HLA-DOA           0.15%            44          9
		HLA-DOB           0.45%           144          7
		HLA-DPB1          0.01%             4          2
		HLA-DQA1          1.73%           518         18
		HLA-DQB1          0.57%           174         12
		HLA-DRA           5.00%          1490          7
		HLA-DRB1          3.64%          1136         27
		HLA-DRB2          0.02%             4          1
		HLA-DRB3          0.49%           152          5
		HLA-E             8.11%          3420         12
		HLA-F            22.73%          9208          7
		HLA-H             0.08%            32         11
		HLA-J             0.01%             6          2
		HLA-K             0.10%            42          6
		HLA-L             0.69%           296          3
		HLA-P             0.23%           186          1
--------------------------------------------------------------------------------
[genotype] Genotyping parameters:
		population: prior
		minimum count: 75
		max iterations: 1000
		tolerance: 1e-06
		drop iterations: 4
		drop threshold: 0.1
		zygosity threshold: 0.15
--------------------------------------------------------------------------------
[genotype] Genotyping HLA-A
[genotype] 8326 reads aligned to HLA-A in 194 classes
[genotype] Top 10 alleles by undivided read count:
		allele                  read count	
		A*01:37                       7530	
		A*01:01:01                    7530	
		A*01:01:38                    7524	
		A*11:69N                      7486	
		A*11:01:01                    7474	
		A*01:09                       7452	
		A*11:56                       7450	
		A*01:02                       7446	
		A*11:74                       7432	
		A*11:02:01                    7398	

[genotype] Quantifying allele transcript abundance
[genotype] EM converged after 28 iterations

[genotype] Top alleles by abundance:
		allele                  abundance
		A*11:69N                   47.62%
		A*01:37                    27.47%
		A*01:01:38                 17.89%
		A*01:01:71                  7.02%

[genotype] Pairs by % explained reads:
		allele pair                     explained	
		A*01:01:38, A*11:69N                98.56%	
		A*01:37, A*11:69N                   98.27%	
		A*01:01:38, A*01:37                 90.82%	

[genotype] Checking zygosity
[genotype] Likely heterozygous: minor/major nonshared count 0.91

[genotype] Most likely genotype explaining 8206 reads:
		A*01:01:38
		A*11:69N
--------------------------------------------------------------------------------
[genotype] Genotyping HLA-B
[genotype] 9872 reads aligned to HLA-B in 265 classes
[genotype] Top 10 alleles by undivided read count:
		allele                  read count	
		B*08:01:01                    9650	
		B*08:128                      9456	
		B*08:56:02                    9364	
		B*08:26:03                    9324	
		B*08:29                       9320	
		B*08:136                      9304	
		B*08:145                      9270	
		B*08:33                       9238	
		B*08:01:32                    9230	
		B*08:02                       9228	

[genotype] Quantifying allele transcript abundance
[genotype] EM converged after 9 iterations

[genotype] Top alleles by abundance:
		allele                  abundance
		B*08:01:01                100.00%

[genotype] Most likely genotype explaining 9650 reads:
		B*08:01:01
		B*08:01:01
--------------------------------------------------------------------------------
[genotype] Genotyping HLA-C
[genotype] 3186 reads aligned to HLA-C in 164 classes
[genotype] Top 10 alleles by undivided read count:
		allele                  read count	
		C*07:01:01                    3122	
		C*07:01:50                    3108	
		C*07:26:01                    3022	
		C*07:488                      2984	
		C*07:386                      2976	
		C*07:412                      2976	
		C*07:36                       2974	
		C*07:01:45                    2972	
		C*07:170                      2972	
		C*07:30                       2968	

[genotype] Quantifying allele transcript abundance
[genotype] EM converged after 10 iterations

[genotype] Top alleles by abundance:
		allele                  abundance
		C*07:01:01                 70.59%
		C*07:01:50                 29.41%

[genotype] Pairs by % explained reads:
		allele pair                     explained	
		C*07:01:01, C*07:01:50              98.31%	

[genotype] Checking zygosity
[genotype] Likely heterozygous: minor/major nonshared count 0.42

[genotype] Most likely genotype explaining 3132 reads:
		C*07:01:01
		C*07:01:50
--------------------------------------------------------------------------------
[genotype] Genotyping HLA-DPB1
[genotype] Not enough reads aligned to HLA-DPB1 to genotype.
--------------------------------------------------------------------------------
[genotype] Genotyping HLA-DQA1
[genotype] 518 reads aligned to HLA-DQA1 in 18 classes
[genotype] Top 10 alleles by undivided read count:
		allele                  read count	
		DQA1*05:01:01                  518	
		DQA1*05:03                     476	
		DQA1*05:06                     468	
		DQA1*04:01:01                  398	
		DQA1*04:01:02                  398	
		DQA1*06:01:01                  398	
		DQA1*04:02                     392	
		DQA1*05:05:01                  248	
		DQA1*05:11                     242	
		DQA1*05:09                     240	

[genotype] Quantifying allele transcript abundance
[genotype] EM converged after 7 iterations

[genotype] Top alleles by abundance:
		allele                  abundance
		DQA1*05:01:01             100.00%

[genotype] Most likely genotype explaining 518 reads:
		DQA1*05:01:01
		DQA1*05:01:01
--------------------------------------------------------------------------------
[genotype] Genotyping HLA-DQB1
[genotype] 174 reads aligned to HLA-DQB1 in 12 classes
[genotype] Top 10 alleles by undivided read count:
		allele                  read count	
		DQB1*02:01:01                  174	
		DQB1*02:01:08                  174	
		DQB1*02:53Q                    172	
		DQB1*02:02:01                  160	
		DQB1*02:62                     150	
		DQB1*02:12                     148	
		DQB1*03:03:09                   12	
		DQB1*03:01:01                   10	
		DQB1*03:01:21                   10	
		DQB1*03:116                     10	

[genotype] Quantifying allele transcript abundance
[genotype] EM converged after 7 iterations

[genotype] Top alleles by abundance:
		allele                  abundance
		DQB1*02:01:01              50.00%
		DQB1*02:01:08              50.00%

[genotype] Pairs by % explained reads:
		allele pair                     explained	
		DQB1*02:01:01, DQB1*02:01:08       100.00%	

[genotype] Checking zygosity
[genotype] Unable to distinguish between minor and major alleles

[genotype] Most likely genotype explaining 174 reads:
		DQB1*02:01:01
		DQB1*02:01:08
--------------------------------------------------------------------------------
[genotype] Genotyping HLA-DRB1
[genotype] 1136 reads aligned to HLA-DRB1 in 27 classes
[genotype] Top 10 alleles by undivided read count:
		allele                  read count	
		DRB1*03:01:01                 1110	
		DRB1*03:07                    1066	
		DRB1*03:01:02                 1042	
		DRB1*03:04:01                 1042	
		DRB1*03:15                    1042	
		DRB1*03:06                    1038	
		DRB1*13:27                    1038	
		DRB1*13:20                     966	
		DRB1*14:17                     966	
		DRB1*14:21                     966	

[genotype] Quantifying allele transcript abundance
[genotype] EM converged after 7 iterations

[genotype] Top alleles by abundance:
		allele                  abundance
		DRB1*03:01:01             100.00%

[genotype] Most likely genotype explaining 1110 reads:
		DRB1*03:01:01
		DRB1*03:01:01
--------------------------------------------------------------------------------

