
--------------------------------------------------------------------------------
[log] Date: 2023-04-23
[log] Sample: 117_chr6
[log] Input file(s): extracted_files/117_chr6.extracted.fq.gz
[log] Reference: c5acf7a4342869351b2382b1cc1d1b5763e7e04e
--------------------------------------------------------------------------------
[alignment] Analyzing read length
[alignment] Pseudoaligning with Kallisto: 

	kallisto pseudo -i /Users/emilyhuntsman/Desktop/MS-S23/CompGen/Project/arcasHLA/scripts/../dat/ref/hla.idx -t 8 -o /tmp/arcas_0ea7aeab-9d40-48f9-a7fa-5c41962fe4af/ --single -l 200 -s 20 extracted_files/117_chr6.extracted.fq.gz

	
	[quant] fragment length distribution is truncated gaussian with mean = 200, sd = 20
	[index] k-mer length: 31
	[index] number of targets: 2,049
	[index] number of k-mers: 107,446
	[index] number of equivalence classes: 6,261
	[quant] running in single-end mode
	[quant] will process file 1: extracted_files/117_chr6.extracted.fq.gz
	[quant] finding pseudoalignments for the reads ... done
	[quant] processed 1,762,556 reads, 604,424 reads pseudoaligned
	
	
[alignment] Processing pseudoalignment
[alignment] Processed 1762556 reads, 30678 pseudoaligned to HLA reference
[alignment] 27770 reads mapped to a single HLA gene
[alignment] Observed HLA genes:
		gene          abundance    read count    classes
		HLA-A            10.35%          3164        203
		HLA-B            23.44%          7108        265
		HLA-C             6.41%          1964        124
		HLA-DMA           4.69%          1026          2
		HLA-DMB           5.08%          1120          4
		HLA-DOA           0.29%            60          5
		HLA-DOB           0.24%            56          4
		HLA-DQA1          2.39%           512         33
		HLA-DQB1          0.80%           176         19
		HLA-DRA           6.87%          1464          8
		HLA-DRB1          4.05%           904         42
		HLA-DRB2          0.03%             4          1
		HLA-DRB3          0.44%            98          4
		HLA-DRB5          1.43%           318          3
		HLA-E             5.69%          1716         14
		HLA-F            27.34%          7924          4
		HLA-H             0.04%            12          3
		HLA-K             0.06%            18          7
		HLA-L             0.31%            96          3
		HLA-P             0.05%            30          1
--------------------------------------------------------------------------------
[genotype] Genotyping parameters:
		population: prior
		minimum count: 75
		max iterations: 1000
		tolerance: 1e-06
		drop iterations: 4
		drop threshold: 0.1
		zygosity threshold: 0.15
--------------------------------------------------------------------------------
[genotype] Genotyping HLA-A
[genotype] 3164 reads aligned to HLA-A in 203 classes
[genotype] Top 10 alleles by undivided read count:
		allele                  read count	
		A*02:01:01                    1650	
		A*02:30                       1632	
		A*02:01:120                   1624	
		A*02:06:01                    1624	
		A*02:06:22                    1624	
		A*02:602                      1624	
		A*02:21                       1604	
		A*02:77                       1598	
		A*02:68                       1596	
		A*02:16                       1594	

[genotype] Quantifying allele transcript abundance
[genotype] EM converged after 12 iterations

[genotype] Top alleles by abundance:
		allele                  abundance
		A*02:01:01                 52.96%
		A*01:01:01                 47.04%

[genotype] Pairs by % explained reads:
		allele pair                     explained	
		A*01:01:01, A*02:01:01              98.29%	

[genotype] Checking zygosity
[genotype] Likely heterozygous: minor/major nonshared count 0.89

[genotype] Most likely genotype explaining 3110 reads:
		A*01:01:01
		A*02:01:01
--------------------------------------------------------------------------------
[genotype] Genotyping HLA-B
[genotype] 7108 reads aligned to HLA-B in 265 classes
[genotype] Top 10 alleles by undivided read count:
		allele                  read count	
		B*08:01:01                    5538	
		B*08:132                      5538	
		B*42:01:01                    5474	
		B*42:02:01                    5426	
		B*08:128                      5420	
		B*08:56:02                    5406	
		B*08:26:03                    5388	
		B*08:01:29                    5358	
		B*08:155                      5330	
		B*08:146                      5314	

[genotype] Quantifying allele transcript abundance
[genotype] EM converged after 11 iterations

[genotype] Top alleles by abundance:
		allele                  abundance
		B*08:01:01                 60.35%
		B*07:02:01                 39.65%

[genotype] Pairs by % explained reads:
		allele pair                     explained	
		B*07:02:01, B*08:01:01              98.87%	

[genotype] Checking zygosity
[genotype] Likely heterozygous: minor/major nonshared count 0.66

[genotype] Most likely genotype explaining 7028 reads:
		B*07:02:01
		B*08:01:01
--------------------------------------------------------------------------------
[genotype] Genotyping HLA-C
[genotype] 1964 reads aligned to HLA-C in 124 classes
[genotype] Top 10 alleles by undivided read count:
		allele                  read count	
		C*07:01:01                    1866	
		C*07:01:50                    1842	
		C*07:26:01                    1822	
		C*07:36                       1800	
		C*07:385                      1796	
		C*07:422                      1794	
		C*07:205                      1792	
		C*07:02:01                    1788	
		C*07:01:45                    1768	
		C*07:30                       1766	

[genotype] Quantifying allele transcript abundance
[genotype] EM converged after 15 iterations

[genotype] Top alleles by abundance:
		allele                  abundance
		C*07:01:01                 57.97%
		C*07:02:01                 34.88%
		C*07:01:50                  7.14%

[genotype] Pairs by % explained reads:
		allele pair                     explained	
		C*07:01:50, C*07:02:01              99.69%	

[genotype] Checking zygosity
[genotype] Likely heterozygous: minor/major nonshared count 0.53

[genotype] Most likely genotype explaining 1958 reads:
		C*07:01:01
		C*07:02:01
--------------------------------------------------------------------------------
[genotype] Genotyping HLA-DPB1
[genotype] Not enough reads aligned to HLA-DPB1 to genotype.
--------------------------------------------------------------------------------
[genotype] Genotyping HLA-DQA1
[genotype] 512 reads aligned to HLA-DQA1 in 33 classes
[genotype] Top 10 alleles by undivided read count:
		allele                  read count	
		DQA1*05:01:01                  266	
		DQA1*01:02:01                  258	
		DQA1*05:03                     238	
		DQA1*01:02:02                  236	
		DQA1*05:06                     236	
		DQA1*04:01:01                  232	
		DQA1*04:01:02                  232	
		DQA1*06:01:01                  232	
		DQA1*01:11                     228	
		DQA1*01:02:03                  222	

[genotype] Quantifying allele transcript abundance
[genotype] EM converged after 7 iterations

[genotype] Top alleles by abundance:
		allele                  abundance
		DQA1*05:01:01              50.90%
		DQA1*01:02:01              49.10%

[genotype] Pairs by % explained reads:
		allele pair                     explained	
		DQA1*05:01:01, DQA1*01:02:01       100.00%	

[genotype] Checking zygosity
[genotype] Likely heterozygous: minor/major nonshared count 0.97

[genotype] Most likely genotype explaining 512 reads:
		DQA1*05:01:01
		DQA1*01:02:01
--------------------------------------------------------------------------------
[genotype] Genotyping HLA-DQB1
[genotype] 176 reads aligned to HLA-DQB1 in 19 classes
[genotype] Top 10 alleles by undivided read count:
		allele                  read count	
		DQB1*02:01:01                   98	
		DQB1*02:53Q                     98	
		DQB1*02:01:08                   84	
		DQB1*02:02:01                   80	
		DQB1*02:62                      80	
		DQB1*06:02:01                   78	
		DQB1*06:113                     78	
		DQB1*06:115                     78	
		DQB1*06:02:25                   76	
		DQB1*06:03:01                   76	

[genotype] Quantifying allele transcript abundance
[genotype] EM converged after 8 iterations

[genotype] Top alleles by abundance:
		allele                  abundance
		DQB1*02:01:01              55.68%
		DQB1*06:02:01              44.32%

[genotype] Pairs by % explained reads:
		allele pair                     explained	
		DQB1*02:01:01, DQB1*06:02:01       100.00%	

[genotype] Checking zygosity
[genotype] Likely heterozygous: minor/major nonshared count 0.80

[genotype] Most likely genotype explaining 176 reads:
		DQB1*02:01:01
		DQB1*06:02:01
--------------------------------------------------------------------------------
[genotype] Genotyping HLA-DRB1
[genotype] 904 reads aligned to HLA-DRB1 in 42 classes
[genotype] Top 10 alleles by undivided read count:
		allele                  read count	
		DRB1*03:01:01                  710	
		DRB1*03:07                     668	
		DRB1*03:04:01                  646	
		DRB1*03:06                     616	
		DRB1*03:15                     614	
		DRB1*03:01:02                  612	
		DRB1*13:27                     582	
		DRB1*14:21                     472	
		DRB1*14:17                     468	
		DRB1*13:20                     462	

[genotype] Quantifying allele transcript abundance
[genotype] EM converged after 7 iterations

[genotype] Top alleles by abundance:
		allele                  abundance
		DRB1*03:01:01              77.35%
		DRB1*15:01:01              22.65%

[genotype] Pairs by % explained reads:
		allele pair                     explained	
		DRB1*03:01:01, DRB1*15:01:01        99.34%	

[genotype] Checking zygosity
[genotype] Likely heterozygous: minor/major nonshared count 0.29

[genotype] Most likely genotype explaining 898 reads:
		DRB1*03:01:01
		DRB1*15:01:01
--------------------------------------------------------------------------------

