
--------------------------------------------------------------------------------
[log] Date: 2023-04-23
[log] Sample: 4_chr6
[log] Input file(s): extracted_files/4_chr6.extracted.fq.gz
[log] Reference: c5acf7a4342869351b2382b1cc1d1b5763e7e04e
--------------------------------------------------------------------------------
[alignment] Analyzing read length
[alignment] Pseudoaligning with Kallisto: 

	kallisto pseudo -i /Users/emilyhuntsman/Desktop/MS-S23/CompGen/Project/arcasHLA/scripts/../dat/ref/hla.idx -t 8 -o /tmp/arcas_3a0cc06b-46ef-4936-b162-9c9d2863c4ee/ --single -l 200 -s 20 extracted_files/4_chr6.extracted.fq.gz

	
	[quant] fragment length distribution is truncated gaussian with mean = 200, sd = 20
	[index] k-mer length: 31
	[index] number of targets: 2,049
	[index] number of k-mers: 107,446
	[index] number of equivalence classes: 6,261
	[quant] running in single-end mode
	[quant] will process file 1: extracted_files/4_chr6.extracted.fq.gz
	[quant] finding pseudoalignments for the reads ... done
	[quant] processed 1,541,834 reads, 628,016 reads pseudoaligned
	
	
[alignment] Processing pseudoalignment
[alignment] Processed 1541834 reads, 33704 pseudoaligned to HLA reference
[alignment] 29790 reads mapped to a single HLA gene
[alignment] Observed HLA genes:
		gene          abundance    read count    classes
		HLA-A             7.98%          2808        157
		HLA-B            14.34%          5004        287
		HLA-C             7.99%          2818        192
		HLA-DMA           6.14%          1546          2
		HLA-DMB           1.92%           486          3
		HLA-DOA           0.13%            32          2
		HLA-DOB           0.40%           106          7
		HLA-DQA1         28.46%          7004         39
		HLA-DQB1          0.79%           198         17
		HLA-DRA           5.16%          1264          8
		HLA-DRB1          5.09%          1306         46
		HLA-DRB3          0.33%            84          6
		HLA-DRB4          0.57%           146          3
		HLA-E             4.18%          1452         14
		HLA-F            16.12%          5376          4
		HLA-H             0.01%             2          1
		HLA-K             0.07%            26          7
		HLA-L             0.28%            98          1
		HLA-P             0.05%            34          1
--------------------------------------------------------------------------------
[genotype] Genotyping parameters:
		population: prior
		minimum count: 75
		max iterations: 1000
		tolerance: 1e-06
		drop iterations: 4
		drop threshold: 0.1
		zygosity threshold: 0.15
--------------------------------------------------------------------------------
[genotype] Genotyping HLA-A
[genotype] 2808 reads aligned to HLA-A in 157 classes
[genotype] Top 10 alleles by undivided read count:
		allele                  read count	
		A*02:01:01                    2690	
		A*02:24:01                    2670	
		A*02:30                       2638	
		A*02:01:120                   2628	
		A*02:06:22                    2628	
		A*02:06:01                    2624	
		A*02:60:01                    2610	
		A*02:64:01                    2610	
		A*02:602                      2606	
		A*02:193                      2602	

[genotype] Quantifying allele transcript abundance
[genotype] EM converged after 10 iterations

[genotype] Top alleles by abundance:
		allele                  abundance
		A*02:01:01                 56.41%
		A*02:24:01                 43.59%

[genotype] Pairs by % explained reads:
		allele pair                     explained	
		A*02:24:01, A*02:01:01              98.22%	

[genotype] Checking zygosity
[genotype] Likely heterozygous: minor/major nonshared count 0.77

[genotype] Most likely genotype explaining 2758 reads:
		A*02:24:01
		A*02:01:01
--------------------------------------------------------------------------------
[genotype] Genotyping HLA-B
[genotype] 5004 reads aligned to HLA-B in 287 classes
[genotype] Top 10 alleles by undivided read count:
		allele                  read count	
		B*07:02:01                    3330	
		B*07:252                      3302	
		B*07:86                       3282	
		B*07:41                       3256	
		B*07:261                      3168	
		B*07:254                      3154	
		B*07:04                       3130	
		B*07:06:01                    3102	
		B*07:156                      3098	
		B*07:253                      3098	

[genotype] Quantifying allele transcript abundance
[genotype] EM converged after 8 iterations

[genotype] Top alleles by abundance:
		allele                  abundance
		B*07:02:01                 59.75%
		B*35:01:01                 40.25%

[genotype] Pairs by % explained reads:
		allele pair                     explained	
		B*35:01:01, B*07:02:01              98.32%	

[genotype] Checking zygosity
[genotype] Likely heterozygous: minor/major nonshared count 0.67

[genotype] Most likely genotype explaining 4920 reads:
		B*35:01:01
		B*07:02:01
--------------------------------------------------------------------------------
[genotype] Genotyping HLA-C
[genotype] 2818 reads aligned to HLA-C in 192 classes
[genotype] Top 10 alleles by undivided read count:
		allele                  read count	
		C*04:01:01                    2048	
		C*04:198                      2034	
		C*04:145                      2032	
		C*04:71                       2028	
		C*04:42:01                    2020	
		C*04:42:02                    2014	
		C*04:200                      2010	
		C*04:199                      2004	
		C*04:82                       2002	
		C*04:187                      1992	

[genotype] Quantifying allele transcript abundance
[genotype] EM converged after 8 iterations

[genotype] Top alleles by abundance:
		allele                  abundance
		C*04:01:01                 73.12%
		C*07:02:01                 26.88%

[genotype] Pairs by % explained reads:
		allele pair                     explained	
		C*07:02:01, C*04:01:01              99.36%	

[genotype] Checking zygosity
[genotype] Likely heterozygous: minor/major nonshared count 0.37

[genotype] Most likely genotype explaining 2800 reads:
		C*07:02:01
		C*04:01:01
--------------------------------------------------------------------------------
[genotype] Genotyping HLA-DPB1
[genotype] Not enough reads aligned to HLA-DPB1 to genotype.
--------------------------------------------------------------------------------
[genotype] Genotyping HLA-DQA1
[genotype] 7004 reads aligned to HLA-DQA1 in 39 classes
[genotype] Top 10 alleles by undivided read count:
		allele                  read count	
		DQA1*02:01:01                 6886	
		DQA1*03:01:01                 4074	
		DQA1*03:03:01                 3090	
		DQA1*03:02                    3086	
		DQA1*03:03:02                 3010	
		DQA1*06:01:01                  694	
		DQA1*04:01:01                  690	
		DQA1*04:01:02                  690	
		DQA1*01:03:01                  546	
		DQA1*01:10                     544	

[genotype] Quantifying allele transcript abundance
[genotype] EM converged after 7 iterations

[genotype] Top alleles by abundance:
		allele                  abundance
		DQA1*02:01:01             100.00%

[genotype] Most likely genotype explaining 6886 reads:
		DQA1*02:01:01
		DQA1*02:01:01
--------------------------------------------------------------------------------
[genotype] Genotyping HLA-DQB1
[genotype] 198 reads aligned to HLA-DQB1 in 17 classes
[genotype] Top 10 alleles by undivided read count:
		allele                  read count	
		DQB1*02:01:08                  110	
		DQB1*02:02:01                  110	
		DQB1*02:62                     106	
		DQB1*02:12                     104	
		DQB1*02:01:01                   94	
		DQB1*03:01:01                   94	
		DQB1*02:53Q                     92	
		DQB1*03:01:21                   92	
		DQB1*03:92                      92	
		DQB1*03:93                      92	

[genotype] Quantifying allele transcript abundance
[genotype] EM converged after 14 iterations

[genotype] Top alleles by abundance:
		allele                  abundance
		DQB1*02:02:01              50.00%
		DQB1*03:01:01              45.00%
		DQB1*02:01:08               5.00%

[genotype] Pairs by % explained reads:
		allele pair                     explained	
		DQB1*02:02:01, DQB1*03:01:01       100.00%	
		DQB1*02:01:08, DQB1*03:01:01        91.92%	
		DQB1*02:01:08, DQB1*02:02:01        63.64%	

[genotype] Checking zygosity
[genotype] Likely heterozygous: minor/major nonshared count 0.85

[genotype] Most likely genotype explaining 198 reads:
		DQB1*02:02:01
		DQB1*03:01:01
--------------------------------------------------------------------------------
[genotype] Genotyping HLA-DRB1
[genotype] 1306 reads aligned to HLA-DRB1 in 46 classes
[genotype] Top 10 alleles by undivided read count:
		allele                  read count	
		DRB1*11:01:01                  680	
		DRB1*11:05                     656	
		DRB1*11:15                     650	
		DRB1*11:29:01                  650	
		DRB1*13:14:02                  644	
		DRB1*11:09                     636	
		DRB1*11:19:01                  630	
		DRB1*11:11:01                  624	
		DRB1*11:14:01                  620	
		DRB1*13:12:01                  614	

[genotype] Quantifying allele transcript abundance
[genotype] EM converged after 7 iterations

[genotype] Top alleles by abundance:
		allele                  abundance
		DRB1*11:01:01              52.96%
		DRB1*07:01:01              47.04%

[genotype] Pairs by % explained reads:
		allele pair                     explained	
		DRB1*11:01:01, DRB1*07:01:01        98.32%	

[genotype] Checking zygosity
[genotype] Likely heterozygous: minor/major nonshared count 0.89

[genotype] Most likely genotype explaining 1284 reads:
		DRB1*11:01:01
		DRB1*07:01:01
--------------------------------------------------------------------------------

