
--------------------------------------------------------------------------------
[log] Date: 2023-04-23
[log] Sample: 113_chr6
[log] Input file(s): extracted_files/113_chr6.extracted.fq.gz
[log] Reference: c5acf7a4342869351b2382b1cc1d1b5763e7e04e
--------------------------------------------------------------------------------
[alignment] Analyzing read length
[alignment] Pseudoaligning with Kallisto: 

	kallisto pseudo -i /Users/emilyhuntsman/Desktop/MS-S23/CompGen/Project/arcasHLA/scripts/../dat/ref/hla.idx -t 8 -o /tmp/arcas_beb3b377-2428-4dd1-b8db-b8f4f166b95a/ --single -l 200 -s 20 extracted_files/113_chr6.extracted.fq.gz

	
	[quant] fragment length distribution is truncated gaussian with mean = 200, sd = 20
	[index] k-mer length: 31
	[index] number of targets: 2,049
	[index] number of k-mers: 107,446
	[index] number of equivalence classes: 6,261
	[quant] running in single-end mode
	[quant] will process file 1: extracted_files/113_chr6.extracted.fq.gz
	[quant] finding pseudoalignments for the reads ... done
	[quant] processed 1,030,556 reads, 319,434 reads pseudoaligned
	
	
[alignment] Processing pseudoalignment
[alignment] Processed 1030556 reads, 113922 pseudoaligned to HLA reference
[alignment] 90642 reads mapped to a single HLA gene
[alignment] Observed HLA genes:
		gene          abundance    read count    classes
		HLA-A            16.38%         16450        370
		HLA-B            30.06%         29940        371
		HLA-C            14.74%         14836        190
		HLA-DMA           3.15%          2262          2
		HLA-DMB           1.39%          1008          3
		HLA-DOA           0.01%             8          2
		HLA-DOB           0.19%           146          5
		HLA-DPB1          0.02%            16          3
		HLA-DQA1          0.89%           624         23
		HLA-DQB1          1.15%           826         21
		HLA-DRA          17.34%         12132          9
		HLA-DRB1          7.45%          5454         50
		HLA-DRB2          0.05%            22          1
		HLA-DRB3          0.60%           442          7
		HLA-DRB4          0.01%             4          1
		HLA-DRB5          0.02%            12          2
		HLA-DRB7          0.01%             4          1
		HLA-E             3.87%          3836         17
		HLA-F             2.37%          2256          5
		HLA-G             0.00%             2          1
		HLA-H             0.03%            34          9
		HLA-J             0.00%             4          1
		HLA-K             0.05%            52          7
		HLA-L             0.14%           138          3
		HLA-P             0.06%           124          1
		HLA-Y             0.01%            10          2
--------------------------------------------------------------------------------
[genotype] Genotyping parameters:
		population: prior
		minimum count: 75
		max iterations: 1000
		tolerance: 1e-06
		drop iterations: 4
		drop threshold: 0.1
		zygosity threshold: 0.15
--------------------------------------------------------------------------------
[genotype] Genotyping HLA-A
[genotype] 16450 reads aligned to HLA-A in 370 classes
[genotype] Top 10 alleles by undivided read count:
		allele                  read count	
		A*01:37                       8958	
		A*01:01:01                    8950	
		A*01:09                       8946	
		A*01:01:38                    8938	
		A*01:02                       8910	
		A*01:128                      8894	
		A*01:194                      8868	
		A*01:20                       8852	
		A*01:16N                      8774	
		A*01:14                       8674	

[genotype] Quantifying allele transcript abundance
[genotype] EM converged after 19 iterations

[genotype] Top alleles by abundance:
		allele                  abundance
		A*01:37                    56.11%
		A*02:01:01                 43.89%

[genotype] Pairs by % explained reads:
		allele pair                     explained	
		A*01:37, A*02:01:01                 96.91%	

[genotype] Checking zygosity
[genotype] Likely heterozygous: minor/major nonshared count 0.78

[genotype] Most likely genotype explaining 15942 reads:
		A*01:37
		A*02:01:01
--------------------------------------------------------------------------------
[genotype] Genotyping HLA-B
[genotype] 29940 reads aligned to HLA-B in 371 classes
[genotype] Top 10 alleles by undivided read count:
		allele                  read count	
		B*08:01:01                   29096	
		B*08:128                     29064	
		B*08:56:02                   29028	
		B*08:26:03                   29020	
		B*08:144                     28998	
		B*08:146                     28996	
		B*08:148N                    28996	
		B*08:01:29                   28994	
		B*08:155                     28992	
		B*08:136                     28990	

[genotype] Quantifying allele transcript abundance
[genotype] EM converged after 18 iterations

[genotype] Top alleles by abundance:
		allele                  abundance
		B*08:01:01                100.00%

[genotype] Most likely genotype explaining 29096 reads:
		B*08:01:01
		B*08:01:01
--------------------------------------------------------------------------------
[genotype] Genotyping HLA-C
[genotype] 14836 reads aligned to HLA-C in 190 classes
[genotype] Top 10 alleles by undivided read count:
		allele                  read count	
		C*07:01:50                   14590	
		C*07:01:01                   14590	
		C*07:26:01                   14576	
		C*07:36                      14572	
		C*07:422                     14570	
		C*07:385                     14568	
		C*07:205                     14562	
		C*07:60                      14560	
		C*07:488                     14558	
		C*07:421                     14546	

[genotype] Quantifying allele transcript abundance
[genotype] EM converged after 17 iterations

[genotype] Top alleles by abundance:
		allele                  abundance
		C*07:01:50                 50.00%
		C*07:01:01                 41.67%
		C*07:422                    8.33%

[genotype] Pairs by % explained reads:
		allele pair                     explained	
		C*07:01:50, C*07:422                98.38%	

[genotype] Checking zygosity
[genotype] Likely homozygous: minor/major nonshared count 0.08

[genotype] Most likely genotype explaining 14596 reads:
		C*07:01:01
		C*07:01:01
--------------------------------------------------------------------------------
[genotype] Genotyping HLA-DPB1
[genotype] Not enough reads aligned to HLA-DPB1 to genotype.
--------------------------------------------------------------------------------
[genotype] Genotyping HLA-DQA1
[genotype] 624 reads aligned to HLA-DQA1 in 23 classes
[genotype] Top 10 alleles by undivided read count:
		allele                  read count	
		DQA1*05:01:01                  620	
		DQA1*05:03                     506	
		DQA1*05:06                     470	
		DQA1*05:07                     320	
		DQA1*06:01:01                  298	
		DQA1*04:01:01                  296	
		DQA1*04:01:02                  296	
		DQA1*04:02                     264	
		DQA1*05:05:01                  168	
		DQA1*05:09                     168	

[genotype] Quantifying allele transcript abundance
[genotype] EM converged after 7 iterations

[genotype] Top alleles by abundance:
		allele                  abundance
		DQA1*05:01:01             100.00%

[genotype] Most likely genotype explaining 620 reads:
		DQA1*05:01:01
		DQA1*05:01:01
--------------------------------------------------------------------------------
[genotype] Genotyping HLA-DQB1
[genotype] 826 reads aligned to HLA-DQB1 in 21 classes
[genotype] Top 10 alleles by undivided read count:
		allele                  read count	
		DQB1*02:01:01                  826	
		DQB1*02:53Q                    826	
		DQB1*02:01:08                  760	
		DQB1*02:02:01                  748	
		DQB1*02:62                     746	
		DQB1*02:12                     724	
		DQB1*03:03:09                   80	
		DQB1*03:02:01                   54	
		DQB1*03:02:11                   54	
		DQB1*03:03:02                   54	

[genotype] Quantifying allele transcript abundance
[genotype] EM converged after 9 iterations

[genotype] Top alleles by abundance:
		allele                  abundance
		DQB1*02:53Q               100.00%

[genotype] Most likely genotype explaining 826 reads:
		DQB1*02:53Q
		DQB1*02:53Q
--------------------------------------------------------------------------------
[genotype] Genotyping HLA-DRB1
[genotype] 5454 reads aligned to HLA-DRB1 in 50 classes
[genotype] Top 10 alleles by undivided read count:
		allele                  read count	
		DRB1*03:01:01                 5412	
		DRB1*03:07                    5364	
		DRB1*03:04:01                 5316	
		DRB1*03:06                    5284	
		DRB1*03:01:02                 5106	
		DRB1*03:15                    5102	
		DRB1*13:27                    5082	
		DRB1*14:17                    4530	
		DRB1*14:21                    4528	
		DRB1*13:20                    4524	

[genotype] Quantifying allele transcript abundance
[genotype] EM converged after 7 iterations

[genotype] Top alleles by abundance:
		allele                  abundance
		DRB1*03:01:01             100.00%

[genotype] Most likely genotype explaining 5412 reads:
		DRB1*03:01:01
		DRB1*03:01:01
--------------------------------------------------------------------------------

