
--------------------------------------------------------------------------------
[log] Date: 2023-04-23
[log] Sample: 26_chr6
[log] Input file(s): extracted_files/26_chr6.extracted.fq.gz
[log] Reference: c5acf7a4342869351b2382b1cc1d1b5763e7e04e
--------------------------------------------------------------------------------
[alignment] Analyzing read length
[alignment] Pseudoaligning with Kallisto: 

	kallisto pseudo -i /Users/emilyhuntsman/Desktop/MS-S23/CompGen/Project/arcasHLA/scripts/../dat/ref/hla.idx -t 8 -o /tmp/arcas_cc0a2766-3d32-40d7-89f4-a5570f36b6e4/ --single -l 200 -s 20 extracted_files/26_chr6.extracted.fq.gz

	
	[quant] fragment length distribution is truncated gaussian with mean = 200, sd = 20
	[index] k-mer length: 31
	[index] number of targets: 2,049
	[index] number of k-mers: 107,446
	[index] number of equivalence classes: 6,261
	[quant] running in single-end mode
	[quant] will process file 1: extracted_files/26_chr6.extracted.fq.gz
	[quant] finding pseudoalignments for the reads ... done
	[quant] processed 1,915,780 reads, 711,116 reads pseudoaligned
	
	
[alignment] Processing pseudoalignment
[alignment] Processed 1915780 reads, 32924 pseudoaligned to HLA reference
[alignment] 27958 reads mapped to a single HLA gene
[alignment] Observed HLA genes:
		gene          abundance    read count    classes
		HLA-A            10.00%          3214        157
		HLA-B            15.08%          4804        235
		HLA-C             7.23%          2328        185
		HLA-DMA          11.66%          2682          2
		HLA-DMB           3.12%           724          3
		HLA-DOA           0.17%            38          4
		HLA-DOB           0.47%           114          5
		HLA-DPB1          0.10%            22          3
		HLA-DQA1          3.79%           852         24
		HLA-DQB1          1.29%           296         36
		HLA-DRA          11.03%          2468          8
		HLA-DRB1          5.67%          1328         48
		HLA-DRB2          0.01%             2          1
		HLA-DRB3          0.85%           200          5
		HLA-DRB4          0.02%             4          1
		HLA-DRB5          2.70%           632          3
		HLA-DRB7          0.01%             2          1
		HLA-E             4.90%          1554         14
		HLA-F            21.45%          6532          8
		HLA-H             0.06%            20          4
		HLA-J             0.02%             8          1
		HLA-K             0.06%            18          5
		HLA-L             0.24%            76          2
		HLA-P             0.06%            38          1
		HLA-Y             0.01%             2          1
--------------------------------------------------------------------------------
[genotype] Genotyping parameters:
		population: prior
		minimum count: 75
		max iterations: 1000
		tolerance: 1e-06
		drop iterations: 4
		drop threshold: 0.1
		zygosity threshold: 0.15
--------------------------------------------------------------------------------
[genotype] Genotyping HLA-A
[genotype] 3214 reads aligned to HLA-A in 157 classes
[genotype] Top 10 alleles by undivided read count:
		allele                  read count	
		A*31:01:02                    2004	
		A*31:46                       2004	
		A*31:01:24                    1980	
		A*31:01:04                    1974	
		A*31:32                       1960	
		A*31:14N                      1942	
		A*31:04                       1916	
		A*31:36                       1914	
		A*31:01:23                    1902	
		A*33:03:01                    1890	

[genotype] Quantifying allele transcript abundance
[genotype] EM converged after 9 iterations

[genotype] Top alleles by abundance:
		allele                  abundance
		A*31:01:02                 62.56%
		A*02:01:01                 37.44%

[genotype] Pairs by % explained reads:
		allele pair                     explained	
		A*31:01:02, A*02:01:01              99.19%	

[genotype] Checking zygosity
[genotype] Likely heterozygous: minor/major nonshared count 0.60

[genotype] Most likely genotype explaining 3188 reads:
		A*31:01:02
		A*02:01:01
--------------------------------------------------------------------------------
[genotype] Genotyping HLA-B
[genotype] 4804 reads aligned to HLA-B in 235 classes
[genotype] Top 10 alleles by undivided read count:
		allele                  read count	
		B*07:02:01                    3958	
		B*07:252                      3928	
		B*07:86                       3912	
		B*07:06:01                    3892	
		B*07:41                       3884	
		B*07:254                      3838	
		B*07:07                       3814	
		B*48:08                       3790	
		B*07:02:48                    3778	
		B*07:77                       3776	

[genotype] Quantifying allele transcript abundance
[genotype] EM converged after 11 iterations

[genotype] Top alleles by abundance:
		allele                  abundance
		B*07:02:01                 57.88%
		B*40:01:02                 42.12%

[genotype] Pairs by % explained reads:
		allele pair                     explained	
		B*07:02:01, B*40:01:02              98.29%	

[genotype] Checking zygosity
[genotype] Likely heterozygous: minor/major nonshared count 0.73

[genotype] Most likely genotype explaining 4722 reads:
		B*07:02:01
		B*40:01:02
--------------------------------------------------------------------------------
[genotype] Genotyping HLA-C
[genotype] 2328 reads aligned to HLA-C in 185 classes
[genotype] Top 10 alleles by undivided read count:
		allele                  read count	
		C*03:04:01                    1492	
		C*03:313                      1436	
		C*03:87:02                    1432	
		C*03:04:48                    1428	
		C*03:140                      1422	
		C*03:04:14                    1414	
		C*03:04:04                    1412	
		C*03:46                       1412	
		C*03:03:01                    1410	
		C*03:51                       1410	

[genotype] Quantifying allele transcript abundance
[genotype] EM converged after 9 iterations

[genotype] Top alleles by abundance:
		allele                  abundance
		C*03:04:01                 63.90%
		C*07:02:01                 36.10%

[genotype] Pairs by % explained reads:
		allele pair                     explained	
		C*07:02:01, C*03:04:01              99.23%	

[genotype] Checking zygosity
[genotype] Likely heterozygous: minor/major nonshared count 0.56

[genotype] Most likely genotype explaining 2310 reads:
		C*07:02:01
		C*03:04:01
--------------------------------------------------------------------------------
[genotype] Genotyping HLA-DPB1
[genotype] Not enough reads aligned to HLA-DPB1 to genotype.
--------------------------------------------------------------------------------
[genotype] Genotyping HLA-DQA1
[genotype] 852 reads aligned to HLA-DQA1 in 24 classes
[genotype] Top 10 alleles by undivided read count:
		allele                  read count	
		DQA1*01:02:01                  850	
		DQA1*01:02:02                  828	
		DQA1*01:02:03                  824	
		DQA1*01:02:04                  784	
		DQA1*01:11                     774	
		DQA1*01:01:01                  572	
		DQA1*01:04:01                  520	
		DQA1*01:05:01                  520	
		DQA1*01:05:02                  520	
		DQA1*01:07Q                    512	

[genotype] Quantifying allele transcript abundance
[genotype] EM converged after 8 iterations

[genotype] Top alleles by abundance:
		allele                  abundance
		DQA1*01:02:01             100.00%

[genotype] Most likely genotype explaining 850 reads:
		DQA1*01:02:01
		DQA1*01:02:01
--------------------------------------------------------------------------------
[genotype] Genotyping HLA-DQB1
[genotype] 296 reads aligned to HLA-DQB1 in 36 classes
[genotype] Top 10 alleles by undivided read count:
		allele                  read count	
		DQB1*06:02:01                  264	
		DQB1*06:03:01                  264	
		DQB1*06:114                    260	
		DQB1*06:113                    258	
		DQB1*06:02:25                  256	
		DQB1*06:112N                   256	
		DQB1*06:02:11                  250	
		DQB1*06:107                    248	
		DQB1*06:115                    248	
		DQB1*06:125                    246	

[genotype] Quantifying allele transcript abundance
[genotype] EM converged after 10 iterations

[genotype] Top alleles by abundance:
		allele                  abundance
		DQB1*06:02:01              39.58%
		DQB1*06:03:01              36.43%
		DQB1*06:09:01              23.99%

[genotype] Pairs by % explained reads:
		allele pair                     explained	
		DQB1*06:02:01, DQB1*06:09:01        95.27%	
		DQB1*06:03:01, DQB1*06:09:01        94.59%	
		DQB1*06:02:01, DQB1*06:03:01        92.57%	

[genotype] Checking zygosity
[genotype] Likely heterozygous: minor/major nonshared count 0.41

[genotype] Most likely genotype explaining 282 reads:
		DQB1*06:02:01
		DQB1*06:09:01
--------------------------------------------------------------------------------
[genotype] Genotyping HLA-DRB1
[genotype] 1328 reads aligned to HLA-DRB1 in 48 classes
[genotype] Top 10 alleles by undivided read count:
		allele                  read count	
		DRB1*13:02:01                 1068	
		DRB1*13:36                    1004	
		DRB1*13:01:01                  994	
		DRB1*11:14:01                  956	
		DRB1*13:05:01                  956	
		DRB1*13:56                     956	
		DRB1*13:27                     946	
		DRB1*13:17                     944	
		DRB1*13:06                     942	
		DRB1*13:10                     942	

[genotype] Quantifying allele transcript abundance
[genotype] EM converged after 8 iterations

[genotype] Top alleles by abundance:
		allele                  abundance
		DRB1*13:02:01              80.17%
		DRB1*15:01:01              19.83%

[genotype] Pairs by % explained reads:
		allele pair                     explained	
		DRB1*13:02:01, DRB1*15:01:01        98.49%	

[genotype] Checking zygosity
[genotype] Likely heterozygous: minor/major nonshared count 0.25

[genotype] Most likely genotype explaining 1308 reads:
		DRB1*13:02:01
		DRB1*15:01:01
--------------------------------------------------------------------------------

