
--------------------------------------------------------------------------------
[log] Date: 2023-04-23
[log] Sample: 49_chr6
[log] Input file(s): extracted_files/49_chr6.extracted.fq.gz
[log] Reference: c5acf7a4342869351b2382b1cc1d1b5763e7e04e
--------------------------------------------------------------------------------
[alignment] Analyzing read length
[alignment] Pseudoaligning with Kallisto: 

	kallisto pseudo -i /Users/emilyhuntsman/Desktop/MS-S23/CompGen/Project/arcasHLA/scripts/../dat/ref/hla.idx -t 8 -o /tmp/arcas_1d80e92f-82a8-4a11-aa27-250b529b5298/ --single -l 200 -s 20 extracted_files/49_chr6.extracted.fq.gz

	
	[quant] fragment length distribution is truncated gaussian with mean = 200, sd = 20
	[index] k-mer length: 31
	[index] number of targets: 2,049
	[index] number of k-mers: 107,446
	[index] number of equivalence classes: 6,261
	[quant] running in single-end mode
	[quant] will process file 1: extracted_files/49_chr6.extracted.fq.gz
	[quant] finding pseudoalignments for the reads ... done
	[quant] processed 1,479,626 reads, 532,404 reads pseudoaligned
	
	
[alignment] Processing pseudoalignment
[alignment] Processed 1479626 reads, 27320 pseudoaligned to HLA reference
[alignment] 24180 reads mapped to a single HLA gene
[alignment] Observed HLA genes:
		gene          abundance    read count    classes
		HLA-A            10.57%          2856        166
		HLA-B            20.46%          5482        227
		HLA-C             5.36%          1452        124
		HLA-DMA           7.35%          1422          2
		HLA-DMB           6.60%          1286          5
		HLA-DOA           0.05%            10          3
		HLA-DOB           0.68%           138          3
		HLA-DPA1          0.02%             4          1
		HLA-DQA1          2.53%           478         34
		HLA-DQB1          0.72%           140         25
		HLA-DRA           7.13%          1342          7
		HLA-DRB1          4.46%           878         32
		HLA-DRB3          0.44%            86          5
		HLA-DRB5          1.67%           330          3
		HLA-E             5.23%          1394         15
		HLA-F            25.98%          6652          5
		HLA-H             0.13%            34          7
		HLA-K             0.12%            32          8
		HLA-L             0.35%            94          2
		HLA-P             0.13%            68          1
		HLA-Y             0.01%             2          1
--------------------------------------------------------------------------------
[genotype] Genotyping parameters:
		population: prior
		minimum count: 75
		max iterations: 1000
		tolerance: 1e-06
		drop iterations: 4
		drop threshold: 0.1
		zygosity threshold: 0.15
--------------------------------------------------------------------------------
[genotype] Genotyping HLA-A
[genotype] 2856 reads aligned to HLA-A in 166 classes
[genotype] Top 10 alleles by undivided read count:
		allele                  read count	
		A*01:01:01                    1600	
		A*01:01:38                    1600	
		A*01:37                       1600	
		A*01:02                       1564	
		A*01:09                       1554	
		A*01:16N                      1542	
		A*01:128                      1536	
		A*01:14                       1522	
		A*01:04N                      1514	
		A*36:01                       1508	

[genotype] Quantifying allele transcript abundance
[genotype] EM converged after 8 iterations

[genotype] Top alleles by abundance:
		allele                  abundance
		A*02:01:01                 43.06%
		A*01:01:01                 28.47%
		A*01:01:38                 28.47%

[genotype] Pairs by % explained reads:
		allele pair                     explained	
		A*01:01:38, A*02:01:01              98.39%	

[genotype] Checking zygosity
[genotype] Likely heterozygous: minor/major nonshared count 0.76

[genotype] Most likely genotype explaining 2810 reads:
		A*01:01:01
		A*02:01:01
--------------------------------------------------------------------------------
[genotype] Genotyping HLA-B
[genotype] 5482 reads aligned to HLA-B in 227 classes
[genotype] Top 10 alleles by undivided read count:
		allele                  read count	
		B*08:132                      4262	
		B*42:01:01                    4254	
		B*42:02:01                    4236	
		B*08:01:01                    4186	
		B*08:128                      4138	
		B*08:56:02                    4126	
		B*08:26:03                    4110	
		B*08:01:29                    4078	
		B*08:155                      4060	
		B*08:146                      4050	

[genotype] Quantifying allele transcript abundance
[genotype] EM converged after 20 iterations

[genotype] Top alleles by abundance:
		allele                  abundance
		B*08:01:01                 44.10%
		B*07:02:01                 36.58%
		B*42:01:01                 19.32%

[genotype] Pairs by % explained reads:
		allele pair                     explained	
		B*07:02:01, B*08:01:01              98.25%	
		B*07:02:01, B*42:01:01              93.62%	
		B*08:01:01, B*42:01:01              82.23%	

[genotype] Checking zygosity
[genotype] Likely heterozygous: minor/major nonshared count 0.68

[genotype] Most likely genotype explaining 5386 reads:
		B*07:02:01
		B*08:01:01
--------------------------------------------------------------------------------
[genotype] Genotyping HLA-C
[genotype] 1452 reads aligned to HLA-C in 124 classes
[genotype] Top 10 alleles by undivided read count:
		allele                  read count	
		C*07:01:01                    1338	
		C*07:02:01                    1324	
		C*07:01:50                    1310	
		C*07:26:01                    1300	
		C*07:205                      1294	
		C*07:391                      1294	
		C*07:36                       1286	
		C*07:422                      1286	
		C*07:49                       1282	
		C*07:02:73                    1280	

[genotype] Quantifying allele transcript abundance
[genotype] EM converged after 16 iterations

[genotype] Top alleles by abundance:
		allele                  abundance
		C*07:02:01                 46.85%
		C*07:01:01                 42.04%
		C*07:01:50                 11.11%

[genotype] Pairs by % explained reads:
		allele pair                     explained	
		C*07:01:01, C*07:02:01              99.59%	

[genotype] Checking zygosity
[genotype] Likely heterozygous: minor/major nonshared count 0.85

[genotype] Most likely genotype explaining 1446 reads:
		C*07:01:01
		C*07:02:01
--------------------------------------------------------------------------------
[genotype] Genotyping HLA-DPB1
[genotype] Not enough reads aligned to HLA-DPB1 to genotype.
--------------------------------------------------------------------------------
[genotype] Genotyping HLA-DQA1
[genotype] 478 reads aligned to HLA-DQA1 in 34 classes
[genotype] Top 10 alleles by undivided read count:
		allele                  read count	
		DQA1*01:02:01                  256	
		DQA1*01:02:02                  246	
		DQA1*01:02:03                  242	
		DQA1*01:11                     242	
		DQA1*05:01:01                  222	
		DQA1*01:02:04                  220	
		DQA1*05:03                     218	
		DQA1*05:06                     214	
		DQA1*01:01:01                  192	
		DQA1*06:01:01                  182	

[genotype] Quantifying allele transcript abundance
[genotype] EM converged after 9 iterations

[genotype] Top alleles by abundance:
		allele                  abundance
		DQA1*01:02:01              53.52%
		DQA1*05:01:01              46.48%

[genotype] Pairs by % explained reads:
		allele pair                     explained	
		DQA1*05:01:01, DQA1*01:02:01        99.16%	

[genotype] Checking zygosity
[genotype] Likely heterozygous: minor/major nonshared count 0.87

[genotype] Most likely genotype explaining 474 reads:
		DQA1*05:01:01
		DQA1*01:02:01
--------------------------------------------------------------------------------
[genotype] Genotyping HLA-DQB1
[genotype] 140 reads aligned to HLA-DQB1 in 25 classes
[genotype] Top 10 alleles by undivided read count:
		allele                  read count	
		DQB1*06:02:01                   76	
		DQB1*06:02:25                   70	
		DQB1*06:107                     70	
		DQB1*06:112N                    70	
		DQB1*06:115                     70	
		DQB1*06:02:11                   68	
		DQB1*06:03:01                   68	
		DQB1*06:113                     68	
		DQB1*02:01:01                   66	
		DQB1*02:53Q                     66	

[genotype] Quantifying allele transcript abundance
[genotype] EM converged after 22 iterations

[genotype] Top alleles by abundance:
		allele                  abundance
		DQB1*06:02:01              53.53%
		DQB1*02:53Q                46.47%

[genotype] Pairs by % explained reads:
		allele pair                     explained	
		DQB1*02:53Q, DQB1*06:02:01         100.00%	

[genotype] Checking zygosity
[genotype] Likely heterozygous: minor/major nonshared count 0.86

[genotype] Most likely genotype explaining 140 reads:
		DQB1*02:53Q
		DQB1*06:02:01
--------------------------------------------------------------------------------
[genotype] Genotyping HLA-DRB1
[genotype] 878 reads aligned to HLA-DRB1 in 32 classes
[genotype] Top 10 alleles by undivided read count:
		allele                  read count	
		DRB1*03:01:01                  706	
		DRB1*03:07                     676	
		DRB1*03:04:01                  660	
		DRB1*03:06                     652	
		DRB1*03:15                     618	
		DRB1*03:01:02                  614	
		DRB1*13:27                     598	
		DRB1*14:21                     540	
		DRB1*14:17                     534	
		DRB1*13:20                     530	

[genotype] Quantifying allele transcript abundance
[genotype] EM converged after 7 iterations

[genotype] Top alleles by abundance:
		allele                  abundance
		DRB1*03:01:01              80.54%
		DRB1*15:01:01              19.46%

[genotype] Pairs by % explained reads:
		allele pair                     explained	
		DRB1*03:01:01, DRB1*15:01:01        98.41%	

[genotype] Checking zygosity
[genotype] Likely heterozygous: minor/major nonshared count 0.24

[genotype] Most likely genotype explaining 864 reads:
		DRB1*03:01:01
		DRB1*15:01:01
--------------------------------------------------------------------------------

