
--------------------------------------------------------------------------------
[log] Date: 2023-04-23
[log] Sample: 104_chr6
[log] Input file(s): extracted_files/104_chr6.extracted.fq.gz
[log] Reference: c5acf7a4342869351b2382b1cc1d1b5763e7e04e
--------------------------------------------------------------------------------
[alignment] Analyzing read length
[alignment] Pseudoaligning with Kallisto: 

	kallisto pseudo -i /Users/emilyhuntsman/Desktop/MS-S23/CompGen/Project/arcasHLA/scripts/../dat/ref/hla.idx -t 8 -o /tmp/arcas_7db150d1-abfd-4fd0-b66b-826d247fb805/ --single -l 200 -s 20 extracted_files/104_chr6.extracted.fq.gz

	
	[quant] fragment length distribution is truncated gaussian with mean = 200, sd = 20
	[index] k-mer length: 31
	[index] number of targets: 2,049
	[index] number of k-mers: 107,446
	[index] number of equivalence classes: 6,261
	[quant] running in single-end mode
	[quant] will process file 1: extracted_files/104_chr6.extracted.fq.gz
	[quant] finding pseudoalignments for the reads ... done
	[quant] processed 2,272,510 reads, 1,048,302 reads pseudoaligned
	
	
[alignment] Processing pseudoalignment
[alignment] Processed 2272510 reads, 77066 pseudoaligned to HLA reference
[alignment] 65174 reads mapped to a single HLA gene
[alignment] Observed HLA genes:
		gene          abundance    read count    classes
		HLA-A             9.40%          7098        207
		HLA-B            12.50%          9362        353
		HLA-C            13.29%         10060        230
		HLA-DMA           6.84%          3698          2
		HLA-DMB           4.18%          2276          3
		HLA-DOA           0.14%            72          8
		HLA-DOB           0.28%           158          6
		HLA-DPB1          0.01%             6          2
		HLA-DQA1          3.44%          1818         55
		HLA-DQB1          2.74%          1480         65
		HLA-DRA          17.06%          8974          6
		HLA-DRB1          8.32%          4582         71
		HLA-DRB3          0.86%           474          7
		HLA-DRB4          0.00%             2          1
		HLA-DRB5          0.01%             6          1
		HLA-DRB7          0.01%             8          1
		HLA-E             3.55%          2644         14
		HLA-F            16.93%         12114          5
		HLA-H             0.07%            52         11
		HLA-J             0.00%             2          1
		HLA-K             0.08%            62          9
		HLA-L             0.13%           100          2
		HLA-P             0.06%            86          1
		HLA-Y             0.07%            40          5
--------------------------------------------------------------------------------
[genotype] Genotyping parameters:
		population: prior
		minimum count: 75
		max iterations: 1000
		tolerance: 1e-06
		drop iterations: 4
		drop threshold: 0.1
		zygosity threshold: 0.15
--------------------------------------------------------------------------------
[genotype] Genotyping HLA-A
[genotype] 7098 reads aligned to HLA-A in 207 classes
[genotype] Top 10 alleles by undivided read count:
		allele                  read count	
		A*68:02:01                    4260	
		A*68:18N                      4222	
		A*68:140                      4154	
		A*68:71                       4146	
		A*68:01:01                    4132	
		A*68:01:02                    4130	
		A*68:07                       4130	
		A*68:17                       4130	
		A*68:105                      4128	
		A*68:139                      4126	

[genotype] Quantifying allele transcript abundance
[genotype] EM converged after 9 iterations

[genotype] Top alleles by abundance:
		allele                  abundance
		A*68:02:01                 60.40%
		A*03:78                    39.60%

[genotype] Pairs by % explained reads:
		allele pair                     explained	
		A*03:78, A*68:02:01                 98.68%	

[genotype] Checking zygosity
[genotype] Likely heterozygous: minor/major nonshared count 0.66

[genotype] Most likely genotype explaining 7004 reads:
		A*03:78
		A*68:02:01
--------------------------------------------------------------------------------
[genotype] Genotyping HLA-B
[genotype] 9362 reads aligned to HLA-B in 353 classes
[genotype] Top 10 alleles by undivided read count:
		allele                  read count	
		B*81:01                       5260	
		B*35:01:01                    4348	
		B*35:263                      4320	
		B*35:42:01                    4312	
		B*35:07                       4306	
		B*35:313                      4254	
		B*35:286                      4250	
		B*35:228                      4248	
		B*53:01:01                    4242	
		B*35:20:01                    4236	

[genotype] Quantifying allele transcript abundance
[genotype] EM converged after 8 iterations

[genotype] Top alleles by abundance:
		allele                  abundance
		B*81:01                    55.19%
		B*35:01:01                 44.81%

[genotype] Pairs by % explained reads:
		allele pair                     explained	
		B*81:01, B*35:01:01                 98.27%	

[genotype] Checking zygosity
[genotype] Likely heterozygous: minor/major nonshared count 0.81

[genotype] Most likely genotype explaining 9200 reads:
		B*81:01
		B*35:01:01
--------------------------------------------------------------------------------
[genotype] Genotyping HLA-C
[genotype] 10060 reads aligned to HLA-C in 230 classes
[genotype] Top 10 alleles by undivided read count:
		allele                  read count	
		C*04:01:01                    8390	
		C*04:145                      8376	
		C*04:198                      8374	
		C*04:71                       8368	
		C*04:42:01                    8360	
		C*04:200                      8340	
		C*04:42:02                    8340	
		C*04:199                      8332	
		C*04:187                      8314	
		C*04:70                       8262	

[genotype] Quantifying allele transcript abundance
[genotype] EM converged after 10 iterations

[genotype] Top alleles by abundance:
		allele                  abundance
		C*04:01:01                 54.76%
		C*18:01                    45.24%

[genotype] Pairs by % explained reads:
		allele pair                     explained	
		C*18:01, C*04:01:01                 99.07%	

[genotype] Checking zygosity
[genotype] Likely heterozygous: minor/major nonshared count 0.83

[genotype] Most likely genotype explaining 9966 reads:
		C*18:01
		C*04:01:01
--------------------------------------------------------------------------------
[genotype] Genotyping HLA-DPB1
[genotype] Not enough reads aligned to HLA-DPB1 to genotype.
--------------------------------------------------------------------------------
[genotype] Genotyping HLA-DQA1
[genotype] 1818 reads aligned to HLA-DQA1 in 55 classes
[genotype] Top 10 alleles by undivided read count:
		allele                  read count	
		DQA1*01:01:01                 1122	
		DQA1*01:05:01                 1112	
		DQA1*01:05:02                 1112	
		DQA1*05:05:01                  930	
		DQA1*05:09                     926	
		DQA1*05:08                     838	
		DQA1*01:01:02                  724	
		DQA1*01:04:01                  718	
		DQA1*01:01:03                  714	
		DQA1*01:07Q                    700	

[genotype] Quantifying allele transcript abundance
[genotype] EM converged after 10 iterations

[genotype] Top alleles by abundance:
		allele                  abundance
		DQA1*01:01:01              56.06%
		DQA1*05:05:01              43.94%

[genotype] Pairs by % explained reads:
		allele pair                     explained	
		DQA1*01:01:01, DQA1*05:05:01        99.23%	

[genotype] Checking zygosity
[genotype] Likely heterozygous: minor/major nonshared count 0.78

[genotype] Most likely genotype explaining 1804 reads:
		DQA1*01:01:01
		DQA1*05:05:01
--------------------------------------------------------------------------------
[genotype] Genotyping HLA-DQB1
[genotype] 1480 reads aligned to HLA-DQB1 in 65 classes
[genotype] Top 10 alleles by undivided read count:
		allele                  read count	
		DQB1*05:01:01                  784	
		DQB1*05:45                     702	
		DQB1*05:02:01                  692	
		DQB1*05:102                    688	
		DQB1*05:02:08                  686	
		DQB1*05:56                     644	
		DQB1*05:46                     642	
		DQB1*05:57                     624	
		DQB1*03:01:01                  596	
		DQB1*03:92                     592	

[genotype] Quantifying allele transcript abundance
[genotype] EM converged after 9 iterations

[genotype] Top alleles by abundance:
		allele                  abundance
		DQB1*05:01:01              56.95%
		DQB1*03:01:01              43.05%

[genotype] Pairs by % explained reads:
		allele pair                     explained	
		DQB1*05:01:01, DQB1*03:01:01        92.30%	

[genotype] Checking zygosity
[genotype] Likely heterozygous: minor/major nonshared count 0.76

[genotype] Most likely genotype explaining 1366 reads:
		DQB1*05:01:01
		DQB1*03:01:01
--------------------------------------------------------------------------------
[genotype] Genotyping HLA-DRB1
[genotype] 4582 reads aligned to HLA-DRB1 in 71 classes
[genotype] Top 10 alleles by undivided read count:
		allele                  read count	
		DRB1*11:02:01                 2942	
		DRB1*13:04                    2886	
		DRB1*13:17                    2884	
		DRB1*11:03:01                 2874	
		DRB1*11:04:01                 2870	
		DRB1*13:11:01                 2868	
		DRB1*11:14:01                 2852	
		DRB1*13:01:01                 2850	
		DRB1*11:21                    2848	
		DRB1*14:06:01                 2848	

[genotype] Quantifying allele transcript abundance
[genotype] EM converged after 7 iterations

[genotype] Top alleles by abundance:
		allele                  abundance
		DRB1*11:02:01              64.87%
		DRB1*01:01:01              35.13%

[genotype] Pairs by % explained reads:
		allele pair                     explained	
		DRB1*11:02:01, DRB1*01:01:01        98.91%	

[genotype] Checking zygosity
[genotype] Likely heterozygous: minor/major nonshared count 0.54

[genotype] Most likely genotype explaining 4532 reads:
		DRB1*11:02:01
		DRB1*01:01:01
--------------------------------------------------------------------------------

